2020-10-15 00:34:38,903 - ===> loading train and dev dataset
2020-10-15 00:34:38,906 - ===> loading eval dataset
2020-10-15 00:34:38,913 - ### Model summary below###
 AttenResNet4(
  (pre): Sequential(
    (0): Conv2d(1, 16, kernel_size=(3, 3), stride=(1, 1), padding=(1, 1))
    (1): BatchNorm2d(16, eps=1e-05, momentum=0.1, affine=True, track_running_stats=True)
    (2): ReLU(inplace=True)
    (3): Conv2d(16, 16, kernel_size=(3, 3), stride=(1, 1), padding=(1, 1))
    (4): BatchNorm2d(16, eps=1e-05, momentum=0.1, affine=True, track_running_stats=True)
    (5): ReLU(inplace=True)
  )
  (down1): MaxPool2d(kernel_size=3, stride=(1, 1), padding=0, dilation=1, ceil_mode=False)
  (att1): Sequential(
    (0): Conv2d(16, 16, kernel_size=(3, 3), stride=(1, 1), padding=(1, 1), dilation=(4, 8))
    (1): BatchNorm2d(16, eps=1e-05, momentum=0.1, affine=True, track_running_stats=True)
    (2): ReLU(inplace=True)
  )
  (skip1): Sequential(
    (0): Conv2d(16, 16, kernel_size=(3, 3), stride=(1, 1), padding=(1, 1))
    (1): BatchNorm2d(16, eps=1e-05, momentum=0.1, affine=True, track_running_stats=True)
    (2): ReLU(inplace=True)
  )
  (down2): MaxPool2d(kernel_size=3, stride=(1, 1), padding=0, dilation=1, ceil_mode=False)
  (att2): Sequential(
    (0): Conv2d(16, 16, kernel_size=(3, 3), stride=(1, 1), padding=(1, 1), dilation=(8, 16))
    (1): BatchNorm2d(16, eps=1e-05, momentum=0.1, affine=True, track_running_stats=True)
    (2): ReLU(inplace=True)
  )
  (skip2): Sequential(
    (0): Conv2d(16, 16, kernel_size=(3, 3), stride=(1, 1), padding=(1, 1))
    (1): BatchNorm2d(16, eps=1e-05, momentum=0.1, affine=True, track_running_stats=True)
    (2): ReLU(inplace=True)
  )
  (down3): MaxPool2d(kernel_size=3, stride=(1, 1), padding=0, dilation=1, ceil_mode=False)
  (att3): Sequential(
    (0): Conv2d(16, 16, kernel_size=(3, 3), stride=(1, 1), padding=(1, 1), dilation=(16, 32))
    (1): BatchNorm2d(16, eps=1e-05, momentum=0.1, affine=True, track_running_stats=True)
    (2): ReLU(inplace=True)
  )
  (skip3): Sequential(
    (0): Conv2d(16, 16, kernel_size=(3, 3), stride=(1, 1), padding=(1, 1))
    (1): BatchNorm2d(16, eps=1e-05, momentum=0.1, affine=True, track_running_stats=True)
    (2): ReLU(inplace=True)
  )
  (down4): MaxPool2d(kernel_size=3, stride=(1, 1), padding=0, dilation=1, ceil_mode=False)
  (att4): Sequential(
    (0): Conv2d(16, 16, kernel_size=(3, 3), stride=(1, 1), padding=(1, 1), dilation=(32, 64))
    (1): BatchNorm2d(16, eps=1e-05, momentum=0.1, affine=True, track_running_stats=True)
    (2): ReLU(inplace=True)
  )
  (skip4): Sequential(
    (0): Conv2d(16, 16, kernel_size=(3, 3), stride=(1, 1), padding=(1, 1))
    (1): BatchNorm2d(16, eps=1e-05, momentum=0.1, affine=True, track_running_stats=True)
    (2): ReLU(inplace=True)
  )
  (down5): MaxPool2d(kernel_size=3, stride=(1, 2), padding=0, dilation=1, ceil_mode=False)
  (att5): Sequential(
    (0): Conv2d(16, 16, kernel_size=(3, 3), stride=(1, 1), padding=(1, 1), dilation=(64, 128))
    (1): BatchNorm2d(16, eps=1e-05, momentum=0.1, affine=True, track_running_stats=True)
    (2): ReLU(inplace=True)
    (3): Conv2d(16, 16, kernel_size=(3, 3), stride=(1, 1), padding=(1, 1))
    (4): BatchNorm2d(16, eps=1e-05, momentum=0.1, affine=True, track_running_stats=True)
    (5): ReLU(inplace=True)
  )
  (up5): UpsamplingBilinear2d(size=(137, 851), mode=bilinear)
  (att6): Sequential(
    (0): Conv2d(16, 16, kernel_size=(3, 3), stride=(1, 1), padding=(1, 1))
    (1): BatchNorm2d(16, eps=1e-05, momentum=0.1, affine=True, track_running_stats=True)
    (2): ReLU(inplace=True)
  )
  (up4): UpsamplingBilinear2d(size=(201, 979), mode=bilinear)
  (att7): Sequential(
    (0): Conv2d(16, 16, kernel_size=(3, 3), stride=(1, 1), padding=(1, 1))
    (1): BatchNorm2d(16, eps=1e-05, momentum=0.1, affine=True, track_running_stats=True)
    (2): ReLU(inplace=True)
  )
  (up3): UpsamplingBilinear2d(size=(233, 1043), mode=bilinear)
  (att8): Sequential(
    (0): Conv2d(16, 16, kernel_size=(3, 3), stride=(1, 1), padding=(1, 1))
    (1): BatchNorm2d(16, eps=1e-05, momentum=0.1, affine=True, track_running_stats=True)
    (2): ReLU(inplace=True)
  )
  (up2): UpsamplingBilinear2d(size=(249, 1075), mode=bilinear)
  (att9): Sequential(
    (0): Conv2d(16, 16, kernel_size=(3, 3), stride=(1, 1), padding=(1, 1))
    (1): BatchNorm2d(16, eps=1e-05, momentum=0.1, affine=True, track_running_stats=True)
    (2): ReLU(inplace=True)
  )
  (up1): UpsamplingBilinear2d(size=(257, 1091), mode=bilinear)
  (conv1): Sequential(
    (0): BatchNorm2d(16, eps=1e-05, momentum=0.1, affine=True, track_running_stats=True)
    (1): ReLU(inplace=True)
    (2): Conv2d(16, 4, kernel_size=(1, 1), stride=(1, 1))
    (3): BatchNorm2d(4, eps=1e-05, momentum=0.1, affine=True, track_running_stats=True)
    (4): ReLU(inplace=True)
    (5): Conv2d(4, 1, kernel_size=(1, 1), stride=(1, 1))
  )
  (soft): Sigmoid()
  (cnn1): Conv2d(1, 16, kernel_size=(3, 3), stride=(1, 1), padding=(1, 1))
  (bn1): BatchNorm2d(16, eps=1e-05, momentum=0.1, affine=True, track_running_stats=True)
  (re1): ReLU(inplace=True)
  (cnn2): Conv2d(16, 16, kernel_size=(3, 3), stride=(1, 1), padding=(1, 1))
  (bn2): BatchNorm2d(16, eps=1e-05, momentum=0.1, affine=True, track_running_stats=True)
  (re2): ReLU(inplace=True)
  (cnn3): Conv2d(16, 16, kernel_size=(3, 3), stride=(1, 1), padding=(1, 1))
  (mp1): MaxPool2d(kernel_size=(1, 2), stride=(1, 2), padding=0, dilation=1, ceil_mode=False)
  (cnn4): Conv2d(16, 32, kernel_size=(3, 3), stride=(1, 1), dilation=(2, 2))
  (bn3): BatchNorm2d(32, eps=1e-05, momentum=0.1, affine=True, track_running_stats=True)
  (re3): ReLU(inplace=True)
  (cnn5): Conv2d(32, 32, kernel_size=(3, 3), stride=(1, 1), padding=(1, 1))
  (bn4): BatchNorm2d(32, eps=1e-05, momentum=0.1, affine=True, track_running_stats=True)
  (re4): ReLU(inplace=True)
  (cnn6): Conv2d(32, 32, kernel_size=(3, 3), stride=(1, 1), padding=(1, 1))
  (mp2): MaxPool2d(kernel_size=(1, 2), stride=(1, 2), padding=0, dilation=1, ceil_mode=False)
  (cnn7): Conv2d(32, 32, kernel_size=(3, 3), stride=(1, 1), dilation=(4, 4))
  (bn5): BatchNorm2d(32, eps=1e-05, momentum=0.1, affine=True, track_running_stats=True)
  (re5): ReLU(inplace=True)
  (cnn8): Conv2d(32, 32, kernel_size=(3, 3), stride=(1, 1), padding=(1, 1))
  (bn6): BatchNorm2d(32, eps=1e-05, momentum=0.1, affine=True, track_running_stats=True)
  (re6): ReLU(inplace=True)
  (cnn9): Conv2d(32, 32, kernel_size=(3, 3), stride=(1, 1), padding=(1, 1))
  (mp3): MaxPool2d(kernel_size=(2, 2), stride=(2, 2), padding=0, dilation=1, ceil_mode=False)
  (cnn10): Conv2d(32, 32, kernel_size=(3, 3), stride=(1, 1), dilation=(4, 4))
  (bn12): BatchNorm2d(32, eps=1e-05, momentum=0.1, affine=True, track_running_stats=True)
  (re12): ReLU(inplace=True)
  (cnn11): Conv2d(32, 32, kernel_size=(3, 3), stride=(1, 1), padding=(1, 1))
  (bn13): BatchNorm2d(32, eps=1e-05, momentum=0.1, affine=True, track_running_stats=True)
  (re13): ReLU(inplace=True)
  (cnn12): Conv2d(32, 32, kernel_size=(3, 3), stride=(1, 1), padding=(1, 1))
  (mp4): MaxPool2d(kernel_size=(2, 2), stride=(2, 2), padding=0, dilation=1, ceil_mode=False)
  (cnn13): Conv2d(32, 32, kernel_size=(3, 3), stride=(1, 1), dilation=(8, 8))
  (bn14): BatchNorm2d(32, eps=1e-05, momentum=0.1, affine=True, track_running_stats=True)
  (re14): ReLU(inplace=True)
  (cnn14): Conv2d(32, 32, kernel_size=(3, 3), stride=(1, 1), padding=(1, 1))
  (bn15): BatchNorm2d(32, eps=1e-05, momentum=0.1, affine=True, track_running_stats=True)
  (re15): ReLU(inplace=True)
  (cnn15): Conv2d(32, 32, kernel_size=(3, 3), stride=(1, 1), padding=(1, 1))
  (mp5): MaxPool2d(kernel_size=(2, 2), stride=(2, 2), padding=0, dilation=1, ceil_mode=False)
  (cnn16): Conv2d(32, 32, kernel_size=(3, 3), stride=(1, 1), dilation=(8, 8))
  (ln1): Linear(in_features=768, out_features=32, bias=True)
  (bn7): BatchNorm1d(32, eps=1e-05, momentum=0.1, affine=True, track_running_stats=True)
  (re7): ReLU(inplace=True)
  (ln2): Linear(in_features=32, out_features=32, bias=True)
  (bn8): BatchNorm1d(32, eps=1e-05, momentum=0.1, affine=True, track_running_stats=True)
  (re8): ReLU(inplace=True)
  (ln3): Linear(in_features=32, out_features=32, bias=True)
  (bn9): BatchNorm1d(32, eps=1e-05, momentum=0.1, affine=True, track_running_stats=True)
  (re9): ReLU(inplace=True)
  (ln4): Linear(in_features=32, out_features=32, bias=True)
  (bn10): BatchNorm1d(32, eps=1e-05, momentum=0.1, affine=True, track_running_stats=True)
  (re10): ReLU(inplace=True)
  (ln5): Linear(in_features=32, out_features=32, bias=True)
  (bn11): BatchNorm1d(32, eps=1e-05, momentum=0.1, affine=True, track_running_stats=True)
  (re11): ReLU(inplace=True)
  (ln6): Linear(in_features=32, out_features=1, bias=True)
  (sigmoid): Sigmoid()
)

2020-10-15 00:34:38,913 - ===> Model total parameter: 185762

2020-10-15 00:34:39,539 - Train Epoch: 1 [0/3014 (0%)]	Loss: 0.670417
2020-10-15 00:34:59,387 - Train Epoch: 1 [200/3014 (7%)]	Loss: 0.866515
2020-10-15 00:35:19,372 - Train Epoch: 1 [400/3014 (13%)]	Loss: 0.809555
2020-10-15 00:35:39,441 - Train Epoch: 1 [600/3014 (20%)]	Loss: 0.412970
2020-10-15 00:35:59,582 - Train Epoch: 1 [800/3014 (27%)]	Loss: 0.371154
2020-10-15 00:36:19,781 - Train Epoch: 1 [1000/3014 (33%)]	Loss: 0.267108
2020-10-15 00:36:40,016 - Train Epoch: 1 [1200/3014 (40%)]	Loss: 0.229720
2020-10-15 00:37:00,272 - Train Epoch: 1 [1400/3014 (46%)]	Loss: 0.415010
2020-10-15 00:37:20,553 - Train Epoch: 1 [1600/3014 (53%)]	Loss: 0.283155
2020-10-15 00:37:40,840 - Train Epoch: 1 [1800/3014 (60%)]	Loss: 0.278680
2020-10-15 00:38:01,151 - Train Epoch: 1 [2000/3014 (66%)]	Loss: 0.845760
2020-10-15 00:38:21,475 - Train Epoch: 1 [2200/3014 (73%)]	Loss: 0.257482
2020-10-15 00:38:41,808 - Train Epoch: 1 [2400/3014 (80%)]	Loss: 0.232827
2020-10-15 00:39:02,153 - Train Epoch: 1 [2600/3014 (86%)]	Loss: 0.092392
2020-10-15 00:39:22,497 - Train Epoch: 1 [2800/3014 (93%)]	Loss: 0.182692
2020-10-15 00:39:42,853 - Train Epoch: 1 [3000/3014 (99%)]	Loss: 0.308088
2020-10-15 00:39:43,889 - Starting Validation
2020-10-15 00:40:10,457 - ===> Validation set: Average loss: 0.3471	EER: 12.7632

2020-10-15 00:40:10,480 - Snapshot saved to snapshots/attention/attention-2020-10-15_00_34_37-model_best.pth

2020-10-15 00:40:10,480 - #### End epoch 1/100, elapsed time: 331.5674611229988
2020-10-15 00:40:10,886 - Train Epoch: 2 [0/3014 (0%)]	Loss: 0.146701
2020-10-15 00:40:31,229 - Train Epoch: 2 [200/3014 (7%)]	Loss: 0.258794
2020-10-15 00:40:51,564 - Train Epoch: 2 [400/3014 (13%)]	Loss: 0.079684
2020-10-15 00:41:11,896 - Train Epoch: 2 [600/3014 (20%)]	Loss: 0.239537
2020-10-15 00:41:32,219 - Train Epoch: 2 [800/3014 (27%)]	Loss: 0.188090
2020-10-15 00:41:52,544 - Train Epoch: 2 [1000/3014 (33%)]	Loss: 0.099079
2020-10-15 00:42:12,861 - Train Epoch: 2 [1200/3014 (40%)]	Loss: 1.104642
2020-10-15 00:42:33,181 - Train Epoch: 2 [1400/3014 (46%)]	Loss: 0.272518
2020-10-15 00:42:53,498 - Train Epoch: 2 [1600/3014 (53%)]	Loss: 0.286092
2020-10-15 00:43:13,820 - Train Epoch: 2 [1800/3014 (60%)]	Loss: 0.165303
2020-10-15 00:43:34,138 - Train Epoch: 2 [2000/3014 (66%)]	Loss: 0.260819
2020-10-15 00:43:54,445 - Train Epoch: 2 [2200/3014 (73%)]	Loss: 0.875454
2020-10-15 00:44:14,751 - Train Epoch: 2 [2400/3014 (80%)]	Loss: 0.213839
2020-10-15 00:44:35,060 - Train Epoch: 2 [2600/3014 (86%)]	Loss: 1.261235
2020-10-15 00:44:55,370 - Train Epoch: 2 [2800/3014 (93%)]	Loss: 0.928351
2020-10-15 00:45:15,678 - Train Epoch: 2 [3000/3014 (99%)]	Loss: 0.161397
2020-10-15 00:45:16,711 - Starting Validation
2020-10-15 00:45:43,244 - ===> Validation set: Average loss: 0.2772	EER: 9.7895

2020-10-15 00:45:43,267 - Snapshot saved to snapshots/attention/attention-2020-10-15_00_34_37-model_best.pth

2020-10-15 00:45:43,267 - #### End epoch 2/100, elapsed time: 332.78673158600213
2020-10-15 00:45:43,672 - Train Epoch: 3 [0/3014 (0%)]	Loss: 0.151591
2020-10-15 00:46:03,965 - Train Epoch: 3 [200/3014 (7%)]	Loss: 0.137185
2020-10-15 00:46:24,268 - Train Epoch: 3 [400/3014 (13%)]	Loss: 0.732962
2020-10-15 00:46:44,571 - Train Epoch: 3 [600/3014 (20%)]	Loss: 0.094723
2020-10-15 00:47:04,872 - Train Epoch: 3 [800/3014 (27%)]	Loss: 0.094625
2020-10-15 00:47:25,174 - Train Epoch: 3 [1000/3014 (33%)]	Loss: 0.137229
2020-10-15 00:47:45,484 - Train Epoch: 3 [1200/3014 (40%)]	Loss: 0.090722
2020-10-15 00:48:05,785 - Train Epoch: 3 [1400/3014 (46%)]	Loss: 0.358125
2020-10-15 00:48:26,088 - Train Epoch: 3 [1600/3014 (53%)]	Loss: 0.097575
2020-10-15 00:48:46,395 - Train Epoch: 3 [1800/3014 (60%)]	Loss: 0.034060
2020-10-15 00:49:06,706 - Train Epoch: 3 [2000/3014 (66%)]	Loss: 0.210004
2020-10-15 00:49:27,012 - Train Epoch: 3 [2200/3014 (73%)]	Loss: 0.273619
2020-10-15 00:49:47,324 - Train Epoch: 3 [2400/3014 (80%)]	Loss: 0.300459
2020-10-15 00:50:07,634 - Train Epoch: 3 [2600/3014 (86%)]	Loss: 0.331074
2020-10-15 00:50:27,940 - Train Epoch: 3 [2800/3014 (93%)]	Loss: 1.160222
2020-10-15 00:50:48,257 - Train Epoch: 3 [3000/3014 (99%)]	Loss: 0.995232
2020-10-15 00:50:49,292 - Starting Validation
2020-10-15 00:51:15,835 - ===> Validation set: Average loss: 0.2640	EER: 8.9292

2020-10-15 00:51:15,858 - Snapshot saved to snapshots/attention/attention-2020-10-15_00_34_37-model_best.pth

2020-10-15 00:51:15,858 - #### End epoch 3/100, elapsed time: 332.59071959500216
2020-10-15 00:51:16,263 - Train Epoch: 4 [0/3014 (0%)]	Loss: 0.025393
2020-10-15 00:51:36,568 - Train Epoch: 4 [200/3014 (7%)]	Loss: 0.027767
2020-10-15 00:51:56,885 - Train Epoch: 4 [400/3014 (13%)]	Loss: 0.141466
2020-10-15 00:52:17,194 - Train Epoch: 4 [600/3014 (20%)]	Loss: 0.497544
2020-10-15 00:52:37,493 - Train Epoch: 4 [800/3014 (27%)]	Loss: 0.121469
2020-10-15 00:52:57,795 - Train Epoch: 4 [1000/3014 (33%)]	Loss: 1.378667
2020-10-15 00:53:18,102 - Train Epoch: 4 [1200/3014 (40%)]	Loss: 0.195491
2020-10-15 00:53:38,410 - Train Epoch: 4 [1400/3014 (46%)]	Loss: 0.127329
2020-10-15 00:53:58,720 - Train Epoch: 4 [1600/3014 (53%)]	Loss: 0.037766
2020-10-15 00:54:19,037 - Train Epoch: 4 [1800/3014 (60%)]	Loss: 0.105911
2020-10-15 00:54:39,358 - Train Epoch: 4 [2000/3014 (66%)]	Loss: 0.155353
2020-10-15 00:54:59,670 - Train Epoch: 4 [2200/3014 (73%)]	Loss: 0.334522
2020-10-15 00:55:19,981 - Train Epoch: 4 [2400/3014 (80%)]	Loss: 0.123474
2020-10-15 00:55:40,291 - Train Epoch: 4 [2600/3014 (86%)]	Loss: 0.473992
2020-10-15 00:56:00,604 - Train Epoch: 4 [2800/3014 (93%)]	Loss: 0.032740
2020-10-15 00:56:20,912 - Train Epoch: 4 [3000/3014 (99%)]	Loss: 0.089967
2020-10-15 00:56:21,947 - Starting Validation
2020-10-15 00:56:48,496 - ===> Validation set: Average loss: 0.2486	EER: 8.9474

2020-10-15 00:56:48,498 - #### End epoch 4/100, elapsed time: 332.64017720300035
2020-10-15 00:56:48,903 - Train Epoch: 5 [0/3014 (0%)]	Loss: 0.020342
2020-10-15 00:57:09,216 - Train Epoch: 5 [200/3014 (7%)]	Loss: 0.027792
2020-10-15 00:57:29,533 - Train Epoch: 5 [400/3014 (13%)]	Loss: 0.071267
2020-10-15 00:57:49,852 - Train Epoch: 5 [600/3014 (20%)]	Loss: 0.040419
2020-10-15 00:58:10,169 - Train Epoch: 5 [800/3014 (27%)]	Loss: 0.081052
2020-10-15 00:58:30,485 - Train Epoch: 5 [1000/3014 (33%)]	Loss: 0.180680
2020-10-15 00:58:50,800 - Train Epoch: 5 [1200/3014 (40%)]	Loss: 0.621278
2020-10-15 00:59:11,112 - Train Epoch: 5 [1400/3014 (46%)]	Loss: 0.171094
2020-10-15 00:59:31,431 - Train Epoch: 5 [1600/3014 (53%)]	Loss: 0.031516
2020-10-15 00:59:51,748 - Train Epoch: 5 [1800/3014 (60%)]	Loss: 0.018573
2020-10-15 01:00:12,062 - Train Epoch: 5 [2000/3014 (66%)]	Loss: 0.145967
2020-10-15 01:00:32,374 - Train Epoch: 5 [2200/3014 (73%)]	Loss: 0.162512
2020-10-15 01:00:52,683 - Train Epoch: 5 [2400/3014 (80%)]	Loss: 1.439726
2020-10-15 01:01:12,995 - Train Epoch: 5 [2600/3014 (86%)]	Loss: 0.979196
2020-10-15 01:01:33,305 - Train Epoch: 5 [2800/3014 (93%)]	Loss: 1.189582
2020-10-15 01:01:53,621 - Train Epoch: 5 [3000/3014 (99%)]	Loss: 0.095573
2020-10-15 01:01:54,654 - Starting Validation
2020-10-15 01:02:21,191 - ===> Validation set: Average loss: 0.2734	EER: 10.5263

2020-10-15 01:02:21,192 - #### End epoch 5/100, elapsed time: 332.6940797239986
2020-10-15 01:02:21,598 - Train Epoch: 6 [0/3014 (0%)]	Loss: 0.276399
2020-10-15 01:02:41,903 - Train Epoch: 6 [200/3014 (7%)]	Loss: 0.034181
2020-10-15 01:03:02,213 - Train Epoch: 6 [400/3014 (13%)]	Loss: 0.028259
2020-10-15 01:03:22,529 - Train Epoch: 6 [600/3014 (20%)]	Loss: 0.108243
2020-10-15 01:03:42,843 - Train Epoch: 6 [800/3014 (27%)]	Loss: 0.047294
2020-10-15 01:04:03,162 - Train Epoch: 6 [1000/3014 (33%)]	Loss: 0.390804
2020-10-15 01:04:23,482 - Train Epoch: 6 [1200/3014 (40%)]	Loss: 0.068312
2020-10-15 01:04:43,798 - Train Epoch: 6 [1400/3014 (46%)]	Loss: 0.161170
2020-10-15 01:05:04,117 - Train Epoch: 6 [1600/3014 (53%)]	Loss: 0.021325
2020-10-15 01:05:24,432 - Train Epoch: 6 [1800/3014 (60%)]	Loss: 0.244987
2020-10-15 01:05:44,754 - Train Epoch: 6 [2000/3014 (66%)]	Loss: 0.088294
2020-10-15 01:06:05,068 - Train Epoch: 6 [2200/3014 (73%)]	Loss: 0.014786
2020-10-15 01:06:25,388 - Train Epoch: 6 [2400/3014 (80%)]	Loss: 0.186738
2020-10-15 01:06:45,706 - Train Epoch: 6 [2600/3014 (86%)]	Loss: 0.150844
2020-10-15 01:07:06,021 - Train Epoch: 6 [2800/3014 (93%)]	Loss: 0.068483
2020-10-15 01:07:26,343 - Train Epoch: 6 [3000/3014 (99%)]	Loss: 0.088407
2020-10-15 01:07:27,379 - Starting Validation
2020-10-15 01:07:53,945 - ===> Validation set: Average loss: 0.3536	EER: 12.2368

2020-10-15 01:07:53,946 - #### End epoch 6/100, elapsed time: 332.7541154970022
2020-10-15 01:07:54,366 - Train Epoch: 7 [0/3014 (0%)]	Loss: 0.021257
2020-10-15 01:08:14,686 - Train Epoch: 7 [200/3014 (7%)]	Loss: 0.016720
2020-10-15 01:08:35,002 - Train Epoch: 7 [400/3014 (13%)]	Loss: 0.272063
2020-10-15 01:08:55,319 - Train Epoch: 7 [600/3014 (20%)]	Loss: 0.076596
2020-10-15 01:09:15,636 - Train Epoch: 7 [800/3014 (27%)]	Loss: 0.075229
2020-10-15 01:09:35,950 - Train Epoch: 7 [1000/3014 (33%)]	Loss: 0.200306
2020-10-15 01:09:56,264 - Train Epoch: 7 [1200/3014 (40%)]	Loss: 0.688193
2020-10-15 01:10:16,579 - Train Epoch: 7 [1400/3014 (46%)]	Loss: 0.042564
2020-10-15 01:10:36,900 - Train Epoch: 7 [1600/3014 (53%)]	Loss: 0.054128
2020-10-15 01:10:57,217 - Train Epoch: 7 [1800/3014 (60%)]	Loss: 0.113510
2020-10-15 01:11:17,529 - Train Epoch: 7 [2000/3014 (66%)]	Loss: 0.016078
2020-10-15 01:11:37,837 - Train Epoch: 7 [2200/3014 (73%)]	Loss: 0.047290
2020-10-15 01:11:58,147 - Train Epoch: 7 [2400/3014 (80%)]	Loss: 1.363348
2020-10-15 01:12:18,452 - Train Epoch: 7 [2600/3014 (86%)]	Loss: 0.069220
2020-10-15 01:12:38,765 - Train Epoch: 7 [2800/3014 (93%)]	Loss: 0.066952
2020-10-15 01:12:59,091 - Train Epoch: 7 [3000/3014 (99%)]	Loss: 0.030834
2020-10-15 01:13:00,126 - Starting Validation
2020-10-15 01:13:26,669 - ===> Validation set: Average loss: 0.2505	EER: 9.8684

2020-10-15 01:13:26,670 - #### End epoch 7/100, elapsed time: 332.71154900099646
2020-10-15 01:13:27,077 - Train Epoch: 8 [0/3014 (0%)]	Loss: 0.019160
2020-10-15 01:13:47,387 - Train Epoch: 8 [200/3014 (7%)]	Loss: 0.049287
2020-10-15 01:14:07,698 - Train Epoch: 8 [400/3014 (13%)]	Loss: 0.056080
2020-10-15 01:14:28,013 - Train Epoch: 8 [600/3014 (20%)]	Loss: 0.119602
2020-10-15 01:14:48,328 - Train Epoch: 8 [800/3014 (27%)]	Loss: 0.051192
2020-10-15 01:15:08,640 - Train Epoch: 8 [1000/3014 (33%)]	Loss: 0.064132
2020-10-15 01:15:28,948 - Train Epoch: 8 [1200/3014 (40%)]	Loss: 0.034733
2020-10-15 01:15:49,260 - Train Epoch: 8 [1400/3014 (46%)]	Loss: 0.039643
2020-10-15 01:16:09,574 - Train Epoch: 8 [1600/3014 (53%)]	Loss: 1.043371
2020-10-15 01:16:29,885 - Train Epoch: 8 [1800/3014 (60%)]	Loss: 0.196998
2020-10-15 01:16:50,199 - Train Epoch: 8 [2000/3014 (66%)]	Loss: 0.060865
2020-10-15 01:17:10,512 - Train Epoch: 8 [2200/3014 (73%)]	Loss: 0.775481
2020-10-15 01:17:30,828 - Train Epoch: 8 [2400/3014 (80%)]	Loss: 0.073921
2020-10-15 01:17:51,139 - Train Epoch: 8 [2600/3014 (86%)]	Loss: 0.118699
2020-10-15 01:18:11,450 - Train Epoch: 8 [2800/3014 (93%)]	Loss: 0.179289
2020-10-15 01:18:31,773 - Train Epoch: 8 [3000/3014 (99%)]	Loss: 2.226608
2020-10-15 01:18:32,808 - Starting Validation
2020-10-15 01:18:59,338 - ===> Validation set: Average loss: 0.3289	EER: 8.6316

2020-10-15 01:18:59,361 - Snapshot saved to snapshots/attention/attention-2020-10-15_00_34_37-model_best.pth

2020-10-15 01:18:59,362 - #### End epoch 8/100, elapsed time: 332.69117841000116
2020-10-15 01:18:59,767 - Train Epoch: 9 [0/3014 (0%)]	Loss: 0.010576
2020-10-15 01:19:20,069 - Train Epoch: 9 [200/3014 (7%)]	Loss: 0.156019
2020-10-15 01:19:40,373 - Train Epoch: 9 [400/3014 (13%)]	Loss: 0.084207
2020-10-15 01:20:00,687 - Train Epoch: 9 [600/3014 (20%)]	Loss: 0.007816
2020-10-15 01:20:21,003 - Train Epoch: 9 [800/3014 (27%)]	Loss: 0.010315
2020-10-15 01:20:41,317 - Train Epoch: 9 [1000/3014 (33%)]	Loss: 0.048696
2020-10-15 01:21:01,628 - Train Epoch: 9 [1200/3014 (40%)]	Loss: 0.034646
2020-10-15 01:21:21,936 - Train Epoch: 9 [1400/3014 (46%)]	Loss: 0.027201
2020-10-15 01:21:42,242 - Train Epoch: 9 [1600/3014 (53%)]	Loss: 0.072028
2020-10-15 01:22:02,546 - Train Epoch: 9 [1800/3014 (60%)]	Loss: 0.079006
2020-10-15 01:22:22,843 - Train Epoch: 9 [2000/3014 (66%)]	Loss: 0.581027
2020-10-15 01:22:43,141 - Train Epoch: 9 [2200/3014 (73%)]	Loss: 0.015821
2020-10-15 01:23:03,460 - Train Epoch: 9 [2400/3014 (80%)]	Loss: 0.006613
2020-10-15 01:23:23,761 - Train Epoch: 9 [2600/3014 (86%)]	Loss: 0.052752
2020-10-15 01:23:44,070 - Train Epoch: 9 [2800/3014 (93%)]	Loss: 0.006574
2020-10-15 01:24:04,397 - Train Epoch: 9 [3000/3014 (99%)]	Loss: 0.033036
2020-10-15 01:24:05,431 - Starting Validation
2020-10-15 01:24:31,972 - ===> Validation set: Average loss: 0.2668	EER: 8.9850

2020-10-15 01:24:31,973 - #### End epoch 9/100, elapsed time: 332.6118015799948
2020-10-15 01:24:32,379 - Train Epoch: 10 [0/3014 (0%)]	Loss: 0.009274
2020-10-15 01:24:52,675 - Train Epoch: 10 [200/3014 (7%)]	Loss: 0.061466
2020-10-15 01:25:12,979 - Train Epoch: 10 [400/3014 (13%)]	Loss: 0.327688
2020-10-15 01:25:33,290 - Train Epoch: 10 [600/3014 (20%)]	Loss: 0.004132
2020-10-15 01:25:53,602 - Train Epoch: 10 [800/3014 (27%)]	Loss: 0.703408
2020-10-15 01:26:13,919 - Train Epoch: 10 [1000/3014 (33%)]	Loss: 0.004251
2020-10-15 01:26:34,240 - Train Epoch: 10 [1200/3014 (40%)]	Loss: 0.006713
2020-10-15 01:26:54,551 - Train Epoch: 10 [1400/3014 (46%)]	Loss: 0.080606
2020-10-15 01:27:14,869 - Train Epoch: 10 [1600/3014 (53%)]	Loss: 0.056428
2020-10-15 01:27:35,185 - Train Epoch: 10 [1800/3014 (60%)]	Loss: 0.045835
2020-10-15 01:27:55,514 - Train Epoch: 10 [2000/3014 (66%)]	Loss: 0.005518
2020-10-15 01:28:15,833 - Train Epoch: 10 [2200/3014 (73%)]	Loss: 0.711327
2020-10-15 01:28:36,154 - Train Epoch: 10 [2400/3014 (80%)]	Loss: 0.032287
2020-10-15 01:28:56,482 - Train Epoch: 10 [2600/3014 (86%)]	Loss: 0.050564
2020-10-15 01:29:16,806 - Train Epoch: 10 [2800/3014 (93%)]	Loss: 0.046732
2020-10-15 01:29:37,130 - Train Epoch: 10 [3000/3014 (99%)]	Loss: 0.032107
2020-10-15 01:29:38,165 - Starting Validation
2020-10-15 01:30:04,713 - ===> Validation set: Average loss: 0.3168	EER: 9.0526

2020-10-15 01:30:04,715 - #### End epoch 10/100, elapsed time: 332.74107757000456
2020-10-15 01:30:05,120 - Train Epoch: 11 [0/3014 (0%)]	Loss: 0.028189
2020-10-15 01:30:25,431 - Train Epoch: 11 [200/3014 (7%)]	Loss: 0.766195
2020-10-15 01:30:45,747 - Train Epoch: 11 [400/3014 (13%)]	Loss: 0.026539
2020-10-15 01:31:06,063 - Train Epoch: 11 [600/3014 (20%)]	Loss: 1.305635
2020-10-15 01:31:26,378 - Train Epoch: 11 [800/3014 (27%)]	Loss: 0.031484
2020-10-15 01:31:46,692 - Train Epoch: 11 [1000/3014 (33%)]	Loss: 1.135839
2020-10-15 01:32:07,011 - Train Epoch: 11 [1200/3014 (40%)]	Loss: 0.004860
2020-10-15 01:32:27,330 - Train Epoch: 11 [1400/3014 (46%)]	Loss: 0.024038
2020-10-15 01:32:47,643 - Train Epoch: 11 [1600/3014 (53%)]	Loss: 0.036100
2020-10-15 01:33:07,960 - Train Epoch: 11 [1800/3014 (60%)]	Loss: 0.956480
2020-10-15 01:33:28,274 - Train Epoch: 11 [2000/3014 (66%)]	Loss: 0.028386
2020-10-15 01:33:48,591 - Train Epoch: 11 [2200/3014 (73%)]	Loss: 0.818428
2020-10-15 01:34:08,903 - Train Epoch: 11 [2400/3014 (80%)]	Loss: 0.030539
2020-10-15 01:34:29,213 - Train Epoch: 11 [2600/3014 (86%)]	Loss: 0.473109
2020-10-15 01:34:49,532 - Train Epoch: 11 [2800/3014 (93%)]	Loss: 0.028945
2020-10-15 01:35:09,851 - Train Epoch: 11 [3000/3014 (99%)]	Loss: 0.031787
2020-10-15 01:35:10,886 - Starting Validation
2020-10-15 01:35:37,447 - ===> Validation set: Average loss: 0.2391	EER: 8.8722

2020-10-15 01:35:37,449 - #### End epoch 11/100, elapsed time: 332.7338967050018
2020-10-15 01:35:37,854 - Train Epoch: 12 [0/3014 (0%)]	Loss: 0.044171
2020-10-15 01:35:58,160 - Train Epoch: 12 [200/3014 (7%)]	Loss: 0.007533
2020-10-15 01:36:18,486 - Train Epoch: 12 [400/3014 (13%)]	Loss: 0.033381
2020-10-15 01:36:38,809 - Train Epoch: 12 [600/3014 (20%)]	Loss: 0.044822
2020-10-15 01:36:59,137 - Train Epoch: 12 [800/3014 (27%)]	Loss: 0.067921
2020-10-15 01:37:19,470 - Train Epoch: 12 [1000/3014 (33%)]	Loss: 0.005511
2020-10-15 01:37:39,790 - Train Epoch: 12 [1200/3014 (40%)]	Loss: 0.046357
2020-10-15 01:38:00,109 - Train Epoch: 12 [1400/3014 (46%)]	Loss: 0.146196
2020-10-15 01:38:20,429 - Train Epoch: 12 [1600/3014 (53%)]	Loss: 0.007932
2020-10-15 01:38:40,737 - Train Epoch: 12 [1800/3014 (60%)]	Loss: 0.739182
2020-10-15 01:39:01,053 - Train Epoch: 12 [2000/3014 (66%)]	Loss: 0.009246
2020-10-15 01:39:21,373 - Train Epoch: 12 [2200/3014 (73%)]	Loss: 0.034337
2020-10-15 01:39:41,690 - Train Epoch: 12 [2400/3014 (80%)]	Loss: 0.046554
2020-10-15 01:40:02,016 - Train Epoch: 12 [2600/3014 (86%)]	Loss: 0.040653
2020-10-15 01:40:22,333 - Train Epoch: 12 [2800/3014 (93%)]	Loss: 0.080390
2020-10-15 01:40:42,642 - Train Epoch: 12 [3000/3014 (99%)]	Loss: 0.004995
2020-10-15 01:40:43,677 - Starting Validation
2020-10-15 01:41:10,238 - ===> Validation set: Average loss: 0.3176	EER: 8.9474

2020-10-15 01:41:10,240 - #### End epoch 12/100, elapsed time: 332.79152816500573
2020-10-15 01:41:10,646 - Train Epoch: 13 [0/3014 (0%)]	Loss: 0.063078
2020-10-15 01:41:30,946 - Train Epoch: 13 [200/3014 (7%)]	Loss: 0.006241
2020-10-15 01:41:51,257 - Train Epoch: 13 [400/3014 (13%)]	Loss: 0.705805
2020-10-15 01:42:11,571 - Train Epoch: 13 [600/3014 (20%)]	Loss: 0.005636
2020-10-15 01:42:31,882 - Train Epoch: 13 [800/3014 (27%)]	Loss: 0.007139
2020-10-15 01:42:52,199 - Train Epoch: 13 [1000/3014 (33%)]	Loss: 0.049686
2020-10-15 01:43:12,517 - Train Epoch: 13 [1200/3014 (40%)]	Loss: 0.005373
2020-10-15 01:43:32,830 - Train Epoch: 13 [1400/3014 (46%)]	Loss: 0.019207
2020-10-15 01:43:53,148 - Train Epoch: 13 [1600/3014 (53%)]	Loss: 0.006830
2020-10-15 01:44:13,459 - Train Epoch: 13 [1800/3014 (60%)]	Loss: 0.840213
2020-10-15 01:44:33,774 - Train Epoch: 13 [2000/3014 (66%)]	Loss: 0.004624
2020-10-15 01:44:54,093 - Train Epoch: 13 [2200/3014 (73%)]	Loss: 0.125575
2020-10-15 01:45:14,405 - Train Epoch: 13 [2400/3014 (80%)]	Loss: 0.023094
2020-10-15 01:45:34,724 - Train Epoch: 13 [2600/3014 (86%)]	Loss: 0.025175
2020-10-15 01:45:55,039 - Train Epoch: 13 [2800/3014 (93%)]	Loss: 0.003875
2020-10-15 01:46:15,346 - Train Epoch: 13 [3000/3014 (99%)]	Loss: 0.005057
2020-10-15 01:46:16,382 - Starting Validation
2020-10-15 01:46:42,921 - ===> Validation set: Average loss: 0.3149	EER: 9.5789

2020-10-15 01:46:42,923 - #### End epoch 13/100, elapsed time: 332.6824724870021
2020-10-15 01:46:43,328 - Train Epoch: 14 [0/3014 (0%)]	Loss: 0.041313
2020-10-15 01:47:03,639 - Train Epoch: 14 [200/3014 (7%)]	Loss: 0.012639
2020-10-15 01:47:23,953 - Train Epoch: 14 [400/3014 (13%)]	Loss: 0.008555
2020-10-15 01:47:44,273 - Train Epoch: 14 [600/3014 (20%)]	Loss: 0.719052
2020-10-15 01:48:04,602 - Train Epoch: 14 [800/3014 (27%)]	Loss: 0.029567
2020-10-15 01:48:24,929 - Train Epoch: 14 [1000/3014 (33%)]	Loss: 0.046803
2020-10-15 01:48:45,249 - Train Epoch: 14 [1200/3014 (40%)]	Loss: 0.008865
2020-10-15 01:49:05,566 - Train Epoch: 14 [1400/3014 (46%)]	Loss: 0.023962
2020-10-15 01:49:25,888 - Train Epoch: 14 [1600/3014 (53%)]	Loss: 0.019265
2020-10-15 01:49:46,201 - Train Epoch: 14 [1800/3014 (60%)]	Loss: 0.030299
2020-10-15 01:50:06,518 - Train Epoch: 14 [2000/3014 (66%)]	Loss: 0.003319
2020-10-15 01:50:26,834 - Train Epoch: 14 [2200/3014 (73%)]	Loss: 0.038125
2020-10-15 01:50:47,154 - Train Epoch: 14 [2400/3014 (80%)]	Loss: 0.039863
2020-10-15 01:51:07,467 - Train Epoch: 14 [2600/3014 (86%)]	Loss: 0.795059
2020-10-15 01:51:27,783 - Train Epoch: 14 [2800/3014 (93%)]	Loss: 0.005207
2020-10-15 01:51:48,101 - Train Epoch: 14 [3000/3014 (99%)]	Loss: 0.005553
2020-10-15 01:51:49,135 - Starting Validation
2020-10-15 01:52:15,662 - ===> Validation set: Average loss: 0.3354	EER: 8.7368

2020-10-15 01:52:15,663 - #### End epoch 14/100, elapsed time: 332.7406504259998
2020-10-15 01:52:16,070 - Train Epoch: 15 [0/3014 (0%)]	Loss: 0.856551
2020-10-15 01:52:36,380 - Train Epoch: 15 [200/3014 (7%)]	Loss: 0.717463
2020-10-15 01:52:56,695 - Train Epoch: 15 [400/3014 (13%)]	Loss: 0.031077
2020-10-15 01:53:17,013 - Train Epoch: 15 [600/3014 (20%)]	Loss: 0.006077
2020-10-15 01:53:37,336 - Train Epoch: 15 [800/3014 (27%)]	Loss: 0.007353
2020-10-15 01:53:57,658 - Train Epoch: 15 [1000/3014 (33%)]	Loss: 0.024691
2020-10-15 01:54:17,982 - Train Epoch: 15 [1200/3014 (40%)]	Loss: 0.032668
2020-10-15 01:54:38,299 - Train Epoch: 15 [1400/3014 (46%)]	Loss: 0.771228
2020-10-15 01:54:58,618 - Train Epoch: 15 [1600/3014 (53%)]	Loss: 0.024530
2020-10-15 01:55:18,946 - Train Epoch: 15 [1800/3014 (60%)]	Loss: 0.013958
2020-10-15 01:55:39,263 - Train Epoch: 15 [2000/3014 (66%)]	Loss: 0.040111
2020-10-15 01:55:59,585 - Train Epoch: 15 [2200/3014 (73%)]	Loss: 0.004107
2020-10-15 01:56:19,908 - Train Epoch: 15 [2400/3014 (80%)]	Loss: 0.035564
2020-10-15 01:56:40,225 - Train Epoch: 15 [2600/3014 (86%)]	Loss: 0.716248
2020-10-15 01:57:00,551 - Train Epoch: 15 [2800/3014 (93%)]	Loss: 0.071051
2020-10-15 01:57:20,874 - Train Epoch: 15 [3000/3014 (99%)]	Loss: 0.030215
2020-10-15 01:57:21,908 - Starting Validation
2020-10-15 01:57:48,468 - ===> Validation set: Average loss: 0.2782	EER: 9.3421

2020-10-15 01:57:48,470 - #### End epoch 15/100, elapsed time: 332.806193370001
2020-10-15 01:57:48,889 - Train Epoch: 16 [0/3014 (0%)]	Loss: 0.003516
2020-10-15 01:58:09,196 - Train Epoch: 16 [200/3014 (7%)]	Loss: 0.007708
2020-10-15 01:58:29,512 - Train Epoch: 16 [400/3014 (13%)]	Loss: 0.004067
2020-10-15 01:58:49,825 - Train Epoch: 16 [600/3014 (20%)]	Loss: 0.005666
2020-10-15 01:59:10,145 - Train Epoch: 16 [800/3014 (27%)]	Loss: 0.017510
2020-10-15 01:59:30,458 - Train Epoch: 16 [1000/3014 (33%)]	Loss: 0.031516
2020-10-15 01:59:50,771 - Train Epoch: 16 [1200/3014 (40%)]	Loss: 0.032277
2020-10-15 02:00:11,096 - Train Epoch: 16 [1400/3014 (46%)]	Loss: 0.040997
2020-10-15 02:00:31,411 - Train Epoch: 16 [1600/3014 (53%)]	Loss: 0.013003
2020-10-15 02:00:51,736 - Train Epoch: 16 [1800/3014 (60%)]	Loss: 0.037875
2020-10-15 02:01:12,063 - Train Epoch: 16 [2000/3014 (66%)]	Loss: 0.033711
2020-10-15 02:01:32,383 - Train Epoch: 16 [2200/3014 (73%)]	Loss: 0.005980
2020-10-15 02:01:52,707 - Train Epoch: 16 [2400/3014 (80%)]	Loss: 0.005616
2020-10-15 02:02:13,023 - Train Epoch: 16 [2600/3014 (86%)]	Loss: 0.016500
2020-10-15 02:02:33,343 - Train Epoch: 16 [2800/3014 (93%)]	Loss: 0.036915
2020-10-15 02:02:53,667 - Train Epoch: 16 [3000/3014 (99%)]	Loss: 0.004521
2020-10-15 02:02:54,702 - Starting Validation
2020-10-15 02:03:21,264 - ===> Validation set: Average loss: 0.3274	EER: 9.3684

2020-10-15 02:03:21,265 - #### End epoch 16/100, elapsed time: 332.7834788909968
2020-10-15 02:03:21,671 - Train Epoch: 17 [0/3014 (0%)]	Loss: 0.026666
2020-10-15 02:03:41,980 - Train Epoch: 17 [200/3014 (7%)]	Loss: 0.019999
2020-10-15 02:04:02,298 - Train Epoch: 17 [400/3014 (13%)]	Loss: 0.047465
2020-10-15 02:04:22,627 - Train Epoch: 17 [600/3014 (20%)]	Loss: 0.004536
2020-10-15 02:04:42,949 - Train Epoch: 17 [800/3014 (27%)]	Loss: 0.021157
2020-10-15 02:05:03,267 - Train Epoch: 17 [1000/3014 (33%)]	Loss: 0.003876
2020-10-15 02:05:23,593 - Train Epoch: 17 [1200/3014 (40%)]	Loss: 0.094880
2020-10-15 02:05:43,915 - Train Epoch: 17 [1400/3014 (46%)]	Loss: 0.003209
2020-10-15 02:06:04,230 - Train Epoch: 17 [1600/3014 (53%)]	Loss: 0.028827
2020-10-15 02:06:24,548 - Train Epoch: 17 [1800/3014 (60%)]	Loss: 0.025335
2020-10-15 02:06:44,861 - Train Epoch: 17 [2000/3014 (66%)]	Loss: 0.004571
2020-10-15 02:07:05,177 - Train Epoch: 17 [2200/3014 (73%)]	Loss: 0.038325
2020-10-15 02:07:25,501 - Train Epoch: 17 [2400/3014 (80%)]	Loss: 0.033645
2020-10-15 02:07:45,817 - Train Epoch: 17 [2600/3014 (86%)]	Loss: 0.138977
2020-10-15 02:08:06,139 - Train Epoch: 17 [2800/3014 (93%)]	Loss: 0.006207
2020-10-15 02:08:26,461 - Train Epoch: 17 [3000/3014 (99%)]	Loss: 0.005506
2020-10-15 02:08:27,498 - Starting Validation
2020-10-15 02:08:54,058 - ===> Validation set: Average loss: 0.2431	EER: 8.5526

2020-10-15 02:08:54,100 - Snapshot saved to snapshots/attention/attention-2020-10-15_00_34_37-model_best.pth

2020-10-15 02:08:54,100 - #### End epoch 17/100, elapsed time: 332.83452478399704
2020-10-15 02:08:54,507 - Train Epoch: 18 [0/3014 (0%)]	Loss: 0.030336
2020-10-15 02:09:14,820 - Train Epoch: 18 [200/3014 (7%)]	Loss: 0.004731
2020-10-15 02:09:35,142 - Train Epoch: 18 [400/3014 (13%)]	Loss: 0.028322
2020-10-15 02:09:55,452 - Train Epoch: 18 [600/3014 (20%)]	Loss: 0.004539
2020-10-15 02:10:15,768 - Train Epoch: 18 [800/3014 (27%)]	Loss: 0.004707
2020-10-15 02:10:36,086 - Train Epoch: 18 [1000/3014 (33%)]	Loss: 0.004839
2020-10-15 02:10:56,408 - Train Epoch: 18 [1200/3014 (40%)]	Loss: 0.743289
2020-10-15 02:11:16,730 - Train Epoch: 18 [1400/3014 (46%)]	Loss: 0.040049
2020-10-15 02:11:37,043 - Train Epoch: 18 [1600/3014 (53%)]	Loss: 0.003547
2020-10-15 02:11:57,361 - Train Epoch: 18 [1800/3014 (60%)]	Loss: 0.005274
2020-10-15 02:12:17,691 - Train Epoch: 18 [2000/3014 (66%)]	Loss: 0.004098
2020-10-15 02:12:38,016 - Train Epoch: 18 [2200/3014 (73%)]	Loss: 0.681733
2020-10-15 02:12:58,339 - Train Epoch: 18 [2400/3014 (80%)]	Loss: 0.004356
2020-10-15 02:13:18,660 - Train Epoch: 18 [2600/3014 (86%)]	Loss: 0.090247
2020-10-15 02:13:38,975 - Train Epoch: 18 [2800/3014 (93%)]	Loss: 0.024433
2020-10-15 02:13:59,297 - Train Epoch: 18 [3000/3014 (99%)]	Loss: 0.817579
2020-10-15 02:14:00,332 - Starting Validation
2020-10-15 02:14:26,899 - ===> Validation set: Average loss: 0.2444	EER: 8.7368

2020-10-15 02:14:26,901 - #### End epoch 18/100, elapsed time: 332.8010255830013
2020-10-15 02:14:27,307 - Train Epoch: 19 [0/3014 (0%)]	Loss: 0.030756
2020-10-15 02:14:47,622 - Train Epoch: 19 [200/3014 (7%)]	Loss: 0.019930
2020-10-15 02:15:07,936 - Train Epoch: 19 [400/3014 (13%)]	Loss: 0.002625
2020-10-15 02:15:28,264 - Train Epoch: 19 [600/3014 (20%)]	Loss: 0.005510
2020-10-15 02:15:48,590 - Train Epoch: 19 [800/3014 (27%)]	Loss: 0.006088
2020-10-15 02:16:08,910 - Train Epoch: 19 [1000/3014 (33%)]	Loss: 0.655384
2020-10-15 02:16:29,229 - Train Epoch: 19 [1200/3014 (40%)]	Loss: 0.007108
2020-10-15 02:16:49,557 - Train Epoch: 19 [1400/3014 (46%)]	Loss: 0.018040
2020-10-15 02:17:09,884 - Train Epoch: 19 [1600/3014 (53%)]	Loss: 0.018593
2020-10-15 02:17:30,207 - Train Epoch: 19 [1800/3014 (60%)]	Loss: 0.029810
2020-10-15 02:17:50,531 - Train Epoch: 19 [2000/3014 (66%)]	Loss: 0.027008
2020-10-15 02:18:10,854 - Train Epoch: 19 [2200/3014 (73%)]	Loss: 0.005693
2020-10-15 02:18:31,178 - Train Epoch: 19 [2400/3014 (80%)]	Loss: 0.022020
2020-10-15 02:18:51,492 - Train Epoch: 19 [2600/3014 (86%)]	Loss: 0.044354
2020-10-15 02:19:11,822 - Train Epoch: 19 [2800/3014 (93%)]	Loss: 0.006147
2020-10-15 02:19:32,145 - Train Epoch: 19 [3000/3014 (99%)]	Loss: 0.007769
2020-10-15 02:19:33,181 - Starting Validation
2020-10-15 02:19:59,732 - ===> Validation set: Average loss: 0.3468	EER: 8.4795

2020-10-15 02:19:59,769 - Snapshot saved to snapshots/attention/attention-2020-10-15_00_34_37-model_best.pth

2020-10-15 02:19:59,770 - #### End epoch 19/100, elapsed time: 332.86834240299504
2020-10-15 02:20:00,176 - Train Epoch: 20 [0/3014 (0%)]	Loss: 0.033482
2020-10-15 02:20:20,486 - Train Epoch: 20 [200/3014 (7%)]	Loss: 0.021018
2020-10-15 02:20:40,807 - Train Epoch: 20 [400/3014 (13%)]	Loss: 0.025517
2020-10-15 02:21:01,136 - Train Epoch: 20 [600/3014 (20%)]	Loss: 0.032151
2020-10-15 02:21:21,463 - Train Epoch: 20 [800/3014 (27%)]	Loss: 0.004822
2020-10-15 02:21:41,786 - Train Epoch: 20 [1000/3014 (33%)]	Loss: 0.081858
2020-10-15 02:22:02,102 - Train Epoch: 20 [1200/3014 (40%)]	Loss: 0.024240
2020-10-15 02:22:22,423 - Train Epoch: 20 [1400/3014 (46%)]	Loss: 0.019434
2020-10-15 02:22:42,747 - Train Epoch: 20 [1600/3014 (53%)]	Loss: 0.030599
2020-10-15 02:23:03,070 - Train Epoch: 20 [1800/3014 (60%)]	Loss: 0.670838
2020-10-15 02:23:23,392 - Train Epoch: 20 [2000/3014 (66%)]	Loss: 0.003106
2020-10-15 02:23:43,708 - Train Epoch: 20 [2200/3014 (73%)]	Loss: 0.842449
2020-10-15 02:24:04,031 - Train Epoch: 20 [2400/3014 (80%)]	Loss: 0.055646
2020-10-15 02:24:24,351 - Train Epoch: 20 [2600/3014 (86%)]	Loss: 0.797011
2020-10-15 02:24:44,682 - Train Epoch: 20 [2800/3014 (93%)]	Loss: 0.003569
2020-10-15 02:25:05,006 - Train Epoch: 20 [3000/3014 (99%)]	Loss: 0.032894
2020-10-15 02:25:06,042 - Starting Validation
2020-10-15 02:25:32,613 - ===> Validation set: Average loss: 0.2433	EER: 8.4211

2020-10-15 02:25:32,650 - Snapshot saved to snapshots/attention/attention-2020-10-15_00_34_37-model_best.pth

2020-10-15 02:25:32,651 - #### End epoch 20/100, elapsed time: 332.8809918449988
2020-10-15 02:25:33,056 - Train Epoch: 21 [0/3014 (0%)]	Loss: 0.044846
2020-10-15 02:25:53,374 - Train Epoch: 21 [200/3014 (7%)]	Loss: 0.004300
2020-10-15 02:26:13,699 - Train Epoch: 21 [400/3014 (13%)]	Loss: 0.036988
2020-10-15 02:26:34,024 - Train Epoch: 21 [600/3014 (20%)]	Loss: 0.007144
2020-10-15 02:26:54,353 - Train Epoch: 21 [800/3014 (27%)]	Loss: 0.003659
2020-10-15 02:27:14,673 - Train Epoch: 21 [1000/3014 (33%)]	Loss: 0.044023
2020-10-15 02:27:34,996 - Train Epoch: 21 [1200/3014 (40%)]	Loss: 0.006425
2020-10-15 02:27:55,318 - Train Epoch: 21 [1400/3014 (46%)]	Loss: 0.005240
2020-10-15 02:28:15,645 - Train Epoch: 21 [1600/3014 (53%)]	Loss: 0.047460
2020-10-15 02:28:35,964 - Train Epoch: 21 [1800/3014 (60%)]	Loss: 0.010669
2020-10-15 02:28:56,281 - Train Epoch: 21 [2000/3014 (66%)]	Loss: 0.049669
2020-10-15 02:29:16,607 - Train Epoch: 21 [2200/3014 (73%)]	Loss: 0.005550
2020-10-15 02:29:36,920 - Train Epoch: 21 [2400/3014 (80%)]	Loss: 0.046729
2020-10-15 02:29:57,238 - Train Epoch: 21 [2600/3014 (86%)]	Loss: 0.004669
2020-10-15 02:30:17,559 - Train Epoch: 21 [2800/3014 (93%)]	Loss: 0.044885
2020-10-15 02:30:37,880 - Train Epoch: 21 [3000/3014 (99%)]	Loss: 0.025592
2020-10-15 02:30:38,913 - Starting Validation
2020-10-15 02:31:05,481 - ===> Validation set: Average loss: 0.3529	EER: 8.7970

2020-10-15 02:31:05,482 - #### End epoch 21/100, elapsed time: 332.8318490699967
2020-10-15 02:31:05,889 - Train Epoch: 22 [0/3014 (0%)]	Loss: 0.049003
2020-10-15 02:31:26,199 - Train Epoch: 22 [200/3014 (7%)]	Loss: 0.026668
2020-10-15 02:31:46,503 - Train Epoch: 22 [400/3014 (13%)]	Loss: 0.035923
2020-10-15 02:32:06,814 - Train Epoch: 22 [600/3014 (20%)]	Loss: 0.004010
2020-10-15 02:32:27,133 - Train Epoch: 22 [800/3014 (27%)]	Loss: 0.006586
2020-10-15 02:32:47,445 - Train Epoch: 22 [1000/3014 (33%)]	Loss: 0.037250
2020-10-15 02:33:07,766 - Train Epoch: 22 [1200/3014 (40%)]	Loss: 0.034545
2020-10-15 02:33:28,085 - Train Epoch: 22 [1400/3014 (46%)]	Loss: 0.015494
2020-10-15 02:33:48,413 - Train Epoch: 22 [1600/3014 (53%)]	Loss: 0.039603
2020-10-15 02:34:08,731 - Train Epoch: 22 [1800/3014 (60%)]	Loss: 0.153902
2020-10-15 02:34:29,045 - Train Epoch: 22 [2000/3014 (66%)]	Loss: 0.708195
2020-10-15 02:34:49,358 - Train Epoch: 22 [2200/3014 (73%)]	Loss: 0.047328
2020-10-15 02:35:09,669 - Train Epoch: 22 [2400/3014 (80%)]	Loss: 0.055656
2020-10-15 02:35:29,983 - Train Epoch: 22 [2600/3014 (86%)]	Loss: 0.003365
2020-10-15 02:35:50,305 - Train Epoch: 22 [2800/3014 (93%)]	Loss: 0.040652
2020-10-15 02:36:10,624 - Train Epoch: 22 [3000/3014 (99%)]	Loss: 0.027809
2020-10-15 02:36:11,660 - Starting Validation
2020-10-15 02:36:38,231 - ===> Validation set: Average loss: 0.3196	EER: 8.4211

2020-10-15 02:36:38,233 - #### End epoch 22/100, elapsed time: 332.75054969999474
2020-10-15 02:36:38,639 - Train Epoch: 23 [0/3014 (0%)]	Loss: 0.036949
2020-10-15 02:36:58,944 - Train Epoch: 23 [200/3014 (7%)]	Loss: 0.009647
2020-10-15 02:37:19,256 - Train Epoch: 23 [400/3014 (13%)]	Loss: 0.004487
2020-10-15 02:37:39,568 - Train Epoch: 23 [600/3014 (20%)]	Loss: 0.003587
2020-10-15 02:37:59,889 - Train Epoch: 23 [800/3014 (27%)]	Loss: 0.022172
2020-10-15 02:38:20,204 - Train Epoch: 23 [1000/3014 (33%)]	Loss: 0.003662
2020-10-15 02:38:40,522 - Train Epoch: 23 [1200/3014 (40%)]	Loss: 0.004552
2020-10-15 02:39:00,838 - Train Epoch: 23 [1400/3014 (46%)]	Loss: 0.732059
2020-10-15 02:39:21,152 - Train Epoch: 23 [1600/3014 (53%)]	Loss: 0.115180
2020-10-15 02:39:41,469 - Train Epoch: 23 [1800/3014 (60%)]	Loss: 0.002808
2020-10-15 02:40:01,783 - Train Epoch: 23 [2000/3014 (66%)]	Loss: 0.019808
2020-10-15 02:40:22,107 - Train Epoch: 23 [2200/3014 (73%)]	Loss: 0.005730
2020-10-15 02:40:42,419 - Train Epoch: 23 [2400/3014 (80%)]	Loss: 0.036608
2020-10-15 02:41:02,731 - Train Epoch: 23 [2600/3014 (86%)]	Loss: 0.021188
2020-10-15 02:41:23,041 - Train Epoch: 23 [2800/3014 (93%)]	Loss: 0.003020
2020-10-15 02:41:43,366 - Train Epoch: 23 [3000/3014 (99%)]	Loss: 0.039480
2020-10-15 02:41:44,400 - Starting Validation
2020-10-15 02:42:10,953 - ===> Validation set: Average loss: 0.2563	EER: 8.6550

2020-10-15 02:42:10,955 - #### End epoch 23/100, elapsed time: 332.7215420720022
2020-10-15 02:42:11,360 - Train Epoch: 24 [0/3014 (0%)]	Loss: 0.030561
2020-10-15 02:42:31,676 - Train Epoch: 24 [200/3014 (7%)]	Loss: 0.007727
2020-10-15 02:42:51,990 - Train Epoch: 24 [400/3014 (13%)]	Loss: 0.024334
2020-10-15 02:43:12,312 - Train Epoch: 24 [600/3014 (20%)]	Loss: 0.003089
2020-10-15 02:43:32,636 - Train Epoch: 24 [800/3014 (27%)]	Loss: 0.032442
2020-10-15 02:43:52,955 - Train Epoch: 24 [1000/3014 (33%)]	Loss: 0.021307
2020-10-15 02:44:13,279 - Train Epoch: 24 [1200/3014 (40%)]	Loss: 0.044037
2020-10-15 02:44:33,592 - Train Epoch: 24 [1400/3014 (46%)]	Loss: 0.049466
2020-10-15 02:44:53,913 - Train Epoch: 24 [1600/3014 (53%)]	Loss: 0.859809
2020-10-15 02:45:14,236 - Train Epoch: 24 [1800/3014 (60%)]	Loss: 0.003084
2020-10-15 02:45:34,548 - Train Epoch: 24 [2000/3014 (66%)]	Loss: 0.003576
2020-10-15 02:45:54,863 - Train Epoch: 24 [2200/3014 (73%)]	Loss: 0.006379
2020-10-15 02:46:15,178 - Train Epoch: 24 [2400/3014 (80%)]	Loss: 0.035136
2020-10-15 02:46:35,491 - Train Epoch: 24 [2600/3014 (86%)]	Loss: 0.752032
2020-10-15 02:46:55,811 - Train Epoch: 24 [2800/3014 (93%)]	Loss: 1.195222
2020-10-15 02:47:16,127 - Train Epoch: 24 [3000/3014 (99%)]	Loss: 0.004335
2020-10-15 02:47:17,162 - Starting Validation
2020-10-15 02:47:43,709 - ===> Validation set: Average loss: 0.2670	EER: 8.6842

2020-10-15 02:47:43,711 - #### End epoch 24/100, elapsed time: 332.7559911950011
2020-10-15 02:47:44,117 - Train Epoch: 25 [0/3014 (0%)]	Loss: 0.003543
2020-10-15 02:48:04,426 - Train Epoch: 25 [200/3014 (7%)]	Loss: 0.003997
2020-10-15 02:48:24,741 - Train Epoch: 25 [400/3014 (13%)]	Loss: 0.662016
2020-10-15 02:48:45,065 - Train Epoch: 25 [600/3014 (20%)]	Loss: 0.003780
2020-10-15 02:49:05,384 - Train Epoch: 25 [800/3014 (27%)]	Loss: 0.006702
2020-10-15 02:49:25,699 - Train Epoch: 25 [1000/3014 (33%)]	Loss: 0.721696
2020-10-15 02:49:46,021 - Train Epoch: 25 [1200/3014 (40%)]	Loss: 0.057434
2020-10-15 02:50:06,335 - Train Epoch: 25 [1400/3014 (46%)]	Loss: 0.071890
2020-10-15 02:50:26,661 - Train Epoch: 25 [1600/3014 (53%)]	Loss: 0.048218
2020-10-15 02:50:46,978 - Train Epoch: 25 [1800/3014 (60%)]	Loss: 0.004037
2020-10-15 02:51:07,306 - Train Epoch: 25 [2000/3014 (66%)]	Loss: 0.004855
2020-10-15 02:51:27,619 - Train Epoch: 25 [2200/3014 (73%)]	Loss: 0.003426
2020-10-15 02:51:47,934 - Train Epoch: 25 [2400/3014 (80%)]	Loss: 0.013627
2020-10-15 02:52:08,254 - Train Epoch: 25 [2600/3014 (86%)]	Loss: 0.939149
2020-10-15 02:52:28,575 - Train Epoch: 25 [2800/3014 (93%)]	Loss: 0.021992
2020-10-15 02:52:48,910 - Train Epoch: 25 [3000/3014 (99%)]	Loss: 0.005903
2020-10-15 02:52:49,945 - Starting Validation
2020-10-15 02:53:16,497 - ===> Validation set: Average loss: 0.2744	EER: 8.6842

2020-10-15 02:53:16,498 - #### End epoch 25/100, elapsed time: 332.7873528130003
2020-10-15 02:53:16,904 - Train Epoch: 26 [0/3014 (0%)]	Loss: 0.003357
2020-10-15 02:53:37,218 - Train Epoch: 26 [200/3014 (7%)]	Loss: 0.025887
2020-10-15 02:53:57,531 - Train Epoch: 26 [400/3014 (13%)]	Loss: 0.039747
2020-10-15 02:54:17,848 - Train Epoch: 26 [600/3014 (20%)]	Loss: 0.003430
2020-10-15 02:54:38,154 - Train Epoch: 26 [800/3014 (27%)]	Loss: 0.021583
2020-10-15 02:54:58,461 - Train Epoch: 26 [1000/3014 (33%)]	Loss: 0.003896
2020-10-15 02:55:18,782 - Train Epoch: 26 [1200/3014 (40%)]	Loss: 0.004349
2020-10-15 02:55:39,093 - Train Epoch: 26 [1400/3014 (46%)]	Loss: 0.008458
2020-10-15 02:55:59,411 - Train Epoch: 26 [1600/3014 (53%)]	Loss: 0.033665
2020-10-15 02:56:19,733 - Train Epoch: 26 [1800/3014 (60%)]	Loss: 0.906616
2020-10-15 02:56:40,057 - Train Epoch: 26 [2000/3014 (66%)]	Loss: 0.004896
2020-10-15 02:57:00,366 - Train Epoch: 26 [2200/3014 (73%)]	Loss: 0.003986
2020-10-15 02:57:20,686 - Train Epoch: 26 [2400/3014 (80%)]	Loss: 0.786170
2020-10-15 02:57:41,013 - Train Epoch: 26 [2600/3014 (86%)]	Loss: 0.034321
2020-10-15 02:58:01,339 - Train Epoch: 26 [2800/3014 (93%)]	Loss: 0.026040
2020-10-15 02:58:21,663 - Train Epoch: 26 [3000/3014 (99%)]	Loss: 0.672467
2020-10-15 02:58:22,698 - Starting Validation
2020-10-15 02:58:49,235 - ===> Validation set: Average loss: 0.2841	EER: 8.7135

2020-10-15 02:58:49,236 - #### End epoch 26/100, elapsed time: 332.7380421140042
2020-10-15 02:58:49,642 - Train Epoch: 27 [0/3014 (0%)]	Loss: 0.009742
2020-10-15 02:59:09,961 - Train Epoch: 27 [200/3014 (7%)]	Loss: 0.041831
2020-10-15 02:59:30,283 - Train Epoch: 27 [400/3014 (13%)]	Loss: 0.033297
2020-10-15 02:59:50,599 - Train Epoch: 27 [600/3014 (20%)]	Loss: 0.003312
2020-10-15 03:00:10,917 - Train Epoch: 27 [800/3014 (27%)]	Loss: 0.004375
2020-10-15 03:00:31,235 - Train Epoch: 27 [1000/3014 (33%)]	Loss: 0.021252
2020-10-15 03:00:51,556 - Train Epoch: 27 [1200/3014 (40%)]	Loss: 0.003735
2020-10-15 03:01:11,884 - Train Epoch: 27 [1400/3014 (46%)]	Loss: 0.019091
2020-10-15 03:01:32,200 - Train Epoch: 27 [1600/3014 (53%)]	Loss: 0.710897
2020-10-15 03:01:52,525 - Train Epoch: 27 [1800/3014 (60%)]	Loss: 0.920186
2020-10-15 03:02:12,844 - Train Epoch: 27 [2000/3014 (66%)]	Loss: 0.008268
2020-10-15 03:02:33,167 - Train Epoch: 27 [2200/3014 (73%)]	Loss: 0.004231
2020-10-15 03:02:53,487 - Train Epoch: 27 [2400/3014 (80%)]	Loss: 0.002844
2020-10-15 03:03:13,807 - Train Epoch: 27 [2600/3014 (86%)]	Loss: 0.043591
2020-10-15 03:03:34,124 - Train Epoch: 27 [2800/3014 (93%)]	Loss: 0.025788
2020-10-15 03:03:54,443 - Train Epoch: 27 [3000/3014 (99%)]	Loss: 0.024826
2020-10-15 03:03:55,478 - Starting Validation
2020-10-15 03:04:22,031 - ===> Validation set: Average loss: 0.2603	EER: 8.7368

2020-10-15 03:04:22,033 - #### End epoch 27/100, elapsed time: 332.79653648499516
2020-10-15 03:04:22,440 - Train Epoch: 28 [0/3014 (0%)]	Loss: 0.038516
2020-10-15 03:04:42,749 - Train Epoch: 28 [200/3014 (7%)]	Loss: 0.032654
2020-10-15 03:05:03,058 - Train Epoch: 28 [400/3014 (13%)]	Loss: 0.017275
2020-10-15 03:05:23,371 - Train Epoch: 28 [600/3014 (20%)]	Loss: 0.005362
2020-10-15 03:05:43,685 - Train Epoch: 28 [800/3014 (27%)]	Loss: 0.670663
2020-10-15 03:06:04,011 - Train Epoch: 28 [1000/3014 (33%)]	Loss: 0.004043
2020-10-15 03:06:24,330 - Train Epoch: 28 [1200/3014 (40%)]	Loss: 0.005916
2020-10-15 03:06:44,653 - Train Epoch: 28 [1400/3014 (46%)]	Loss: 0.002881
2020-10-15 03:07:04,973 - Train Epoch: 28 [1600/3014 (53%)]	Loss: 0.006669
2020-10-15 03:07:25,287 - Train Epoch: 28 [1800/3014 (60%)]	Loss: 0.056033
2020-10-15 03:07:45,605 - Train Epoch: 28 [2000/3014 (66%)]	Loss: 0.028518
2020-10-15 03:08:05,924 - Train Epoch: 28 [2200/3014 (73%)]	Loss: 0.026799
2020-10-15 03:08:26,231 - Train Epoch: 28 [2400/3014 (80%)]	Loss: 0.003745
2020-10-15 03:08:46,534 - Train Epoch: 28 [2600/3014 (86%)]	Loss: 0.032391
2020-10-15 03:09:06,849 - Train Epoch: 28 [2800/3014 (93%)]	Loss: 0.008356
2020-10-15 03:09:27,166 - Train Epoch: 28 [3000/3014 (99%)]	Loss: 0.002938
2020-10-15 03:09:28,201 - Starting Validation
2020-10-15 03:09:54,744 - ===> Validation set: Average loss: 0.3208	EER: 9.0526

2020-10-15 03:09:54,746 - #### End epoch 28/100, elapsed time: 332.71265498799767
2020-10-15 03:09:55,151 - Train Epoch: 29 [0/3014 (0%)]	Loss: 0.003097
2020-10-15 03:10:15,464 - Train Epoch: 29 [200/3014 (7%)]	Loss: 0.005035
2020-10-15 03:10:35,779 - Train Epoch: 29 [400/3014 (13%)]	Loss: 0.026091
2020-10-15 03:10:56,093 - Train Epoch: 29 [600/3014 (20%)]	Loss: 0.003644
2020-10-15 03:11:16,417 - Train Epoch: 29 [800/3014 (27%)]	Loss: 0.022226
2020-10-15 03:11:36,728 - Train Epoch: 29 [1000/3014 (33%)]	Loss: 0.004012
2020-10-15 03:11:57,042 - Train Epoch: 29 [1200/3014 (40%)]	Loss: 0.002579
2020-10-15 03:12:17,357 - Train Epoch: 29 [1400/3014 (46%)]	Loss: 0.721039
2020-10-15 03:12:37,672 - Train Epoch: 29 [1600/3014 (53%)]	Loss: 0.037391
2020-10-15 03:12:57,988 - Train Epoch: 29 [1800/3014 (60%)]	Loss: 0.046697
2020-10-15 03:13:18,310 - Train Epoch: 29 [2000/3014 (66%)]	Loss: 0.035359
2020-10-15 03:13:38,623 - Train Epoch: 29 [2200/3014 (73%)]	Loss: 0.003845
2020-10-15 03:13:58,940 - Train Epoch: 29 [2400/3014 (80%)]	Loss: 0.033431
2020-10-15 03:14:19,260 - Train Epoch: 29 [2600/3014 (86%)]	Loss: 0.004573
2020-10-15 03:14:39,577 - Train Epoch: 29 [2800/3014 (93%)]	Loss: 0.839637
2020-10-15 03:14:59,893 - Train Epoch: 29 [3000/3014 (99%)]	Loss: 0.007605
2020-10-15 03:15:00,928 - Starting Validation
2020-10-15 03:15:27,478 - ===> Validation set: Average loss: 0.2819	EER: 8.5263

2020-10-15 03:15:27,480 - #### End epoch 29/100, elapsed time: 332.7339812950013
2020-10-15 03:15:27,884 - Train Epoch: 30 [0/3014 (0%)]	Loss: 1.092212
2020-10-15 03:15:48,191 - Train Epoch: 30 [200/3014 (7%)]	Loss: 0.003423
2020-10-15 03:16:08,500 - Train Epoch: 30 [400/3014 (13%)]	Loss: 0.019596
2020-10-15 03:16:28,809 - Train Epoch: 30 [600/3014 (20%)]	Loss: 0.018890
2020-10-15 03:16:49,118 - Train Epoch: 30 [800/3014 (27%)]	Loss: 0.011732
2020-10-15 03:17:09,433 - Train Epoch: 30 [1000/3014 (33%)]	Loss: 0.029941
2020-10-15 03:17:29,752 - Train Epoch: 30 [1200/3014 (40%)]	Loss: 0.004504
2020-10-15 03:17:50,067 - Train Epoch: 30 [1400/3014 (46%)]	Loss: 0.025724
2020-10-15 03:18:10,391 - Train Epoch: 30 [1600/3014 (53%)]	Loss: 1.016471
2020-10-15 03:18:30,708 - Train Epoch: 30 [1800/3014 (60%)]	Loss: 0.714083
2020-10-15 03:18:51,018 - Train Epoch: 30 [2000/3014 (66%)]	Loss: 0.040237
2020-10-15 03:19:11,331 - Train Epoch: 30 [2200/3014 (73%)]	Loss: 0.739865
2020-10-15 03:19:31,643 - Train Epoch: 30 [2400/3014 (80%)]	Loss: 0.026781
2020-10-15 03:19:51,955 - Train Epoch: 30 [2600/3014 (86%)]	Loss: 0.055401
2020-10-15 03:20:12,267 - Train Epoch: 30 [2800/3014 (93%)]	Loss: 0.033656
2020-10-15 03:20:32,581 - Train Epoch: 30 [3000/3014 (99%)]	Loss: 0.004755
2020-10-15 03:20:33,617 - Starting Validation
2020-10-15 03:21:00,190 - ===> Validation set: Average loss: 0.3599	EER: 8.5526

2020-10-15 03:21:00,192 - #### End epoch 30/100, elapsed time: 332.7119389159998
2020-10-15 03:21:00,192 - #### Avg. training+validation time per epoch: 332.7084144865331
2020-10-15 03:21:00,192 - ===> loading best model for prediction
2020-10-15 03:21:00,237 - Starting evaluation
2020-10-15 03:24:26,989 - ===> Final predictions done. Here is a snippet
2020-10-15 03:24:26,989 - ===> evalidation set: Average loss: 0.9703	EER: 13.3282

2020-10-15 03:24:26,995 - #### Total prediction time: 206.75779717299883
2020-10-15 03:24:26,995 - ################## Success #########################
2020-10-15 03:24:26,995 - Total elapsed time: 10189.726972486998
