2020-10-16 09:55:06,941 - ===> loading train and dev dataset
2020-10-16 09:55:06,944 - ===> loading eval dataset
2020-10-16 09:55:06,951 - ### Model summary below###
 AttenResNet4(
  (pre): Sequential(
    (0): Conv2d(1, 16, kernel_size=(3, 3), stride=(1, 1), padding=(1, 1))
    (1): BatchNorm2d(16, eps=1e-05, momentum=0.1, affine=True, track_running_stats=True)
    (2): ReLU(inplace=True)
    (3): Conv2d(16, 16, kernel_size=(3, 3), stride=(1, 1), padding=(1, 1))
    (4): BatchNorm2d(16, eps=1e-05, momentum=0.1, affine=True, track_running_stats=True)
    (5): ReLU(inplace=True)
  )
  (down1): MaxPool2d(kernel_size=3, stride=(1, 1), padding=0, dilation=1, ceil_mode=False)
  (att1): Sequential(
    (0): Conv2d(16, 16, kernel_size=(3, 3), stride=(1, 1), padding=(1, 1), dilation=(4, 8))
    (1): BatchNorm2d(16, eps=1e-05, momentum=0.1, affine=True, track_running_stats=True)
    (2): ReLU(inplace=True)
  )
  (skip1): Sequential(
    (0): Conv2d(16, 16, kernel_size=(3, 3), stride=(1, 1), padding=(1, 1))
    (1): BatchNorm2d(16, eps=1e-05, momentum=0.1, affine=True, track_running_stats=True)
    (2): ReLU(inplace=True)
  )
  (down2): MaxPool2d(kernel_size=3, stride=(1, 1), padding=0, dilation=1, ceil_mode=False)
  (att2): Sequential(
    (0): Conv2d(16, 16, kernel_size=(3, 3), stride=(1, 1), padding=(1, 1), dilation=(8, 16))
    (1): BatchNorm2d(16, eps=1e-05, momentum=0.1, affine=True, track_running_stats=True)
    (2): ReLU(inplace=True)
  )
  (skip2): Sequential(
    (0): Conv2d(16, 16, kernel_size=(3, 3), stride=(1, 1), padding=(1, 1))
    (1): BatchNorm2d(16, eps=1e-05, momentum=0.1, affine=True, track_running_stats=True)
    (2): ReLU(inplace=True)
  )
  (down3): MaxPool2d(kernel_size=3, stride=(1, 1), padding=0, dilation=1, ceil_mode=False)
  (att3): Sequential(
    (0): Conv2d(16, 16, kernel_size=(3, 3), stride=(1, 1), padding=(1, 1), dilation=(16, 32))
    (1): BatchNorm2d(16, eps=1e-05, momentum=0.1, affine=True, track_running_stats=True)
    (2): ReLU(inplace=True)
  )
  (skip3): Sequential(
    (0): Conv2d(16, 16, kernel_size=(3, 3), stride=(1, 1), padding=(1, 1))
    (1): BatchNorm2d(16, eps=1e-05, momentum=0.1, affine=True, track_running_stats=True)
    (2): ReLU(inplace=True)
  )
  (down4): MaxPool2d(kernel_size=3, stride=(1, 1), padding=0, dilation=1, ceil_mode=False)
  (att4): Sequential(
    (0): Conv2d(16, 16, kernel_size=(3, 3), stride=(1, 1), padding=(1, 1), dilation=(32, 64))
    (1): BatchNorm2d(16, eps=1e-05, momentum=0.1, affine=True, track_running_stats=True)
    (2): ReLU(inplace=True)
  )
  (skip4): Sequential(
    (0): Conv2d(16, 16, kernel_size=(3, 3), stride=(1, 1), padding=(1, 1))
    (1): BatchNorm2d(16, eps=1e-05, momentum=0.1, affine=True, track_running_stats=True)
    (2): ReLU(inplace=True)
  )
  (down5): MaxPool2d(kernel_size=3, stride=(1, 2), padding=0, dilation=1, ceil_mode=False)
  (att5): Sequential(
    (0): Conv2d(16, 16, kernel_size=(3, 3), stride=(1, 1), padding=(1, 1), dilation=(64, 128))
    (1): BatchNorm2d(16, eps=1e-05, momentum=0.1, affine=True, track_running_stats=True)
    (2): ReLU(inplace=True)
    (3): Conv2d(16, 16, kernel_size=(3, 3), stride=(1, 1), padding=(1, 1))
    (4): BatchNorm2d(16, eps=1e-05, momentum=0.1, affine=True, track_running_stats=True)
    (5): ReLU(inplace=True)
  )
  (up5): UpsamplingBilinear2d(size=(137, 851), mode=bilinear)
  (att6): Sequential(
    (0): Conv2d(16, 16, kernel_size=(3, 3), stride=(1, 1), padding=(1, 1))
    (1): BatchNorm2d(16, eps=1e-05, momentum=0.1, affine=True, track_running_stats=True)
    (2): ReLU(inplace=True)
  )
  (up4): UpsamplingBilinear2d(size=(201, 979), mode=bilinear)
  (att7): Sequential(
    (0): Conv2d(16, 16, kernel_size=(3, 3), stride=(1, 1), padding=(1, 1))
    (1): BatchNorm2d(16, eps=1e-05, momentum=0.1, affine=True, track_running_stats=True)
    (2): ReLU(inplace=True)
  )
  (up3): UpsamplingBilinear2d(size=(233, 1043), mode=bilinear)
  (att8): Sequential(
    (0): Conv2d(16, 16, kernel_size=(3, 3), stride=(1, 1), padding=(1, 1))
    (1): BatchNorm2d(16, eps=1e-05, momentum=0.1, affine=True, track_running_stats=True)
    (2): ReLU(inplace=True)
  )
  (up2): UpsamplingBilinear2d(size=(249, 1075), mode=bilinear)
  (att9): Sequential(
    (0): Conv2d(16, 16, kernel_size=(3, 3), stride=(1, 1), padding=(1, 1))
    (1): BatchNorm2d(16, eps=1e-05, momentum=0.1, affine=True, track_running_stats=True)
    (2): ReLU(inplace=True)
  )
  (up1): UpsamplingBilinear2d(size=(257, 1091), mode=bilinear)
  (conv1): Sequential(
    (0): BatchNorm2d(16, eps=1e-05, momentum=0.1, affine=True, track_running_stats=True)
    (1): ReLU(inplace=True)
    (2): Conv2d(16, 4, kernel_size=(1, 1), stride=(1, 1))
    (3): BatchNorm2d(4, eps=1e-05, momentum=0.1, affine=True, track_running_stats=True)
    (4): ReLU(inplace=True)
    (5): Conv2d(4, 1, kernel_size=(1, 1), stride=(1, 1))
  )
  (soft): Sigmoid()
  (cnn1): Conv2d(1, 16, kernel_size=(3, 3), stride=(1, 1), padding=(1, 1))
  (bn1): BatchNorm2d(16, eps=1e-05, momentum=0.1, affine=True, track_running_stats=True)
  (re1): ReLU(inplace=True)
  (cnn2): Conv2d(16, 16, kernel_size=(3, 3), stride=(1, 1), padding=(1, 1))
  (bn2): BatchNorm2d(16, eps=1e-05, momentum=0.1, affine=True, track_running_stats=True)
  (re2): ReLU(inplace=True)
  (cnn3): Conv2d(16, 16, kernel_size=(3, 3), stride=(1, 1), padding=(1, 1))
  (mp1): MaxPool2d(kernel_size=(1, 2), stride=(1, 2), padding=0, dilation=1, ceil_mode=False)
  (cnn4): Conv2d(16, 32, kernel_size=(3, 3), stride=(1, 1), dilation=(2, 2))
  (bn3): BatchNorm2d(32, eps=1e-05, momentum=0.1, affine=True, track_running_stats=True)
  (re3): ReLU(inplace=True)
  (cnn5): Conv2d(32, 32, kernel_size=(3, 3), stride=(1, 1), padding=(1, 1))
  (bn4): BatchNorm2d(32, eps=1e-05, momentum=0.1, affine=True, track_running_stats=True)
  (re4): ReLU(inplace=True)
  (cnn6): Conv2d(32, 32, kernel_size=(3, 3), stride=(1, 1), padding=(1, 1))
  (mp2): MaxPool2d(kernel_size=(1, 2), stride=(1, 2), padding=0, dilation=1, ceil_mode=False)
  (cnn7): Conv2d(32, 32, kernel_size=(3, 3), stride=(1, 1), dilation=(4, 4))
  (bn5): BatchNorm2d(32, eps=1e-05, momentum=0.1, affine=True, track_running_stats=True)
  (re5): ReLU(inplace=True)
  (cnn8): Conv2d(32, 32, kernel_size=(3, 3), stride=(1, 1), padding=(1, 1))
  (bn6): BatchNorm2d(32, eps=1e-05, momentum=0.1, affine=True, track_running_stats=True)
  (re6): ReLU(inplace=True)
  (cnn9): Conv2d(32, 32, kernel_size=(3, 3), stride=(1, 1), padding=(1, 1))
  (mp3): MaxPool2d(kernel_size=(2, 2), stride=(2, 2), padding=0, dilation=1, ceil_mode=False)
  (cnn10): Conv2d(32, 32, kernel_size=(3, 3), stride=(1, 1), dilation=(4, 4))
  (bn12): BatchNorm2d(32, eps=1e-05, momentum=0.1, affine=True, track_running_stats=True)
  (re12): ReLU(inplace=True)
  (cnn11): Conv2d(32, 32, kernel_size=(3, 3), stride=(1, 1), padding=(1, 1))
  (bn13): BatchNorm2d(32, eps=1e-05, momentum=0.1, affine=True, track_running_stats=True)
  (re13): ReLU(inplace=True)
  (cnn12): Conv2d(32, 32, kernel_size=(3, 3), stride=(1, 1), padding=(1, 1))
  (mp4): MaxPool2d(kernel_size=(2, 2), stride=(2, 2), padding=0, dilation=1, ceil_mode=False)
  (cnn13): Conv2d(32, 32, kernel_size=(3, 3), stride=(1, 1), dilation=(8, 8))
  (bn14): BatchNorm2d(32, eps=1e-05, momentum=0.1, affine=True, track_running_stats=True)
  (re14): ReLU(inplace=True)
  (cnn14): Conv2d(32, 32, kernel_size=(3, 3), stride=(1, 1), padding=(1, 1))
  (bn15): BatchNorm2d(32, eps=1e-05, momentum=0.1, affine=True, track_running_stats=True)
  (re15): ReLU(inplace=True)
  (cnn15): Conv2d(32, 32, kernel_size=(3, 3), stride=(1, 1), padding=(1, 1))
  (mp5): MaxPool2d(kernel_size=(2, 2), stride=(2, 2), padding=0, dilation=1, ceil_mode=False)
  (cnn16): Conv2d(32, 32, kernel_size=(3, 3), stride=(1, 1), dilation=(8, 8))
  (ln1): Linear(in_features=768, out_features=32, bias=True)
  (bn7): BatchNorm1d(32, eps=1e-05, momentum=0.1, affine=True, track_running_stats=True)
  (re7): ReLU(inplace=True)
  (ln2): Linear(in_features=32, out_features=32, bias=True)
  (bn8): BatchNorm1d(32, eps=1e-05, momentum=0.1, affine=True, track_running_stats=True)
  (re8): ReLU(inplace=True)
  (ln3): Linear(in_features=32, out_features=32, bias=True)
  (bn9): BatchNorm1d(32, eps=1e-05, momentum=0.1, affine=True, track_running_stats=True)
  (re9): ReLU(inplace=True)
  (ln4): Linear(in_features=32, out_features=32, bias=True)
  (bn10): BatchNorm1d(32, eps=1e-05, momentum=0.1, affine=True, track_running_stats=True)
  (re10): ReLU(inplace=True)
  (ln5): Linear(in_features=32, out_features=32, bias=True)
  (bn11): BatchNorm1d(32, eps=1e-05, momentum=0.1, affine=True, track_running_stats=True)
  (re11): ReLU(inplace=True)
  (ln6): Linear(in_features=32, out_features=1, bias=True)
  (sigmoid): Sigmoid()
)

2020-10-16 09:55:06,951 - ===> Model total parameter: 185762

2020-10-16 09:55:07,563 - Train Epoch: 1 [0/3014 (0%)]	Loss: 0.692772
2020-10-16 09:55:27,176 - Train Epoch: 1 [200/3014 (7%)]	Loss: 0.707088
2020-10-16 09:55:46,970 - Train Epoch: 1 [400/3014 (13%)]	Loss: 0.723055
2020-10-16 09:56:06,901 - Train Epoch: 1 [600/3014 (20%)]	Loss: 0.894878
2020-10-16 09:56:26,885 - Train Epoch: 1 [800/3014 (27%)]	Loss: 0.637672
2020-10-16 09:56:46,959 - Train Epoch: 1 [1000/3014 (33%)]	Loss: 0.483128
2020-10-16 09:57:07,083 - Train Epoch: 1 [1200/3014 (40%)]	Loss: 0.277531
2020-10-16 09:57:27,246 - Train Epoch: 1 [1400/3014 (46%)]	Loss: 0.394599
2020-10-16 09:57:47,430 - Train Epoch: 1 [1600/3014 (53%)]	Loss: 0.483200
2020-10-16 09:58:07,634 - Train Epoch: 1 [1800/3014 (60%)]	Loss: 0.447294
2020-10-16 09:58:27,855 - Train Epoch: 1 [2000/3014 (66%)]	Loss: 0.808613
2020-10-16 09:58:48,091 - Train Epoch: 1 [2200/3014 (73%)]	Loss: 0.483321
2020-10-16 09:59:08,345 - Train Epoch: 1 [2400/3014 (80%)]	Loss: 0.367793
2020-10-16 09:59:28,602 - Train Epoch: 1 [2600/3014 (86%)]	Loss: 0.170525
2020-10-16 09:59:48,902 - Train Epoch: 1 [2800/3014 (93%)]	Loss: 0.278072
2020-10-16 10:00:09,244 - Train Epoch: 1 [3000/3014 (99%)]	Loss: 0.254391
2020-10-16 10:00:10,281 - Starting Validation
2020-10-16 10:00:36,861 - ===> Validation set: Average loss: 0.4453	EER: 17.8947

2020-10-16 10:00:36,885 - Snapshot saved to snapshots/attention/attention-2020-10-16_09_55_05-model_best.pth

2020-10-16 10:00:36,885 - #### End epoch 1/30, elapsed time: 329.93401222201646
2020-10-16 10:00:37,292 - Train Epoch: 2 [0/3014 (0%)]	Loss: 0.695417
2020-10-16 10:00:57,649 - Train Epoch: 2 [200/3014 (7%)]	Loss: 0.297379
2020-10-16 10:01:18,005 - Train Epoch: 2 [400/3014 (13%)]	Loss: 0.363571
2020-10-16 10:01:38,376 - Train Epoch: 2 [600/3014 (20%)]	Loss: 0.232537
2020-10-16 10:01:58,746 - Train Epoch: 2 [800/3014 (27%)]	Loss: 0.228872
2020-10-16 10:02:19,118 - Train Epoch: 2 [1000/3014 (33%)]	Loss: 0.175910
2020-10-16 10:02:39,502 - Train Epoch: 2 [1200/3014 (40%)]	Loss: 1.032458
2020-10-16 10:02:59,883 - Train Epoch: 2 [1400/3014 (46%)]	Loss: 0.304568
2020-10-16 10:03:20,268 - Train Epoch: 2 [1600/3014 (53%)]	Loss: 0.455799
2020-10-16 10:03:40,644 - Train Epoch: 2 [1800/3014 (60%)]	Loss: 0.220462
2020-10-16 10:04:01,025 - Train Epoch: 2 [2000/3014 (66%)]	Loss: 0.802972
2020-10-16 10:04:21,405 - Train Epoch: 2 [2200/3014 (73%)]	Loss: 0.816698
2020-10-16 10:04:41,781 - Train Epoch: 2 [2400/3014 (80%)]	Loss: 0.292761
2020-10-16 10:05:02,156 - Train Epoch: 2 [2600/3014 (86%)]	Loss: 0.916823
2020-10-16 10:05:22,523 - Train Epoch: 2 [2800/3014 (93%)]	Loss: 0.964492
2020-10-16 10:05:42,888 - Train Epoch: 2 [3000/3014 (99%)]	Loss: 0.157093
2020-10-16 10:05:43,927 - Starting Validation
2020-10-16 10:06:10,495 - ===> Validation set: Average loss: 0.3567	EER: 11.0526

2020-10-16 10:06:10,519 - Snapshot saved to snapshots/attention/attention-2020-10-16_09_55_05-model_best.pth

2020-10-16 10:06:10,519 - #### End epoch 2/30, elapsed time: 333.6338970219949
2020-10-16 10:06:10,925 - Train Epoch: 3 [0/3014 (0%)]	Loss: 0.209377
2020-10-16 10:06:31,272 - Train Epoch: 3 [200/3014 (7%)]	Loss: 0.427081
2020-10-16 10:06:51,617 - Train Epoch: 3 [400/3014 (13%)]	Loss: 1.005480
2020-10-16 10:07:11,961 - Train Epoch: 3 [600/3014 (20%)]	Loss: 0.104471
2020-10-16 10:07:32,293 - Train Epoch: 3 [800/3014 (27%)]	Loss: 0.149672
2020-10-16 10:07:52,624 - Train Epoch: 3 [1000/3014 (33%)]	Loss: 0.223243
2020-10-16 10:08:12,956 - Train Epoch: 3 [1200/3014 (40%)]	Loss: 0.113856
2020-10-16 10:08:33,290 - Train Epoch: 3 [1400/3014 (46%)]	Loss: 0.267308
2020-10-16 10:08:53,623 - Train Epoch: 3 [1600/3014 (53%)]	Loss: 0.151531
2020-10-16 10:09:13,958 - Train Epoch: 3 [1800/3014 (60%)]	Loss: 0.065515
2020-10-16 10:09:34,292 - Train Epoch: 3 [2000/3014 (66%)]	Loss: 0.384322
2020-10-16 10:09:54,627 - Train Epoch: 3 [2200/3014 (73%)]	Loss: 1.059328
2020-10-16 10:10:14,953 - Train Epoch: 3 [2400/3014 (80%)]	Loss: 0.115978
2020-10-16 10:10:35,288 - Train Epoch: 3 [2600/3014 (86%)]	Loss: 0.545435
2020-10-16 10:10:55,607 - Train Epoch: 3 [2800/3014 (93%)]	Loss: 1.017602
2020-10-16 10:11:15,929 - Train Epoch: 3 [3000/3014 (99%)]	Loss: 1.306460
2020-10-16 10:11:16,964 - Starting Validation
2020-10-16 10:11:43,511 - ===> Validation set: Average loss: 0.2831	EER: 8.6316

2020-10-16 10:11:43,535 - Snapshot saved to snapshots/attention/attention-2020-10-16_09_55_05-model_best.pth

2020-10-16 10:11:43,535 - #### End epoch 3/30, elapsed time: 333.0159138519957
2020-10-16 10:11:43,941 - Train Epoch: 4 [0/3014 (0%)]	Loss: 0.044815
2020-10-16 10:12:04,267 - Train Epoch: 4 [200/3014 (7%)]	Loss: 0.083921
2020-10-16 10:12:24,589 - Train Epoch: 4 [400/3014 (13%)]	Loss: 0.469791
2020-10-16 10:12:44,916 - Train Epoch: 4 [600/3014 (20%)]	Loss: 0.204727
2020-10-16 10:13:05,245 - Train Epoch: 4 [800/3014 (27%)]	Loss: 0.085058
2020-10-16 10:13:25,577 - Train Epoch: 4 [1000/3014 (33%)]	Loss: 0.862754
2020-10-16 10:13:45,903 - Train Epoch: 4 [1200/3014 (40%)]	Loss: 0.195052
2020-10-16 10:14:06,231 - Train Epoch: 4 [1400/3014 (46%)]	Loss: 0.323937
2020-10-16 10:14:26,566 - Train Epoch: 4 [1600/3014 (53%)]	Loss: 0.071536
2020-10-16 10:14:46,909 - Train Epoch: 4 [1800/3014 (60%)]	Loss: 0.118703
2020-10-16 10:15:07,234 - Train Epoch: 4 [2000/3014 (66%)]	Loss: 0.137376
2020-10-16 10:15:27,561 - Train Epoch: 4 [2200/3014 (73%)]	Loss: 0.209267
2020-10-16 10:15:47,892 - Train Epoch: 4 [2400/3014 (80%)]	Loss: 0.093495
2020-10-16 10:16:08,217 - Train Epoch: 4 [2600/3014 (86%)]	Loss: 0.128140
2020-10-16 10:16:28,548 - Train Epoch: 4 [2800/3014 (93%)]	Loss: 0.095013
2020-10-16 10:16:48,871 - Train Epoch: 4 [3000/3014 (99%)]	Loss: 0.161779
2020-10-16 10:16:49,907 - Starting Validation
2020-10-16 10:17:16,456 - ===> Validation set: Average loss: 0.2871	EER: 10.4356

2020-10-16 10:17:16,458 - #### End epoch 4/30, elapsed time: 332.9229850730044
2020-10-16 10:17:16,865 - Train Epoch: 5 [0/3014 (0%)]	Loss: 0.106989
2020-10-16 10:17:37,189 - Train Epoch: 5 [200/3014 (7%)]	Loss: 0.063798
2020-10-16 10:17:57,527 - Train Epoch: 5 [400/3014 (13%)]	Loss: 0.102850
2020-10-16 10:18:17,859 - Train Epoch: 5 [600/3014 (20%)]	Loss: 0.049933
2020-10-16 10:18:38,197 - Train Epoch: 5 [800/3014 (27%)]	Loss: 0.161143
2020-10-16 10:18:58,530 - Train Epoch: 5 [1000/3014 (33%)]	Loss: 0.080229
2020-10-16 10:19:18,860 - Train Epoch: 5 [1200/3014 (40%)]	Loss: 0.973856
2020-10-16 10:19:39,184 - Train Epoch: 5 [1400/3014 (46%)]	Loss: 0.156860
2020-10-16 10:19:59,512 - Train Epoch: 5 [1600/3014 (53%)]	Loss: 0.017693
2020-10-16 10:20:19,838 - Train Epoch: 5 [1800/3014 (60%)]	Loss: 0.019865
2020-10-16 10:20:40,165 - Train Epoch: 5 [2000/3014 (66%)]	Loss: 0.211571
2020-10-16 10:21:00,496 - Train Epoch: 5 [2200/3014 (73%)]	Loss: 0.087776
2020-10-16 10:21:20,819 - Train Epoch: 5 [2400/3014 (80%)]	Loss: 1.542240
2020-10-16 10:21:41,147 - Train Epoch: 5 [2600/3014 (86%)]	Loss: 0.867849
2020-10-16 10:22:01,473 - Train Epoch: 5 [2800/3014 (93%)]	Loss: 0.905247
2020-10-16 10:22:21,795 - Train Epoch: 5 [3000/3014 (99%)]	Loss: 0.048899
2020-10-16 10:22:22,829 - Starting Validation
2020-10-16 10:22:49,343 - ===> Validation set: Average loss: 0.2373	EER: 8.4211

2020-10-16 10:22:49,367 - Snapshot saved to snapshots/attention/attention-2020-10-16_09_55_05-model_best.pth

2020-10-16 10:22:49,367 - #### End epoch 5/30, elapsed time: 332.9087390509958
2020-10-16 10:22:49,773 - Train Epoch: 6 [0/3014 (0%)]	Loss: 0.112595
2020-10-16 10:23:10,084 - Train Epoch: 6 [200/3014 (7%)]	Loss: 0.025929
2020-10-16 10:23:30,404 - Train Epoch: 6 [400/3014 (13%)]	Loss: 0.014880
2020-10-16 10:23:50,735 - Train Epoch: 6 [600/3014 (20%)]	Loss: 0.189619
2020-10-16 10:24:11,058 - Train Epoch: 6 [800/3014 (27%)]	Loss: 0.099400
2020-10-16 10:24:31,389 - Train Epoch: 6 [1000/3014 (33%)]	Loss: 0.230293
2020-10-16 10:24:51,722 - Train Epoch: 6 [1200/3014 (40%)]	Loss: 0.051583
2020-10-16 10:25:12,049 - Train Epoch: 6 [1400/3014 (46%)]	Loss: 0.167474
2020-10-16 10:25:32,375 - Train Epoch: 6 [1600/3014 (53%)]	Loss: 0.017405
2020-10-16 10:25:52,706 - Train Epoch: 6 [1800/3014 (60%)]	Loss: 0.391429
2020-10-16 10:26:13,035 - Train Epoch: 6 [2000/3014 (66%)]	Loss: 0.068939
2020-10-16 10:26:33,360 - Train Epoch: 6 [2200/3014 (73%)]	Loss: 0.027762
2020-10-16 10:26:53,693 - Train Epoch: 6 [2400/3014 (80%)]	Loss: 0.083653
2020-10-16 10:27:14,027 - Train Epoch: 6 [2600/3014 (86%)]	Loss: 0.065400
2020-10-16 10:27:34,358 - Train Epoch: 6 [2800/3014 (93%)]	Loss: 0.043773
2020-10-16 10:27:54,690 - Train Epoch: 6 [3000/3014 (99%)]	Loss: 0.066462
2020-10-16 10:27:55,726 - Starting Validation
2020-10-16 10:28:22,275 - ===> Validation set: Average loss: 0.3359	EER: 12.6316

2020-10-16 10:28:22,277 - #### End epoch 6/30, elapsed time: 332.90983740700176
2020-10-16 10:28:22,683 - Train Epoch: 7 [0/3014 (0%)]	Loss: 0.036693
2020-10-16 10:28:43,009 - Train Epoch: 7 [200/3014 (7%)]	Loss: 0.079881
2020-10-16 10:29:03,329 - Train Epoch: 7 [400/3014 (13%)]	Loss: 0.067804
2020-10-16 10:29:23,655 - Train Epoch: 7 [600/3014 (20%)]	Loss: 0.020361
2020-10-16 10:29:43,982 - Train Epoch: 7 [800/3014 (27%)]	Loss: 0.049726
2020-10-16 10:30:04,323 - Train Epoch: 7 [1000/3014 (33%)]	Loss: 0.230668
2020-10-16 10:30:24,654 - Train Epoch: 7 [1200/3014 (40%)]	Loss: 0.106282
2020-10-16 10:30:44,989 - Train Epoch: 7 [1400/3014 (46%)]	Loss: 0.042030
2020-10-16 10:31:05,320 - Train Epoch: 7 [1600/3014 (53%)]	Loss: 0.108029
2020-10-16 10:31:25,650 - Train Epoch: 7 [1800/3014 (60%)]	Loss: 0.059850
2020-10-16 10:31:45,980 - Train Epoch: 7 [2000/3014 (66%)]	Loss: 0.007737
2020-10-16 10:32:06,308 - Train Epoch: 7 [2200/3014 (73%)]	Loss: 0.113090
2020-10-16 10:32:26,639 - Train Epoch: 7 [2400/3014 (80%)]	Loss: 0.932242
2020-10-16 10:32:46,968 - Train Epoch: 7 [2600/3014 (86%)]	Loss: 0.093620
2020-10-16 10:33:07,301 - Train Epoch: 7 [2800/3014 (93%)]	Loss: 0.076683
2020-10-16 10:33:27,636 - Train Epoch: 7 [3000/3014 (99%)]	Loss: 0.035022
2020-10-16 10:33:28,670 - Starting Validation
2020-10-16 10:33:55,251 - ===> Validation set: Average loss: 0.4458	EER: 11.2742

2020-10-16 10:33:55,253 - #### End epoch 7/30, elapsed time: 332.97600231299293
2020-10-16 10:33:55,659 - Train Epoch: 8 [0/3014 (0%)]	Loss: 0.023159
2020-10-16 10:34:15,993 - Train Epoch: 8 [200/3014 (7%)]	Loss: 0.052819
2020-10-16 10:34:36,324 - Train Epoch: 8 [400/3014 (13%)]	Loss: 0.037006
2020-10-16 10:34:56,657 - Train Epoch: 8 [600/3014 (20%)]	Loss: 0.043966
2020-10-16 10:35:16,988 - Train Epoch: 8 [800/3014 (27%)]	Loss: 0.023427
2020-10-16 10:35:37,315 - Train Epoch: 8 [1000/3014 (33%)]	Loss: 0.044813
2020-10-16 10:35:57,652 - Train Epoch: 8 [1200/3014 (40%)]	Loss: 0.070277
2020-10-16 10:36:17,977 - Train Epoch: 8 [1400/3014 (46%)]	Loss: 0.049457
2020-10-16 10:36:38,299 - Train Epoch: 8 [1600/3014 (53%)]	Loss: 0.815912
2020-10-16 10:36:58,624 - Train Epoch: 8 [1800/3014 (60%)]	Loss: 0.275187
2020-10-16 10:37:18,947 - Train Epoch: 8 [2000/3014 (66%)]	Loss: 0.070962
2020-10-16 10:37:39,278 - Train Epoch: 8 [2200/3014 (73%)]	Loss: 0.029767
2020-10-16 10:37:59,613 - Train Epoch: 8 [2400/3014 (80%)]	Loss: 0.055066
2020-10-16 10:38:19,952 - Train Epoch: 8 [2600/3014 (86%)]	Loss: 0.032820
2020-10-16 10:38:40,278 - Train Epoch: 8 [2800/3014 (93%)]	Loss: 0.037070
2020-10-16 10:39:00,601 - Train Epoch: 8 [3000/3014 (99%)]	Loss: 0.708251
2020-10-16 10:39:01,638 - Starting Validation
2020-10-16 10:39:28,178 - ===> Validation set: Average loss: 0.6634	EER: 12.9574

2020-10-16 10:39:28,179 - #### End epoch 8/30, elapsed time: 332.92653808300383
2020-10-16 10:39:28,586 - Train Epoch: 9 [0/3014 (0%)]	Loss: 0.006463
2020-10-16 10:39:48,902 - Train Epoch: 9 [200/3014 (7%)]	Loss: 0.056733
2020-10-16 10:40:09,225 - Train Epoch: 9 [400/3014 (13%)]	Loss: 0.024725
2020-10-16 10:40:29,552 - Train Epoch: 9 [600/3014 (20%)]	Loss: 0.018757
2020-10-16 10:40:49,884 - Train Epoch: 9 [800/3014 (27%)]	Loss: 0.010209
2020-10-16 10:41:10,219 - Train Epoch: 9 [1000/3014 (33%)]	Loss: 0.037231
2020-10-16 10:41:30,553 - Train Epoch: 9 [1200/3014 (40%)]	Loss: 0.029200
2020-10-16 10:41:50,884 - Train Epoch: 9 [1400/3014 (46%)]	Loss: 0.155322
2020-10-16 10:42:11,218 - Train Epoch: 9 [1600/3014 (53%)]	Loss: 0.028782
2020-10-16 10:42:31,553 - Train Epoch: 9 [1800/3014 (60%)]	Loss: 0.036002
2020-10-16 10:42:51,914 - Train Epoch: 9 [2000/3014 (66%)]	Loss: 0.608197
2020-10-16 10:43:12,266 - Train Epoch: 9 [2200/3014 (73%)]	Loss: 0.006918
2020-10-16 10:43:32,604 - Train Epoch: 9 [2400/3014 (80%)]	Loss: 0.003916
2020-10-16 10:43:52,936 - Train Epoch: 9 [2600/3014 (86%)]	Loss: 0.021252
2020-10-16 10:44:13,265 - Train Epoch: 9 [2800/3014 (93%)]	Loss: 0.011992
2020-10-16 10:44:33,594 - Train Epoch: 9 [3000/3014 (99%)]	Loss: 0.094962
2020-10-16 10:44:34,629 - Starting Validation
2020-10-16 10:45:01,163 - ===> Validation set: Average loss: 0.7716	EER: 19.4737

2020-10-16 10:45:01,164 - #### End epoch 9/30, elapsed time: 332.98491535600624
2020-10-16 10:45:01,583 - Train Epoch: 10 [0/3014 (0%)]	Loss: 0.005490
2020-10-16 10:45:21,899 - Train Epoch: 10 [200/3014 (7%)]	Loss: 0.009397
2020-10-16 10:45:42,234 - Train Epoch: 10 [400/3014 (13%)]	Loss: 0.061360
2020-10-16 10:46:02,565 - Train Epoch: 10 [600/3014 (20%)]	Loss: 0.006632
2020-10-16 10:46:22,904 - Train Epoch: 10 [800/3014 (27%)]	Loss: 0.871789
2020-10-16 10:46:43,236 - Train Epoch: 10 [1000/3014 (33%)]	Loss: 0.004226
2020-10-16 10:47:03,560 - Train Epoch: 10 [1200/3014 (40%)]	Loss: 0.004274
2020-10-16 10:47:23,895 - Train Epoch: 10 [1400/3014 (46%)]	Loss: 0.067459
2020-10-16 10:47:44,221 - Train Epoch: 10 [1600/3014 (53%)]	Loss: 0.083525
2020-10-16 10:48:04,560 - Train Epoch: 10 [1800/3014 (60%)]	Loss: 0.040422
2020-10-16 10:48:24,895 - Train Epoch: 10 [2000/3014 (66%)]	Loss: 0.004761
2020-10-16 10:48:45,239 - Train Epoch: 10 [2200/3014 (73%)]	Loss: 0.703992
2020-10-16 10:49:05,584 - Train Epoch: 10 [2400/3014 (80%)]	Loss: 0.026732
2020-10-16 10:49:25,918 - Train Epoch: 10 [2600/3014 (86%)]	Loss: 0.027868
2020-10-16 10:49:46,260 - Train Epoch: 10 [2800/3014 (93%)]	Loss: 0.048785
2020-10-16 10:50:06,594 - Train Epoch: 10 [3000/3014 (99%)]	Loss: 0.021540
2020-10-16 10:50:07,631 - Starting Validation
2020-10-16 10:50:34,158 - ===> Validation set: Average loss: 0.5966	EER: 11.3158

2020-10-16 10:50:34,160 - #### End epoch 10/30, elapsed time: 332.9833913600014
2020-10-16 10:50:34,160 - #### Avg. training+validation time per epoch: 332.71962317390137
2020-10-16 10:50:34,160 - ===> loading best model for prediction
2020-10-16 10:50:34,204 - Starting evaluation
2020-10-16 10:54:00,876 - ===> Final predictions done. Here is a snippet
2020-10-16 10:54:00,877 - ===> evalidation set: Average loss: 1.2059	EER: 19.4862

2020-10-16 10:54:00,882 - #### Total prediction time: 206.67806272298913
2020-10-16 10:54:00,882 - ################## Success #########################
2020-10-16 10:54:00,882 - Total elapsed time: 3535.588966914016
