2020-11-11 23:07:50,680 - ===> loading train and dev dataset
2020-11-11 23:07:50,683 - ===> loading eval dataset
2020-11-11 23:07:50,690 - ### Model summary below###
 AttenResNet4Deform(
  (pre): Sequential(
    (0): Conv2d(1, 16, kernel_size=(3, 3), stride=(1, 1), padding=(1, 1))
    (1): BatchNorm2d(16, eps=1e-05, momentum=0.1, affine=True, track_running_stats=True)
    (2): ReLU(inplace=True)
    (3): Conv2d(16, 16, kernel_size=(3, 3), stride=(1, 1), padding=(1, 1))
    (4): BatchNorm2d(16, eps=1e-05, momentum=0.1, affine=True, track_running_stats=True)
    (5): ReLU(inplace=True)
  )
  (down1): MaxPool2d(kernel_size=3, stride=(1, 1), padding=0, dilation=1, ceil_mode=False)
  (att1): Sequential(
    (0): Conv2d(16, 16, kernel_size=(3, 3), stride=(1, 1), padding=(1, 1), dilation=(4, 1))
    (1): BatchNorm2d(16, eps=1e-05, momentum=0.1, affine=True, track_running_stats=True)
    (2): ReLU(inplace=True)
  )
  (skip1): Sequential(
    (0): Conv2d(16, 16, kernel_size=(3, 3), stride=(1, 1), padding=(1, 1))
    (1): BatchNorm2d(16, eps=1e-05, momentum=0.1, affine=True, track_running_stats=True)
    (2): ReLU(inplace=True)
  )
  (down2): MaxPool2d(kernel_size=3, stride=(1, 1), padding=0, dilation=1, ceil_mode=False)
  (att2): Sequential(
    (0): Conv2d(16, 16, kernel_size=(3, 3), stride=(1, 1), padding=(1, 1), dilation=(8, 2))
    (1): BatchNorm2d(16, eps=1e-05, momentum=0.1, affine=True, track_running_stats=True)
    (2): ReLU(inplace=True)
  )
  (skip2): Sequential(
    (0): Conv2d(16, 16, kernel_size=(3, 3), stride=(1, 1), padding=(1, 1))
    (1): BatchNorm2d(16, eps=1e-05, momentum=0.1, affine=True, track_running_stats=True)
    (2): ReLU(inplace=True)
  )
  (down3): MaxPool2d(kernel_size=3, stride=(1, 1), padding=0, dilation=1, ceil_mode=False)
  (att3): Sequential(
    (0): Conv2d(16, 16, kernel_size=(3, 3), stride=(1, 1), padding=(1, 1), dilation=(16, 4))
    (1): BatchNorm2d(16, eps=1e-05, momentum=0.1, affine=True, track_running_stats=True)
    (2): ReLU(inplace=True)
  )
  (skip3): Sequential(
    (0): Conv2d(16, 16, kernel_size=(3, 3), stride=(1, 1), padding=(1, 1))
    (1): BatchNorm2d(16, eps=1e-05, momentum=0.1, affine=True, track_running_stats=True)
    (2): ReLU(inplace=True)
  )
  (down4): MaxPool2d(kernel_size=3, stride=(1, 1), padding=0, dilation=1, ceil_mode=False)
  (att4): Sequential(
    (0): Conv2d(16, 16, kernel_size=(3, 3), stride=(1, 1), padding=(1, 1), dilation=(32, 8))
    (1): BatchNorm2d(16, eps=1e-05, momentum=0.1, affine=True, track_running_stats=True)
    (2): ReLU(inplace=True)
  )
  (skip4): Sequential(
    (0): Conv2d(16, 16, kernel_size=(3, 3), stride=(1, 1), padding=(1, 1))
    (1): BatchNorm2d(16, eps=1e-05, momentum=0.1, affine=True, track_running_stats=True)
    (2): ReLU(inplace=True)
  )
  (down5): MaxPool2d(kernel_size=3, stride=(1, 2), padding=0, dilation=1, ceil_mode=False)
  (att5): Sequential(
    (0): Conv2d(16, 16, kernel_size=(3, 3), stride=(1, 1), padding=(1, 1), dilation=(64, 16))
    (1): BatchNorm2d(16, eps=1e-05, momentum=0.1, affine=True, track_running_stats=True)
    (2): ReLU(inplace=True)
    (3): Conv2d(16, 16, kernel_size=(3, 3), stride=(1, 1), padding=(1, 1))
    (4): BatchNorm2d(16, eps=1e-05, momentum=0.1, affine=True, track_running_stats=True)
    (5): ReLU(inplace=True)
  )
  (att6): Sequential(
    (0): Conv2d(16, 16, kernel_size=(3, 3), stride=(1, 1), padding=(1, 1))
    (1): BatchNorm2d(16, eps=1e-05, momentum=0.1, affine=True, track_running_stats=True)
    (2): ReLU(inplace=True)
  )
  (att7): Sequential(
    (0): Conv2d(16, 16, kernel_size=(3, 3), stride=(1, 1), padding=(1, 1))
    (1): BatchNorm2d(16, eps=1e-05, momentum=0.1, affine=True, track_running_stats=True)
    (2): ReLU(inplace=True)
  )
  (att8): Sequential(
    (0): Conv2d(16, 16, kernel_size=(3, 3), stride=(1, 1), padding=(1, 1))
    (1): BatchNorm2d(16, eps=1e-05, momentum=0.1, affine=True, track_running_stats=True)
    (2): ReLU(inplace=True)
  )
  (att9): Sequential(
    (0): Conv2d(16, 16, kernel_size=(3, 3), stride=(1, 1), padding=(1, 1))
    (1): BatchNorm2d(16, eps=1e-05, momentum=0.1, affine=True, track_running_stats=True)
    (2): ReLU(inplace=True)
  )
  (conv1): Sequential(
    (0): BatchNorm2d(16, eps=1e-05, momentum=0.1, affine=True, track_running_stats=True)
    (1): ReLU(inplace=True)
    (2): Conv2d(16, 4, kernel_size=(1, 1), stride=(1, 1))
    (3): BatchNorm2d(4, eps=1e-05, momentum=0.1, affine=True, track_running_stats=True)
    (4): ReLU(inplace=True)
    (5): Conv2d(4, 1, kernel_size=(1, 1), stride=(1, 1))
  )
  (soft): Sigmoid()
  (cnn1): Conv2d(1, 16, kernel_size=(3, 3), stride=(1, 1), padding=(1, 1))
  (bn1): BatchNorm2d(16, eps=1e-05, momentum=0.1, affine=True, track_running_stats=True)
  (re1): ReLU(inplace=True)
  (cnn2): Conv2d(16, 16, kernel_size=(3, 3), stride=(1, 1), padding=(1, 1))
  (bn2): BatchNorm2d(16, eps=1e-05, momentum=0.1, affine=True, track_running_stats=True)
  (re2): ReLU(inplace=True)
  (cnn3): Conv2d(16, 16, kernel_size=(3, 3), stride=(1, 1), padding=(1, 1))
  (mp1): MaxPool2d(kernel_size=(1, 2), stride=(1, 2), padding=0, dilation=1, ceil_mode=False)
  (cnn4): Conv2d(16, 32, kernel_size=(3, 3), stride=(1, 1), dilation=(2, 2))
  (bn3): BatchNorm2d(32, eps=1e-05, momentum=0.1, affine=True, track_running_stats=True)
  (re3): ReLU(inplace=True)
  (cnn5): Conv2d(32, 32, kernel_size=(3, 3), stride=(1, 1), padding=(1, 1))
  (bn4): BatchNorm2d(32, eps=1e-05, momentum=0.1, affine=True, track_running_stats=True)
  (re4): ReLU(inplace=True)
  (cnn6): Conv2d(32, 32, kernel_size=(3, 3), stride=(1, 1), padding=(1, 1))
  (mp2): MaxPool2d(kernel_size=(2, 2), stride=(2, 2), padding=0, dilation=1, ceil_mode=False)
  (cnn7): Conv2d(32, 32, kernel_size=(3, 3), stride=(1, 1), dilation=(4, 4))
  (bn5): BatchNorm2d(32, eps=1e-05, momentum=0.1, affine=True, track_running_stats=True)
  (re5): ReLU(inplace=True)
  (cnn8): Conv2d(32, 32, kernel_size=(3, 3), stride=(1, 1), padding=(1, 1))
  (bn6): BatchNorm2d(32, eps=1e-05, momentum=0.1, affine=True, track_running_stats=True)
  (re6): ReLU(inplace=True)
  (cnn9): Conv2d(32, 32, kernel_size=(3, 3), stride=(1, 1), padding=(1, 1))
  (mp3): MaxPool2d(kernel_size=(2, 2), stride=(2, 2), padding=0, dilation=1, ceil_mode=False)
  (cnn10): Conv2d(32, 32, kernel_size=(3, 3), stride=(1, 1), dilation=(4, 4))
  (bn12): BatchNorm2d(32, eps=1e-05, momentum=0.1, affine=True, track_running_stats=True)
  (re12): ReLU(inplace=True)
  (cnn11): Conv2d(32, 32, kernel_size=(3, 3), stride=(1, 1), padding=(1, 1))
  (bn13): BatchNorm2d(32, eps=1e-05, momentum=0.1, affine=True, track_running_stats=True)
  (re13): ReLU(inplace=True)
  (cnn12): Conv2d(32, 32, kernel_size=(3, 3), stride=(1, 1), padding=(1, 1))
  (mp4): MaxPool2d(kernel_size=(2, 2), stride=(2, 2), padding=0, dilation=1, ceil_mode=False)
  (cnn13): Conv2d(32, 32, kernel_size=(3, 3), stride=(1, 1), dilation=(4, 4))
  (bn14): BatchNorm2d(32, eps=1e-05, momentum=0.1, affine=True, track_running_stats=True)
  (re14): ReLU(inplace=True)
  (cnn14): Conv2d(32, 32, kernel_size=(3, 3), stride=(1, 1), padding=(1, 1))
  (bn15): BatchNorm2d(32, eps=1e-05, momentum=0.1, affine=True, track_running_stats=True)
  (re15): ReLU(inplace=True)
  (cnn15): Conv2d(32, 32, kernel_size=(3, 3), stride=(1, 1), padding=(1, 1))
  (mp5): MaxPool2d(kernel_size=(2, 2), stride=(2, 2), padding=0, dilation=1, ceil_mode=False)
  (cnn16): Conv2d(32, 32, kernel_size=(3, 3), stride=(1, 1), dilation=(2, 2))
  (ln1): Linear(in_features=288, out_features=32, bias=True)
  (bn7): BatchNorm1d(32, eps=1e-05, momentum=0.1, affine=True, track_running_stats=True)
  (re7): ReLU(inplace=True)
  (ln2): Linear(in_features=32, out_features=32, bias=True)
  (bn8): BatchNorm1d(32, eps=1e-05, momentum=0.1, affine=True, track_running_stats=True)
  (re8): ReLU(inplace=True)
  (ln3): Linear(in_features=32, out_features=32, bias=True)
  (bn9): BatchNorm1d(32, eps=1e-05, momentum=0.1, affine=True, track_running_stats=True)
  (re9): ReLU(inplace=True)
  (ln4): Linear(in_features=32, out_features=32, bias=True)
  (bn10): BatchNorm1d(32, eps=1e-05, momentum=0.1, affine=True, track_running_stats=True)
  (re10): ReLU(inplace=True)
  (ln5): Linear(in_features=32, out_features=32, bias=True)
  (bn11): BatchNorm1d(32, eps=1e-05, momentum=0.1, affine=True, track_running_stats=True)
  (re11): ReLU(inplace=True)
  (ln6): Linear(in_features=32, out_features=1, bias=True)
  (sigmoid): Sigmoid()
)

2020-11-11 23:07:50,690 - ===> Model total parameter: 170402

2020-11-11 23:07:50,964 - Train Epoch: 1 [0/3014 (0%)]	Loss: 0.751659
2020-11-11 23:07:54,316 - Train Epoch: 1 [200/3014 (7%)]	Loss: 0.837858
2020-11-11 23:07:57,646 - Train Epoch: 1 [400/3014 (13%)]	Loss: 0.667981
2020-11-11 23:08:00,969 - Train Epoch: 1 [600/3014 (20%)]	Loss: 0.591915
2020-11-11 23:08:04,302 - Train Epoch: 1 [800/3014 (27%)]	Loss: 0.408763
2020-11-11 23:08:07,630 - Train Epoch: 1 [1000/3014 (33%)]	Loss: 0.673877
2020-11-11 23:08:10,977 - Train Epoch: 1 [1200/3014 (40%)]	Loss: 0.374334
2020-11-11 23:08:14,297 - Train Epoch: 1 [1400/3014 (46%)]	Loss: 0.404719
2020-11-11 23:08:17,636 - Train Epoch: 1 [1600/3014 (53%)]	Loss: 0.810952
2020-11-11 23:08:20,957 - Train Epoch: 1 [1800/3014 (60%)]	Loss: 0.402203
2020-11-11 23:08:24,276 - Train Epoch: 1 [2000/3014 (66%)]	Loss: 0.850369
2020-11-11 23:08:27,605 - Train Epoch: 1 [2200/3014 (73%)]	Loss: 0.361268
2020-11-11 23:08:30,968 - Train Epoch: 1 [2400/3014 (80%)]	Loss: 0.463905
2020-11-11 23:08:34,325 - Train Epoch: 1 [2600/3014 (86%)]	Loss: 0.289835
2020-11-11 23:08:37,658 - Train Epoch: 1 [2800/3014 (93%)]	Loss: 0.306088
2020-11-11 23:08:40,990 - Train Epoch: 1 [3000/3014 (99%)]	Loss: 0.261855
2020-11-11 23:08:41,173 - Starting Validation
2020-11-11 23:08:49,164 - ===> Validation set: Average loss: 0.6145	EER: 31.5205

2020-11-11 23:08:49,187 - Snapshot saved to snapshots/attention/attention-2020-11-11_23_07_48-model_best.pth

2020-11-11 23:08:49,187 - #### End epoch 1/30, elapsed time: 58.49710657494143
2020-11-11 23:08:49,255 - Train Epoch: 2 [0/3014 (0%)]	Loss: 0.419545
2020-11-11 23:08:52,603 - Train Epoch: 2 [200/3014 (7%)]	Loss: 0.238931
2020-11-11 23:08:55,939 - Train Epoch: 2 [400/3014 (13%)]	Loss: 0.887084
2020-11-11 23:08:59,280 - Train Epoch: 2 [600/3014 (20%)]	Loss: 0.319632
2020-11-11 23:09:02,641 - Train Epoch: 2 [800/3014 (27%)]	Loss: 0.230655
2020-11-11 23:09:05,988 - Train Epoch: 2 [1000/3014 (33%)]	Loss: 0.233634
2020-11-11 23:09:09,355 - Train Epoch: 2 [1200/3014 (40%)]	Loss: 1.060726
2020-11-11 23:09:12,694 - Train Epoch: 2 [1400/3014 (46%)]	Loss: 0.245654
2020-11-11 23:09:16,062 - Train Epoch: 2 [1600/3014 (53%)]	Loss: 0.319839
2020-11-11 23:09:19,414 - Train Epoch: 2 [1800/3014 (60%)]	Loss: 0.248929
2020-11-11 23:09:22,765 - Train Epoch: 2 [2000/3014 (66%)]	Loss: 0.483161
2020-11-11 23:09:26,117 - Train Epoch: 2 [2200/3014 (73%)]	Loss: 0.812731
2020-11-11 23:09:29,494 - Train Epoch: 2 [2400/3014 (80%)]	Loss: 0.198178
2020-11-11 23:09:32,855 - Train Epoch: 2 [2600/3014 (86%)]	Loss: 0.964369
2020-11-11 23:09:36,193 - Train Epoch: 2 [2800/3014 (93%)]	Loss: 0.911935
2020-11-11 23:09:39,541 - Train Epoch: 2 [3000/3014 (99%)]	Loss: 0.274162
2020-11-11 23:09:39,724 - Starting Validation
2020-11-11 23:09:47,724 - ===> Validation set: Average loss: 0.4718	EER: 20.6316

2020-11-11 23:09:47,747 - Snapshot saved to snapshots/attention/attention-2020-11-11_23_07_48-model_best.pth

2020-11-11 23:09:47,747 - #### End epoch 2/30, elapsed time: 58.56023074500263
2020-11-11 23:09:47,815 - Train Epoch: 3 [0/3014 (0%)]	Loss: 0.281007
2020-11-11 23:09:51,162 - Train Epoch: 3 [200/3014 (7%)]	Loss: 0.164077
2020-11-11 23:09:54,532 - Train Epoch: 3 [400/3014 (13%)]	Loss: 0.975388
2020-11-11 23:09:57,883 - Train Epoch: 3 [600/3014 (20%)]	Loss: 0.179059
2020-11-11 23:10:01,229 - Train Epoch: 3 [800/3014 (27%)]	Loss: 0.671950
2020-11-11 23:10:04,567 - Train Epoch: 3 [1000/3014 (33%)]	Loss: 0.591659
2020-11-11 23:10:07,904 - Train Epoch: 3 [1200/3014 (40%)]	Loss: 0.265453
2020-11-11 23:10:11,243 - Train Epoch: 3 [1400/3014 (46%)]	Loss: 0.192037
2020-11-11 23:10:14,586 - Train Epoch: 3 [1600/3014 (53%)]	Loss: 0.566309
2020-11-11 23:10:17,948 - Train Epoch: 3 [1800/3014 (60%)]	Loss: 0.278571
2020-11-11 23:10:21,293 - Train Epoch: 3 [2000/3014 (66%)]	Loss: 0.160325
2020-11-11 23:10:24,639 - Train Epoch: 3 [2200/3014 (73%)]	Loss: 0.564866
2020-11-11 23:10:27,994 - Train Epoch: 3 [2400/3014 (80%)]	Loss: 0.149957
2020-11-11 23:10:31,343 - Train Epoch: 3 [2600/3014 (86%)]	Loss: 0.486698
2020-11-11 23:10:34,711 - Train Epoch: 3 [2800/3014 (93%)]	Loss: 1.113725
2020-11-11 23:10:38,063 - Train Epoch: 3 [3000/3014 (99%)]	Loss: 1.358802
2020-11-11 23:10:38,246 - Starting Validation
2020-11-11 23:10:46,239 - ===> Validation set: Average loss: 0.4892	EER: 22.0468

2020-11-11 23:10:46,240 - #### End epoch 3/30, elapsed time: 58.493001830298454
2020-11-11 23:10:46,308 - Train Epoch: 4 [0/3014 (0%)]	Loss: 0.088064
2020-11-11 23:10:49,646 - Train Epoch: 4 [200/3014 (7%)]	Loss: 0.067256
2020-11-11 23:10:52,984 - Train Epoch: 4 [400/3014 (13%)]	Loss: 0.329947
2020-11-11 23:10:56,324 - Train Epoch: 4 [600/3014 (20%)]	Loss: 0.489853
2020-11-11 23:10:59,673 - Train Epoch: 4 [800/3014 (27%)]	Loss: 0.147325
2020-11-11 23:11:03,025 - Train Epoch: 4 [1000/3014 (33%)]	Loss: 1.263625
2020-11-11 23:11:06,363 - Train Epoch: 4 [1200/3014 (40%)]	Loss: 0.452572
2020-11-11 23:11:09,707 - Train Epoch: 4 [1400/3014 (46%)]	Loss: 0.154484
2020-11-11 23:11:13,047 - Train Epoch: 4 [1600/3014 (53%)]	Loss: 0.156857
2020-11-11 23:11:16,386 - Train Epoch: 4 [1800/3014 (60%)]	Loss: 0.143276
2020-11-11 23:11:19,726 - Train Epoch: 4 [2000/3014 (66%)]	Loss: 0.168735
2020-11-11 23:11:23,066 - Train Epoch: 4 [2200/3014 (73%)]	Loss: 0.332065
2020-11-11 23:11:26,435 - Train Epoch: 4 [2400/3014 (80%)]	Loss: 0.261978
2020-11-11 23:11:29,800 - Train Epoch: 4 [2600/3014 (86%)]	Loss: 0.289748
2020-11-11 23:11:33,171 - Train Epoch: 4 [2800/3014 (93%)]	Loss: 0.073099
2020-11-11 23:11:36,508 - Train Epoch: 4 [3000/3014 (99%)]	Loss: 0.291503
2020-11-11 23:11:36,690 - Starting Validation
2020-11-11 23:11:44,668 - ===> Validation set: Average loss: 0.4660	EER: 21.4662

2020-11-11 23:11:44,670 - #### End epoch 4/30, elapsed time: 58.42937074275687
2020-11-11 23:11:44,737 - Train Epoch: 5 [0/3014 (0%)]	Loss: 0.179950
2020-11-11 23:11:48,101 - Train Epoch: 5 [200/3014 (7%)]	Loss: 0.195054
2020-11-11 23:11:51,447 - Train Epoch: 5 [400/3014 (13%)]	Loss: 0.255686
2020-11-11 23:11:54,790 - Train Epoch: 5 [600/3014 (20%)]	Loss: 0.166440
2020-11-11 23:11:58,127 - Train Epoch: 5 [800/3014 (27%)]	Loss: 0.108114
2020-11-11 23:12:01,480 - Train Epoch: 5 [1000/3014 (33%)]	Loss: 0.236944
2020-11-11 23:12:04,826 - Train Epoch: 5 [1200/3014 (40%)]	Loss: 1.305612
2020-11-11 23:12:08,164 - Train Epoch: 5 [1400/3014 (46%)]	Loss: 0.124900
2020-11-11 23:12:11,526 - Train Epoch: 5 [1600/3014 (53%)]	Loss: 0.042786
2020-11-11 23:12:14,943 - Train Epoch: 5 [1800/3014 (60%)]	Loss: 0.059406
2020-11-11 23:12:18,300 - Train Epoch: 5 [2000/3014 (66%)]	Loss: 0.462608
2020-11-11 23:12:21,678 - Train Epoch: 5 [2200/3014 (73%)]	Loss: 0.181529
2020-11-11 23:12:25,040 - Train Epoch: 5 [2400/3014 (80%)]	Loss: 1.069252
2020-11-11 23:12:28,383 - Train Epoch: 5 [2600/3014 (86%)]	Loss: 0.916102
2020-11-11 23:12:31,728 - Train Epoch: 5 [2800/3014 (93%)]	Loss: 1.410916
2020-11-11 23:12:35,078 - Train Epoch: 5 [3000/3014 (99%)]	Loss: 0.046963
2020-11-11 23:12:35,261 - Starting Validation
2020-11-11 23:12:43,261 - ===> Validation set: Average loss: 0.3665	EER: 15.2632

2020-11-11 23:12:43,284 - Snapshot saved to snapshots/attention/attention-2020-11-11_23_07_48-model_best.pth

2020-11-11 23:12:43,284 - #### End epoch 5/30, elapsed time: 58.614039570093155
2020-11-11 23:12:43,352 - Train Epoch: 6 [0/3014 (0%)]	Loss: 0.222623
2020-11-11 23:12:46,698 - Train Epoch: 6 [200/3014 (7%)]	Loss: 0.099587
2020-11-11 23:12:50,036 - Train Epoch: 6 [400/3014 (13%)]	Loss: 0.114333
2020-11-11 23:12:53,379 - Train Epoch: 6 [600/3014 (20%)]	Loss: 0.122907
2020-11-11 23:12:56,723 - Train Epoch: 6 [800/3014 (27%)]	Loss: 0.510068
2020-11-11 23:13:00,110 - Train Epoch: 6 [1000/3014 (33%)]	Loss: 0.370570
2020-11-11 23:13:03,449 - Train Epoch: 6 [1200/3014 (40%)]	Loss: 0.171889
2020-11-11 23:13:06,792 - Train Epoch: 6 [1400/3014 (46%)]	Loss: 0.263913
2020-11-11 23:13:10,133 - Train Epoch: 6 [1600/3014 (53%)]	Loss: 0.026645
2020-11-11 23:13:13,482 - Train Epoch: 6 [1800/3014 (60%)]	Loss: 0.147967
2020-11-11 23:13:16,821 - Train Epoch: 6 [2000/3014 (66%)]	Loss: 0.121387
2020-11-11 23:13:20,173 - Train Epoch: 6 [2200/3014 (73%)]	Loss: 0.021411
2020-11-11 23:13:23,534 - Train Epoch: 6 [2400/3014 (80%)]	Loss: 0.240284
2020-11-11 23:13:26,873 - Train Epoch: 6 [2600/3014 (86%)]	Loss: 0.154321
2020-11-11 23:13:30,228 - Train Epoch: 6 [2800/3014 (93%)]	Loss: 0.201697
2020-11-11 23:13:33,567 - Train Epoch: 6 [3000/3014 (99%)]	Loss: 0.122679
2020-11-11 23:13:33,750 - Starting Validation
2020-11-11 23:13:41,742 - ===> Validation set: Average loss: 0.4670	EER: 13.1579

2020-11-11 23:13:41,765 - Snapshot saved to snapshots/attention/attention-2020-11-11_23_07_48-model_best.pth

2020-11-11 23:13:41,765 - #### End epoch 6/30, elapsed time: 58.481257691048086
2020-11-11 23:13:41,833 - Train Epoch: 7 [0/3014 (0%)]	Loss: 0.055838
2020-11-11 23:13:45,191 - Train Epoch: 7 [200/3014 (7%)]	Loss: 0.070846
2020-11-11 23:13:48,526 - Train Epoch: 7 [400/3014 (13%)]	Loss: 0.098441
2020-11-11 23:13:51,893 - Train Epoch: 7 [600/3014 (20%)]	Loss: 0.053181
2020-11-11 23:13:55,232 - Train Epoch: 7 [800/3014 (27%)]	Loss: 0.329181
2020-11-11 23:13:58,581 - Train Epoch: 7 [1000/3014 (33%)]	Loss: 0.440173
2020-11-11 23:14:01,922 - Train Epoch: 7 [1200/3014 (40%)]	Loss: 0.199141
2020-11-11 23:14:05,260 - Train Epoch: 7 [1400/3014 (46%)]	Loss: 0.814535
2020-11-11 23:14:08,603 - Train Epoch: 7 [1600/3014 (53%)]	Loss: 0.266265
2020-11-11 23:14:11,940 - Train Epoch: 7 [1800/3014 (60%)]	Loss: 0.793302
2020-11-11 23:14:15,277 - Train Epoch: 7 [2000/3014 (66%)]	Loss: 0.186753
2020-11-11 23:14:18,642 - Train Epoch: 7 [2200/3014 (73%)]	Loss: 0.131540
2020-11-11 23:14:22,039 - Train Epoch: 7 [2400/3014 (80%)]	Loss: 0.970861
2020-11-11 23:14:25,383 - Train Epoch: 7 [2600/3014 (86%)]	Loss: 0.122527
2020-11-11 23:14:28,744 - Train Epoch: 7 [2800/3014 (93%)]	Loss: 0.268579
2020-11-11 23:14:32,105 - Train Epoch: 7 [3000/3014 (99%)]	Loss: 0.057133
2020-11-11 23:14:32,288 - Starting Validation
2020-11-11 23:14:40,285 - ===> Validation set: Average loss: 0.4208	EER: 14.2105

2020-11-11 23:14:40,287 - #### End epoch 7/30, elapsed time: 58.52169304480776
2020-11-11 23:14:40,355 - Train Epoch: 8 [0/3014 (0%)]	Loss: 0.028285
2020-11-11 23:14:43,698 - Train Epoch: 8 [200/3014 (7%)]	Loss: 0.072274
2020-11-11 23:14:47,037 - Train Epoch: 8 [400/3014 (13%)]	Loss: 0.076622
2020-11-11 23:14:50,388 - Train Epoch: 8 [600/3014 (20%)]	Loss: 0.139713
2020-11-11 23:14:53,766 - Train Epoch: 8 [800/3014 (27%)]	Loss: 0.071896
2020-11-11 23:14:57,110 - Train Epoch: 8 [1000/3014 (33%)]	Loss: 0.238365
2020-11-11 23:15:00,480 - Train Epoch: 8 [1200/3014 (40%)]	Loss: 0.075485
2020-11-11 23:15:03,843 - Train Epoch: 8 [1400/3014 (46%)]	Loss: 0.185321
2020-11-11 23:15:07,195 - Train Epoch: 8 [1600/3014 (53%)]	Loss: 0.725485
2020-11-11 23:15:10,541 - Train Epoch: 8 [1800/3014 (60%)]	Loss: 0.176970
2020-11-11 23:15:13,892 - Train Epoch: 8 [2000/3014 (66%)]	Loss: 0.154450
2020-11-11 23:15:17,256 - Train Epoch: 8 [2200/3014 (73%)]	Loss: 0.083734
2020-11-11 23:15:20,598 - Train Epoch: 8 [2400/3014 (80%)]	Loss: 0.059190
2020-11-11 23:15:23,952 - Train Epoch: 8 [2600/3014 (86%)]	Loss: 0.052668
2020-11-11 23:15:27,296 - Train Epoch: 8 [2800/3014 (93%)]	Loss: 0.083876
2020-11-11 23:15:30,644 - Train Epoch: 8 [3000/3014 (99%)]	Loss: 0.716388
2020-11-11 23:15:30,833 - Starting Validation
2020-11-11 23:15:38,823 - ===> Validation set: Average loss: 0.6894	EER: 11.0607

2020-11-11 23:15:38,846 - Snapshot saved to snapshots/attention/attention-2020-11-11_23_07_48-model_best.pth

2020-11-11 23:15:38,846 - #### End epoch 8/30, elapsed time: 58.55924730701372
2020-11-11 23:15:38,915 - Train Epoch: 9 [0/3014 (0%)]	Loss: 0.022281
2020-11-11 23:15:42,255 - Train Epoch: 9 [200/3014 (7%)]	Loss: 0.033738
2020-11-11 23:15:45,597 - Train Epoch: 9 [400/3014 (13%)]	Loss: 0.039282
2020-11-11 23:15:48,942 - Train Epoch: 9 [600/3014 (20%)]	Loss: 0.075096
2020-11-11 23:15:52,281 - Train Epoch: 9 [800/3014 (27%)]	Loss: 0.012021
2020-11-11 23:15:55,638 - Train Epoch: 9 [1000/3014 (33%)]	Loss: 0.079673
2020-11-11 23:15:58,978 - Train Epoch: 9 [1200/3014 (40%)]	Loss: 0.541106
2020-11-11 23:16:02,315 - Train Epoch: 9 [1400/3014 (46%)]	Loss: 0.093397
2020-11-11 23:16:05,655 - Train Epoch: 9 [1600/3014 (53%)]	Loss: 0.036434
2020-11-11 23:16:08,995 - Train Epoch: 9 [1800/3014 (60%)]	Loss: 0.039805
2020-11-11 23:16:12,351 - Train Epoch: 9 [2000/3014 (66%)]	Loss: 0.164782
2020-11-11 23:16:15,717 - Train Epoch: 9 [2200/3014 (73%)]	Loss: 0.006772
2020-11-11 23:16:19,080 - Train Epoch: 9 [2400/3014 (80%)]	Loss: 0.006396
2020-11-11 23:16:22,467 - Train Epoch: 9 [2600/3014 (86%)]	Loss: 0.104449
2020-11-11 23:16:25,807 - Train Epoch: 9 [2800/3014 (93%)]	Loss: 0.005968
2020-11-11 23:16:29,151 - Train Epoch: 9 [3000/3014 (99%)]	Loss: 0.024333
2020-11-11 23:16:29,337 - Starting Validation
2020-11-11 23:16:37,331 - ===> Validation set: Average loss: 0.5307	EER: 12.4211

2020-11-11 23:16:37,333 - #### End epoch 9/30, elapsed time: 58.486146334093064
2020-11-11 23:16:37,400 - Train Epoch: 10 [0/3014 (0%)]	Loss: 0.006192
2020-11-11 23:16:40,769 - Train Epoch: 10 [200/3014 (7%)]	Loss: 0.012574
2020-11-11 23:16:44,107 - Train Epoch: 10 [400/3014 (13%)]	Loss: 0.046757
2020-11-11 23:16:47,453 - Train Epoch: 10 [600/3014 (20%)]	Loss: 0.005846
2020-11-11 23:16:50,790 - Train Epoch: 10 [800/3014 (27%)]	Loss: 0.614315
2020-11-11 23:16:54,134 - Train Epoch: 10 [1000/3014 (33%)]	Loss: 0.009379
2020-11-11 23:16:57,501 - Train Epoch: 10 [1200/3014 (40%)]	Loss: 0.006790
2020-11-11 23:17:00,840 - Train Epoch: 10 [1400/3014 (46%)]	Loss: 0.193894
2020-11-11 23:17:04,178 - Train Epoch: 10 [1600/3014 (53%)]	Loss: 0.099701
2020-11-11 23:17:07,524 - Train Epoch: 10 [1800/3014 (60%)]	Loss: 0.023047
2020-11-11 23:17:10,899 - Train Epoch: 10 [2000/3014 (66%)]	Loss: 0.018082
2020-11-11 23:17:14,238 - Train Epoch: 10 [2200/3014 (73%)]	Loss: 0.889386
2020-11-11 23:17:17,601 - Train Epoch: 10 [2400/3014 (80%)]	Loss: 0.026534
2020-11-11 23:17:20,954 - Train Epoch: 10 [2600/3014 (86%)]	Loss: 0.025977
2020-11-11 23:17:24,340 - Train Epoch: 10 [2800/3014 (93%)]	Loss: 0.019061
2020-11-11 23:17:27,680 - Train Epoch: 10 [3000/3014 (99%)]	Loss: 0.018386
2020-11-11 23:17:27,863 - Starting Validation
2020-11-11 23:17:35,861 - ===> Validation set: Average loss: 0.7038	EER: 13.6613

2020-11-11 23:17:35,863 - #### End epoch 10/30, elapsed time: 58.53053605509922
2020-11-11 23:17:35,931 - Train Epoch: 11 [0/3014 (0%)]	Loss: 0.022556
2020-11-11 23:17:39,270 - Train Epoch: 11 [200/3014 (7%)]	Loss: 0.855666
2020-11-11 23:17:42,632 - Train Epoch: 11 [400/3014 (13%)]	Loss: 0.042366
2020-11-11 23:17:45,991 - Train Epoch: 11 [600/3014 (20%)]	Loss: 0.952416
2020-11-11 23:17:49,332 - Train Epoch: 11 [800/3014 (27%)]	Loss: 0.049293
2020-11-11 23:17:52,680 - Train Epoch: 11 [1000/3014 (33%)]	Loss: 1.148361
2020-11-11 23:17:56,044 - Train Epoch: 11 [1200/3014 (40%)]	Loss: 0.005784
2020-11-11 23:17:59,383 - Train Epoch: 11 [1400/3014 (46%)]	Loss: 0.031004
2020-11-11 23:18:02,721 - Train Epoch: 11 [1600/3014 (53%)]	Loss: 0.019182
2020-11-11 23:18:06,086 - Train Epoch: 11 [1800/3014 (60%)]	Loss: 0.107413
2020-11-11 23:18:09,436 - Train Epoch: 11 [2000/3014 (66%)]	Loss: 0.045294
2020-11-11 23:18:12,786 - Train Epoch: 11 [2200/3014 (73%)]	Loss: 0.726219
2020-11-11 23:18:16,127 - Train Epoch: 11 [2400/3014 (80%)]	Loss: 0.038672
2020-11-11 23:18:19,484 - Train Epoch: 11 [2600/3014 (86%)]	Loss: 0.133482
2020-11-11 23:18:22,855 - Train Epoch: 11 [2800/3014 (93%)]	Loss: 0.036548
2020-11-11 23:18:26,220 - Train Epoch: 11 [3000/3014 (99%)]	Loss: 0.133432
2020-11-11 23:18:26,403 - Starting Validation
2020-11-11 23:18:34,409 - ===> Validation set: Average loss: 0.3258	EER: 11.7974

2020-11-11 23:18:34,411 - #### End epoch 11/30, elapsed time: 58.54732341086492
2020-11-11 23:18:34,478 - Train Epoch: 12 [0/3014 (0%)]	Loss: 0.050516
2020-11-11 23:18:37,846 - Train Epoch: 12 [200/3014 (7%)]	Loss: 0.005211
2020-11-11 23:18:41,216 - Train Epoch: 12 [400/3014 (13%)]	Loss: 0.064874
2020-11-11 23:18:44,562 - Train Epoch: 12 [600/3014 (20%)]	Loss: 0.018491
2020-11-11 23:18:47,901 - Train Epoch: 12 [800/3014 (27%)]	Loss: 0.115961
2020-11-11 23:18:51,239 - Train Epoch: 12 [1000/3014 (33%)]	Loss: 0.004111
2020-11-11 23:18:54,587 - Train Epoch: 12 [1200/3014 (40%)]	Loss: 0.054418
2020-11-11 23:18:57,928 - Train Epoch: 12 [1400/3014 (46%)]	Loss: 0.003293
2020-11-11 23:19:01,298 - Train Epoch: 12 [1600/3014 (53%)]	Loss: 0.004051
2020-11-11 23:19:04,644 - Train Epoch: 12 [1800/3014 (60%)]	Loss: 0.874207
2020-11-11 23:19:08,023 - Train Epoch: 12 [2000/3014 (66%)]	Loss: 0.020223
2020-11-11 23:19:11,364 - Train Epoch: 12 [2200/3014 (73%)]	Loss: 0.051254
2020-11-11 23:19:14,723 - Train Epoch: 12 [2400/3014 (80%)]	Loss: 0.031530
2020-11-11 23:19:18,071 - Train Epoch: 12 [2600/3014 (86%)]	Loss: 0.067174
2020-11-11 23:19:21,407 - Train Epoch: 12 [2800/3014 (93%)]	Loss: 0.016723
2020-11-11 23:19:24,751 - Train Epoch: 12 [3000/3014 (99%)]	Loss: 0.004579
2020-11-11 23:19:24,934 - Starting Validation
2020-11-11 23:19:32,918 - ===> Validation set: Average loss: 0.5442	EER: 12.7632

2020-11-11 23:19:32,919 - #### End epoch 12/30, elapsed time: 58.50877141812816
2020-11-11 23:19:32,987 - Train Epoch: 13 [0/3014 (0%)]	Loss: 0.089797
2020-11-11 23:19:36,329 - Train Epoch: 13 [200/3014 (7%)]	Loss: 0.041260
2020-11-11 23:19:39,674 - Train Epoch: 13 [400/3014 (13%)]	Loss: 0.666392
2020-11-11 23:19:43,038 - Train Epoch: 13 [600/3014 (20%)]	Loss: 0.004767
2020-11-11 23:19:46,382 - Train Epoch: 13 [800/3014 (27%)]	Loss: 0.023517
2020-11-11 23:19:49,726 - Train Epoch: 13 [1000/3014 (33%)]	Loss: 0.067680
2020-11-11 23:19:53,074 - Train Epoch: 13 [1200/3014 (40%)]	Loss: 0.005846
2020-11-11 23:19:56,429 - Train Epoch: 13 [1400/3014 (46%)]	Loss: 0.023919
2020-11-11 23:19:59,768 - Train Epoch: 13 [1600/3014 (53%)]	Loss: 0.005926
2020-11-11 23:20:03,110 - Train Epoch: 13 [1800/3014 (60%)]	Loss: 0.759111
2020-11-11 23:20:06,467 - Train Epoch: 13 [2000/3014 (66%)]	Loss: 0.011907
2020-11-11 23:20:09,804 - Train Epoch: 13 [2200/3014 (73%)]	Loss: 0.082296
2020-11-11 23:20:13,142 - Train Epoch: 13 [2400/3014 (80%)]	Loss: 0.013522
2020-11-11 23:20:16,489 - Train Epoch: 13 [2600/3014 (86%)]	Loss: 0.017798
2020-11-11 23:20:19,827 - Train Epoch: 13 [2800/3014 (93%)]	Loss: 0.004322
2020-11-11 23:20:23,165 - Train Epoch: 13 [3000/3014 (99%)]	Loss: 0.003438
2020-11-11 23:20:23,347 - Starting Validation
2020-11-11 23:20:31,324 - ===> Validation set: Average loss: 0.7662	EER: 13.1579

2020-11-11 23:20:31,326 - #### End epoch 13/30, elapsed time: 58.40665300237015
2020-11-11 23:20:31,326 - #### Avg. training+validation time per epoch: 58.510413671270584
2020-11-11 23:20:31,326 - ===> loading best model for prediction
2020-11-11 23:20:31,371 - Starting evaluation
2020-11-11 23:21:33,239 - ===> Final predictions done. Here is a snippet
2020-11-11 23:21:33,239 - ===> evalidation set: Average loss: 2.4871	EER: 23.6518

2020-11-11 23:21:33,244 - #### Total prediction time: 61.87371854390949
2020-11-11 23:21:33,244 - ################## Success #########################
2020-11-11 23:21:33,245 - Total elapsed time: 824.2195963016711
