2020-10-16 01:00:40,123 - ===> loading train and dev dataset
2020-10-16 01:00:40,125 - ===> loading eval dataset
2020-10-16 01:00:40,133 - ### Model summary below###
 AttenResNet2(
  (pre): Sequential(
    (0): Conv2d(1, 16, kernel_size=(3, 3), stride=(1, 1), padding=(1, 1))
    (1): BatchNorm2d(16, eps=1e-05, momentum=0.1, affine=True, track_running_stats=True)
    (2): ReLU(inplace=True)
    (3): Conv2d(16, 16, kernel_size=(3, 3), stride=(1, 1), padding=(1, 1))
    (4): BatchNorm2d(16, eps=1e-05, momentum=0.1, affine=True, track_running_stats=True)
    (5): ReLU(inplace=True)
  )
  (down1): MaxPool2d(kernel_size=3, stride=(1, 1), padding=0, dilation=1, ceil_mode=False)
  (att1): Sequential(
    (0): Conv2d(16, 16, kernel_size=(3, 3), stride=(1, 1), padding=(1, 1), dilation=(4, 8))
    (1): BatchNorm2d(16, eps=1e-05, momentum=0.1, affine=True, track_running_stats=True)
    (2): ReLU(inplace=True)
  )
  (skip1): Sequential(
    (0): Conv2d(16, 16, kernel_size=(3, 3), stride=(1, 1), padding=(1, 1))
    (1): BatchNorm2d(16, eps=1e-05, momentum=0.1, affine=True, track_running_stats=True)
    (2): ReLU(inplace=True)
  )
  (down2): MaxPool2d(kernel_size=3, stride=(1, 1), padding=0, dilation=1, ceil_mode=False)
  (att2): Sequential(
    (0): Conv2d(16, 16, kernel_size=(3, 3), stride=(1, 1), padding=(1, 1), dilation=(8, 16))
    (1): BatchNorm2d(16, eps=1e-05, momentum=0.1, affine=True, track_running_stats=True)
    (2): ReLU(inplace=True)
  )
  (skip2): Sequential(
    (0): Conv2d(16, 16, kernel_size=(3, 3), stride=(1, 1), padding=(1, 1))
    (1): BatchNorm2d(16, eps=1e-05, momentum=0.1, affine=True, track_running_stats=True)
    (2): ReLU(inplace=True)
  )
  (down3): MaxPool2d(kernel_size=3, stride=(1, 1), padding=0, dilation=1, ceil_mode=False)
  (att3): Sequential(
    (0): Conv2d(16, 16, kernel_size=(3, 3), stride=(1, 1), padding=(1, 1), dilation=(16, 32))
    (1): BatchNorm2d(16, eps=1e-05, momentum=0.1, affine=True, track_running_stats=True)
    (2): ReLU(inplace=True)
  )
  (skip3): Sequential(
    (0): Conv2d(16, 16, kernel_size=(3, 3), stride=(1, 1), padding=(1, 1))
    (1): BatchNorm2d(16, eps=1e-05, momentum=0.1, affine=True, track_running_stats=True)
    (2): ReLU(inplace=True)
  )
  (down4): MaxPool2d(kernel_size=3, stride=(1, 1), padding=0, dilation=1, ceil_mode=False)
  (att4): Sequential(
    (0): Conv2d(16, 16, kernel_size=(3, 3), stride=(1, 1), padding=(1, 1), dilation=(32, 64))
    (1): BatchNorm2d(16, eps=1e-05, momentum=0.1, affine=True, track_running_stats=True)
    (2): ReLU(inplace=True)
  )
  (skip4): Sequential(
    (0): Conv2d(16, 16, kernel_size=(3, 3), stride=(1, 1), padding=(1, 1))
    (1): BatchNorm2d(16, eps=1e-05, momentum=0.1, affine=True, track_running_stats=True)
    (2): ReLU(inplace=True)
  )
  (down5): MaxPool2d(kernel_size=3, stride=(1, 2), padding=0, dilation=1, ceil_mode=False)
  (att5): Sequential(
    (0): Conv2d(16, 16, kernel_size=(3, 3), stride=(1, 1), padding=(1, 1), dilation=(64, 128))
    (1): BatchNorm2d(16, eps=1e-05, momentum=0.1, affine=True, track_running_stats=True)
    (2): ReLU(inplace=True)
    (3): Conv2d(16, 16, kernel_size=(3, 3), stride=(1, 1), padding=(1, 1))
    (4): BatchNorm2d(16, eps=1e-05, momentum=0.1, affine=True, track_running_stats=True)
    (5): ReLU(inplace=True)
  )
  (up5): UpsamplingBilinear2d(size=(137, 851), mode=bilinear)
  (att6): Sequential(
    (0): Conv2d(16, 16, kernel_size=(3, 3), stride=(1, 1), padding=(1, 1))
    (1): BatchNorm2d(16, eps=1e-05, momentum=0.1, affine=True, track_running_stats=True)
    (2): ReLU(inplace=True)
  )
  (up4): UpsamplingBilinear2d(size=(201, 979), mode=bilinear)
  (att7): Sequential(
    (0): Conv2d(16, 16, kernel_size=(3, 3), stride=(1, 1), padding=(1, 1))
    (1): BatchNorm2d(16, eps=1e-05, momentum=0.1, affine=True, track_running_stats=True)
    (2): ReLU(inplace=True)
  )
  (up3): UpsamplingBilinear2d(size=(233, 1043), mode=bilinear)
  (att8): Sequential(
    (0): Conv2d(16, 16, kernel_size=(3, 3), stride=(1, 1), padding=(1, 1))
    (1): BatchNorm2d(16, eps=1e-05, momentum=0.1, affine=True, track_running_stats=True)
    (2): ReLU(inplace=True)
  )
  (up2): UpsamplingBilinear2d(size=(249, 1075), mode=bilinear)
  (att9): Sequential(
    (0): Conv2d(16, 16, kernel_size=(3, 3), stride=(1, 1), padding=(1, 1))
    (1): BatchNorm2d(16, eps=1e-05, momentum=0.1, affine=True, track_running_stats=True)
    (2): ReLU(inplace=True)
  )
  (up1): UpsamplingBilinear2d(size=(257, 1091), mode=bilinear)
  (conv1): Sequential(
    (0): BatchNorm2d(16, eps=1e-05, momentum=0.1, affine=True, track_running_stats=True)
    (1): ReLU(inplace=True)
    (2): Conv2d(16, 4, kernel_size=(1, 1), stride=(1, 1))
    (3): BatchNorm2d(4, eps=1e-05, momentum=0.1, affine=True, track_running_stats=True)
    (4): ReLU(inplace=True)
    (5): Conv2d(4, 1, kernel_size=(1, 1), stride=(1, 1))
  )
  (soft): Sigmoid()
  (cnn1): Conv2d(1, 16, kernel_size=(3, 3), stride=(1, 1), padding=(1, 1))
  (bn1): BatchNorm2d(16, eps=1e-05, momentum=0.1, affine=True, track_running_stats=True)
  (re1): ReLU(inplace=True)
  (cnn2): Conv2d(16, 16, kernel_size=(3, 3), stride=(1, 1), padding=(1, 1))
  (bn2): BatchNorm2d(16, eps=1e-05, momentum=0.1, affine=True, track_running_stats=True)
  (re2): ReLU(inplace=True)
  (cnn3): Conv2d(16, 16, kernel_size=(3, 3), stride=(1, 1), padding=(1, 1))
  (mp1): MaxPool2d(kernel_size=(1, 2), stride=(1, 2), padding=0, dilation=1, ceil_mode=False)
  (cnn4): Conv2d(16, 32, kernel_size=(3, 3), stride=(1, 1), dilation=(2, 2))
  (bn3): BatchNorm2d(32, eps=1e-05, momentum=0.1, affine=True, track_running_stats=True)
  (re3): ReLU(inplace=True)
  (cnn5): Conv2d(32, 32, kernel_size=(3, 3), stride=(1, 1), padding=(1, 1))
  (bn4): BatchNorm2d(32, eps=1e-05, momentum=0.1, affine=True, track_running_stats=True)
  (re4): ReLU(inplace=True)
  (cnn6): Conv2d(32, 32, kernel_size=(3, 3), stride=(1, 1), padding=(1, 1))
  (mp2): MaxPool2d(kernel_size=(1, 2), stride=(1, 2), padding=0, dilation=1, ceil_mode=False)
  (cnn7): Conv2d(32, 32, kernel_size=(3, 3), stride=(1, 1), dilation=(4, 4))
  (bn5): BatchNorm2d(32, eps=1e-05, momentum=0.1, affine=True, track_running_stats=True)
  (re5): ReLU(inplace=True)
  (cnn8): Conv2d(32, 32, kernel_size=(3, 3), stride=(1, 1), padding=(1, 1))
  (bn6): BatchNorm2d(32, eps=1e-05, momentum=0.1, affine=True, track_running_stats=True)
  (re6): ReLU(inplace=True)
  (cnn9): Conv2d(32, 32, kernel_size=(3, 3), stride=(1, 1), padding=(1, 1))
  (mp3): MaxPool2d(kernel_size=(2, 2), stride=(2, 2), padding=0, dilation=1, ceil_mode=False)
  (cnn10): Conv2d(32, 32, kernel_size=(3, 3), stride=(1, 1), dilation=(4, 4))
  (bn12): BatchNorm2d(32, eps=1e-05, momentum=0.1, affine=True, track_running_stats=True)
  (re12): ReLU(inplace=True)
  (cnn11): Conv2d(32, 32, kernel_size=(3, 3), stride=(1, 1), padding=(1, 1))
  (bn13): BatchNorm2d(32, eps=1e-05, momentum=0.1, affine=True, track_running_stats=True)
  (re13): ReLU(inplace=True)
  (cnn12): Conv2d(32, 32, kernel_size=(3, 3), stride=(1, 1), padding=(1, 1))
  (mp4): MaxPool2d(kernel_size=(2, 2), stride=(2, 2), padding=0, dilation=1, ceil_mode=False)
  (cnn13): Conv2d(32, 32, kernel_size=(3, 3), stride=(1, 1), dilation=(8, 8))
  (bn14): BatchNorm2d(32, eps=1e-05, momentum=0.1, affine=True, track_running_stats=True)
  (re14): ReLU(inplace=True)
  (cnn14): Conv2d(32, 32, kernel_size=(3, 3), stride=(1, 1), padding=(1, 1))
  (bn15): BatchNorm2d(32, eps=1e-05, momentum=0.1, affine=True, track_running_stats=True)
  (re15): ReLU(inplace=True)
  (cnn15): Conv2d(32, 32, kernel_size=(3, 3), stride=(1, 1), padding=(1, 1))
  (mp5): MaxPool2d(kernel_size=(2, 2), stride=(2, 2), padding=0, dilation=1, ceil_mode=False)
  (cnn16): Conv2d(32, 32, kernel_size=(3, 3), stride=(1, 1), dilation=(8, 8))
  (ln1): Linear(in_features=768, out_features=32, bias=True)
  (bn7): BatchNorm1d(32, eps=1e-05, momentum=0.1, affine=True, track_running_stats=True)
  (re7): ReLU(inplace=True)
  (ln2): Linear(in_features=32, out_features=32, bias=True)
  (bn8): BatchNorm1d(32, eps=1e-05, momentum=0.1, affine=True, track_running_stats=True)
  (re8): ReLU(inplace=True)
  (ln3): Linear(in_features=32, out_features=32, bias=True)
  (bn9): BatchNorm1d(32, eps=1e-05, momentum=0.1, affine=True, track_running_stats=True)
  (re9): ReLU(inplace=True)
  (ln4): Linear(in_features=32, out_features=32, bias=True)
  (bn10): BatchNorm1d(32, eps=1e-05, momentum=0.1, affine=True, track_running_stats=True)
  (re10): ReLU(inplace=True)
  (ln5): Linear(in_features=32, out_features=32, bias=True)
  (bn11): BatchNorm1d(32, eps=1e-05, momentum=0.1, affine=True, track_running_stats=True)
  (re11): ReLU(inplace=True)
  (ln6): Linear(in_features=32, out_features=1, bias=True)
  (sigmoid): Sigmoid()
)

2020-10-16 01:00:40,133 - ===> Model total parameter: 185762

2020-10-16 01:00:40,738 - Train Epoch: 1 [0/3014 (0%)]	Loss: 0.676627
2020-10-16 01:01:00,473 - Train Epoch: 1 [200/3014 (7%)]	Loss: 0.724253
2020-10-16 01:01:20,375 - Train Epoch: 1 [400/3014 (13%)]	Loss: 0.690407
2020-10-16 01:01:40,362 - Train Epoch: 1 [600/3014 (20%)]	Loss: 0.496372
2020-10-16 01:02:00,482 - Train Epoch: 1 [800/3014 (27%)]	Loss: 0.428821
2020-10-16 01:02:20,628 - Train Epoch: 1 [1000/3014 (33%)]	Loss: 0.404400
2020-10-16 01:02:40,795 - Train Epoch: 1 [1200/3014 (40%)]	Loss: 0.254198
2020-10-16 01:03:00,982 - Train Epoch: 1 [1400/3014 (46%)]	Loss: 0.334506
2020-10-16 01:03:21,200 - Train Epoch: 1 [1600/3014 (53%)]	Loss: 0.339220
2020-10-16 01:03:41,444 - Train Epoch: 1 [1800/3014 (60%)]	Loss: 0.368528
2020-10-16 01:04:01,979 - Train Epoch: 1 [2000/3014 (66%)]	Loss: 0.951035
2020-10-16 01:04:30,899 - Train Epoch: 1 [2200/3014 (73%)]	Loss: 0.111357
2020-10-16 01:05:01,540 - Train Epoch: 1 [2400/3014 (80%)]	Loss: 0.253618
2020-10-16 01:05:32,064 - Train Epoch: 1 [2600/3014 (86%)]	Loss: 0.144089
2020-10-16 01:06:02,677 - Train Epoch: 1 [2800/3014 (93%)]	Loss: 0.300336
2020-10-16 01:06:32,857 - Train Epoch: 1 [3000/3014 (99%)]	Loss: 0.314638
2020-10-16 01:06:34,403 - Starting Validation
2020-10-16 01:08:16,170 - ===> Validation set: Average loss: 0.8967	EER: 14.0000

2020-10-16 01:08:16,202 - Snapshot saved to snapshots/attention/attention-2020-10-16_01_00_38-model_best.pth

2020-10-16 01:08:16,202 - #### End epoch 1/30, elapsed time: 456.0691701209871
2020-10-16 01:08:16,814 - Train Epoch: 2 [0/3014 (0%)]	Loss: 0.169538
2020-10-16 01:08:46,813 - Train Epoch: 2 [200/3014 (7%)]	Loss: 0.213961
2020-10-16 01:09:15,223 - Train Epoch: 2 [400/3014 (13%)]	Loss: 0.104189
2020-10-16 01:09:45,686 - Train Epoch: 2 [600/3014 (20%)]	Loss: 0.247406
2020-10-16 01:10:15,999 - Train Epoch: 2 [800/3014 (27%)]	Loss: 0.159214
2020-10-16 01:10:46,025 - Train Epoch: 2 [1000/3014 (33%)]	Loss: 0.136015
2020-10-16 01:11:16,204 - Train Epoch: 2 [1200/3014 (40%)]	Loss: 0.958831
2020-10-16 01:11:46,609 - Train Epoch: 2 [1400/3014 (46%)]	Loss: 0.286958
2020-10-16 01:12:16,968 - Train Epoch: 2 [1600/3014 (53%)]	Loss: 0.411215
2020-10-16 01:12:47,272 - Train Epoch: 2 [1800/3014 (60%)]	Loss: 0.132388
2020-10-16 01:13:15,762 - Train Epoch: 2 [2000/3014 (66%)]	Loss: 0.236422
2020-10-16 01:13:46,060 - Train Epoch: 2 [2200/3014 (73%)]	Loss: 0.947996
2020-10-16 01:14:16,687 - Train Epoch: 2 [2400/3014 (80%)]	Loss: 0.203238
2020-10-16 01:14:47,323 - Train Epoch: 2 [2600/3014 (86%)]	Loss: 1.109776
2020-10-16 01:15:17,244 - Train Epoch: 2 [2800/3014 (93%)]	Loss: 0.967707
2020-10-16 01:15:47,290 - Train Epoch: 2 [3000/3014 (99%)]	Loss: 0.156058
2020-10-16 01:15:48,828 - Starting Validation
2020-10-16 01:17:30,346 - ===> Validation set: Average loss: 0.3549	EER: 13.5526

2020-10-16 01:17:30,378 - Snapshot saved to snapshots/attention/attention-2020-10-16_01_00_38-model_best.pth

2020-10-16 01:17:30,378 - #### End epoch 2/30, elapsed time: 554.1759399120056
2020-10-16 01:17:30,979 - Train Epoch: 3 [0/3014 (0%)]	Loss: 0.139537
2020-10-16 01:18:00,812 - Train Epoch: 3 [200/3014 (7%)]	Loss: 0.392062
2020-10-16 01:18:30,698 - Train Epoch: 3 [400/3014 (13%)]	Loss: 1.006643
2020-10-16 01:19:01,008 - Train Epoch: 3 [600/3014 (20%)]	Loss: 0.054964
2020-10-16 01:19:31,065 - Train Epoch: 3 [800/3014 (27%)]	Loss: 0.102989
2020-10-16 01:20:00,987 - Train Epoch: 3 [1000/3014 (33%)]	Loss: 0.253387
2020-10-16 01:20:31,038 - Train Epoch: 3 [1200/3014 (40%)]	Loss: 0.153790
2020-10-16 01:21:01,442 - Train Epoch: 3 [1400/3014 (46%)]	Loss: 0.166567
2020-10-16 01:21:31,658 - Train Epoch: 3 [1600/3014 (53%)]	Loss: 0.119469
2020-10-16 01:22:01,439 - Train Epoch: 3 [1800/3014 (60%)]	Loss: 0.035519
2020-10-16 01:22:31,350 - Train Epoch: 3 [2000/3014 (66%)]	Loss: 0.112813
2020-10-16 01:23:01,264 - Train Epoch: 3 [2200/3014 (73%)]	Loss: 0.178963
2020-10-16 01:23:31,414 - Train Epoch: 3 [2400/3014 (80%)]	Loss: 0.298182
2020-10-16 01:24:01,715 - Train Epoch: 3 [2600/3014 (86%)]	Loss: 0.214967
2020-10-16 01:24:32,182 - Train Epoch: 3 [2800/3014 (93%)]	Loss: 1.511665
2020-10-16 01:25:02,341 - Train Epoch: 3 [3000/3014 (99%)]	Loss: 0.841293
2020-10-16 01:25:03,913 - Starting Validation
2020-10-16 01:26:45,256 - ===> Validation set: Average loss: 0.3717	EER: 14.8421

2020-10-16 01:26:45,258 - #### End epoch 3/30, elapsed time: 554.8798964390007
2020-10-16 01:26:45,887 - Train Epoch: 4 [0/3014 (0%)]	Loss: 0.029119
2020-10-16 01:27:16,283 - Train Epoch: 4 [200/3014 (7%)]	Loss: 0.032861
2020-10-16 01:27:46,758 - Train Epoch: 4 [400/3014 (13%)]	Loss: 0.211035
2020-10-16 01:28:17,360 - Train Epoch: 4 [600/3014 (20%)]	Loss: 0.450737
2020-10-16 01:28:47,256 - Train Epoch: 4 [800/3014 (27%)]	Loss: 0.103918
2020-10-16 01:29:17,299 - Train Epoch: 4 [1000/3014 (33%)]	Loss: 1.535388
2020-10-16 01:29:47,422 - Train Epoch: 4 [1200/3014 (40%)]	Loss: 0.146269
2020-10-16 01:30:17,889 - Train Epoch: 4 [1400/3014 (46%)]	Loss: 0.170814
2020-10-16 01:30:48,003 - Train Epoch: 4 [1600/3014 (53%)]	Loss: 0.092933
2020-10-16 01:31:17,798 - Train Epoch: 4 [1800/3014 (60%)]	Loss: 0.160314
2020-10-16 01:31:47,789 - Train Epoch: 4 [2000/3014 (66%)]	Loss: 0.198133
2020-10-16 01:32:18,482 - Train Epoch: 4 [2200/3014 (73%)]	Loss: 0.183669
2020-10-16 01:32:48,950 - Train Epoch: 4 [2400/3014 (80%)]	Loss: 0.130048
2020-10-16 01:33:19,097 - Train Epoch: 4 [2600/3014 (86%)]	Loss: 0.211297
2020-10-16 01:33:49,636 - Train Epoch: 4 [2800/3014 (93%)]	Loss: 0.025883
2020-10-16 01:34:20,295 - Train Epoch: 4 [3000/3014 (99%)]	Loss: 0.185488
2020-10-16 01:34:21,879 - Starting Validation
2020-10-16 01:36:03,443 - ===> Validation set: Average loss: 0.2889	EER: 11.1634

2020-10-16 01:36:03,474 - Snapshot saved to snapshots/attention/attention-2020-10-16_01_00_38-model_best.pth

2020-10-16 01:36:03,475 - #### End epoch 4/30, elapsed time: 558.2165269179968
2020-10-16 01:36:04,077 - Train Epoch: 5 [0/3014 (0%)]	Loss: 0.126713
2020-10-16 01:36:34,526 - Train Epoch: 5 [200/3014 (7%)]	Loss: 0.050513
2020-10-16 01:37:04,891 - Train Epoch: 5 [400/3014 (13%)]	Loss: 0.078509
2020-10-16 01:37:29,856 - Train Epoch: 5 [600/3014 (20%)]	Loss: 0.028907
2020-10-16 01:37:50,182 - Train Epoch: 5 [800/3014 (27%)]	Loss: 0.078978
2020-10-16 01:38:10,509 - Train Epoch: 5 [1000/3014 (33%)]	Loss: 0.080358
2020-10-16 01:38:30,847 - Train Epoch: 5 [1200/3014 (40%)]	Loss: 0.870192
2020-10-16 01:38:51,190 - Train Epoch: 5 [1400/3014 (46%)]	Loss: 0.191172
2020-10-16 01:39:11,542 - Train Epoch: 5 [1600/3014 (53%)]	Loss: 0.035365
2020-10-16 01:39:31,890 - Train Epoch: 5 [1800/3014 (60%)]	Loss: 0.012962
2020-10-16 01:39:52,240 - Train Epoch: 5 [2000/3014 (66%)]	Loss: 0.031938
2020-10-16 01:40:12,592 - Train Epoch: 5 [2200/3014 (73%)]	Loss: 0.175281
2020-10-16 01:40:32,947 - Train Epoch: 5 [2400/3014 (80%)]	Loss: 1.825308
2020-10-16 01:40:53,294 - Train Epoch: 5 [2600/3014 (86%)]	Loss: 1.339372
2020-10-16 01:41:13,652 - Train Epoch: 5 [2800/3014 (93%)]	Loss: 1.263841
2020-10-16 01:41:34,010 - Train Epoch: 5 [3000/3014 (99%)]	Loss: 0.036907
2020-10-16 01:41:35,046 - Starting Validation
2020-10-16 01:42:01,628 - ===> Validation set: Average loss: 0.3321	EER: 10.9717

2020-10-16 01:42:01,666 - Snapshot saved to snapshots/attention/attention-2020-10-16_01_00_38-model_best.pth

2020-10-16 01:42:01,667 - #### End epoch 5/30, elapsed time: 358.1915572180005
2020-10-16 01:42:02,073 - Train Epoch: 6 [0/3014 (0%)]	Loss: 0.099074
2020-10-16 01:42:22,418 - Train Epoch: 6 [200/3014 (7%)]	Loss: 0.029633
2020-10-16 01:42:42,764 - Train Epoch: 6 [400/3014 (13%)]	Loss: 0.014942
2020-10-16 01:43:03,112 - Train Epoch: 6 [600/3014 (20%)]	Loss: 0.086848
2020-10-16 01:43:23,465 - Train Epoch: 6 [800/3014 (27%)]	Loss: 0.102404
2020-10-16 01:43:43,809 - Train Epoch: 6 [1000/3014 (33%)]	Loss: 0.060243
2020-10-16 01:44:04,155 - Train Epoch: 6 [1200/3014 (40%)]	Loss: 0.065771
2020-10-16 01:44:24,506 - Train Epoch: 6 [1400/3014 (46%)]	Loss: 0.096924
2020-10-16 01:44:44,864 - Train Epoch: 6 [1600/3014 (53%)]	Loss: 0.010545
2020-10-16 01:45:05,219 - Train Epoch: 6 [1800/3014 (60%)]	Loss: 0.132796
2020-10-16 01:45:25,573 - Train Epoch: 6 [2000/3014 (66%)]	Loss: 0.064009
2020-10-16 01:45:45,921 - Train Epoch: 6 [2200/3014 (73%)]	Loss: 0.008515
2020-10-16 01:46:06,272 - Train Epoch: 6 [2400/3014 (80%)]	Loss: 0.208667
2020-10-16 01:46:26,620 - Train Epoch: 6 [2600/3014 (86%)]	Loss: 0.109297
2020-10-16 01:46:46,961 - Train Epoch: 6 [2800/3014 (93%)]	Loss: 0.045383
2020-10-16 01:47:07,304 - Train Epoch: 6 [3000/3014 (99%)]	Loss: 0.052563
2020-10-16 01:47:08,341 - Starting Validation
2020-10-16 01:47:34,913 - ===> Validation set: Average loss: 0.3963	EER: 12.2105

2020-10-16 01:47:34,914 - #### End epoch 6/30, elapsed time: 333.2476544689998
2020-10-16 01:47:35,321 - Train Epoch: 7 [0/3014 (0%)]	Loss: 0.014903
2020-10-16 01:47:55,662 - Train Epoch: 7 [200/3014 (7%)]	Loss: 0.019577
2020-10-16 01:48:16,001 - Train Epoch: 7 [400/3014 (13%)]	Loss: 0.204998
2020-10-16 01:48:36,339 - Train Epoch: 7 [600/3014 (20%)]	Loss: 0.039577
2020-10-16 01:48:56,687 - Train Epoch: 7 [800/3014 (27%)]	Loss: 0.129353
2020-10-16 01:49:17,033 - Train Epoch: 7 [1000/3014 (33%)]	Loss: 0.264079
2020-10-16 01:49:37,370 - Train Epoch: 7 [1200/3014 (40%)]	Loss: 0.174559
2020-10-16 01:49:57,712 - Train Epoch: 7 [1400/3014 (46%)]	Loss: 0.058652
2020-10-16 01:50:18,054 - Train Epoch: 7 [1600/3014 (53%)]	Loss: 0.100904
2020-10-16 01:50:38,406 - Train Epoch: 7 [1800/3014 (60%)]	Loss: 0.075605
2020-10-16 01:50:58,745 - Train Epoch: 7 [2000/3014 (66%)]	Loss: 0.010437
2020-10-16 01:51:19,092 - Train Epoch: 7 [2200/3014 (73%)]	Loss: 0.039628
2020-10-16 01:51:39,440 - Train Epoch: 7 [2400/3014 (80%)]	Loss: 1.218090
2020-10-16 01:51:59,779 - Train Epoch: 7 [2600/3014 (86%)]	Loss: 0.041262
2020-10-16 01:52:20,122 - Train Epoch: 7 [2800/3014 (93%)]	Loss: 0.064207
2020-10-16 01:52:40,466 - Train Epoch: 7 [3000/3014 (99%)]	Loss: 0.031862
2020-10-16 01:52:41,502 - Starting Validation
2020-10-16 01:53:08,045 - ===> Validation set: Average loss: 0.3053	EER: 11.8421

2020-10-16 01:53:08,047 - #### End epoch 7/30, elapsed time: 333.132515188001
2020-10-16 01:53:08,454 - Train Epoch: 8 [0/3014 (0%)]	Loss: 0.026486
2020-10-16 01:53:28,792 - Train Epoch: 8 [200/3014 (7%)]	Loss: 0.062284
2020-10-16 01:53:49,136 - Train Epoch: 8 [400/3014 (13%)]	Loss: 0.043728
2020-10-16 01:54:09,477 - Train Epoch: 8 [600/3014 (20%)]	Loss: 0.049175
2020-10-16 01:54:29,826 - Train Epoch: 8 [800/3014 (27%)]	Loss: 0.075328
2020-10-16 01:54:50,162 - Train Epoch: 8 [1000/3014 (33%)]	Loss: 0.053309
2020-10-16 01:55:10,510 - Train Epoch: 8 [1200/3014 (40%)]	Loss: 0.038681
2020-10-16 01:55:30,857 - Train Epoch: 8 [1400/3014 (46%)]	Loss: 0.025378
2020-10-16 01:55:51,203 - Train Epoch: 8 [1600/3014 (53%)]	Loss: 1.066893
2020-10-16 01:56:11,547 - Train Epoch: 8 [1800/3014 (60%)]	Loss: 0.144167
2020-10-16 01:56:31,893 - Train Epoch: 8 [2000/3014 (66%)]	Loss: 0.053240
2020-10-16 01:56:52,234 - Train Epoch: 8 [2200/3014 (73%)]	Loss: 0.343577
2020-10-16 01:57:12,583 - Train Epoch: 8 [2400/3014 (80%)]	Loss: 0.066781
2020-10-16 01:57:32,931 - Train Epoch: 8 [2600/3014 (86%)]	Loss: 0.056211
2020-10-16 01:57:53,276 - Train Epoch: 8 [2800/3014 (93%)]	Loss: 0.402633
2020-10-16 01:58:13,619 - Train Epoch: 8 [3000/3014 (99%)]	Loss: 1.357301
2020-10-16 01:58:14,655 - Starting Validation
2020-10-16 01:58:41,175 - ===> Validation set: Average loss: 0.3581	EER: 8.7035

2020-10-16 01:58:41,216 - Snapshot saved to snapshots/attention/attention-2020-10-16_01_00_38-model_best.pth

2020-10-16 01:58:41,216 - #### End epoch 8/30, elapsed time: 333.1694759759994
2020-10-16 01:58:41,623 - Train Epoch: 9 [0/3014 (0%)]	Loss: 0.008452
2020-10-16 01:59:01,959 - Train Epoch: 9 [200/3014 (7%)]	Loss: 0.040864
2020-10-16 01:59:22,295 - Train Epoch: 9 [400/3014 (13%)]	Loss: 0.073311
2020-10-16 01:59:42,644 - Train Epoch: 9 [600/3014 (20%)]	Loss: 0.097012
2020-10-16 02:00:02,979 - Train Epoch: 9 [800/3014 (27%)]	Loss: 0.011438
2020-10-16 02:00:23,317 - Train Epoch: 9 [1000/3014 (33%)]	Loss: 0.090677
2020-10-16 02:00:43,657 - Train Epoch: 9 [1200/3014 (40%)]	Loss: 0.059574
2020-10-16 02:01:03,994 - Train Epoch: 9 [1400/3014 (46%)]	Loss: 0.038415
2020-10-16 02:01:24,333 - Train Epoch: 9 [1600/3014 (53%)]	Loss: 0.037962
2020-10-16 02:01:44,688 - Train Epoch: 9 [1800/3014 (60%)]	Loss: 0.046610
2020-10-16 02:02:05,027 - Train Epoch: 9 [2000/3014 (66%)]	Loss: 0.132404
2020-10-16 02:02:25,373 - Train Epoch: 9 [2200/3014 (73%)]	Loss: 0.004037
2020-10-16 02:02:45,717 - Train Epoch: 9 [2400/3014 (80%)]	Loss: 0.004832
2020-10-16 02:03:06,071 - Train Epoch: 9 [2600/3014 (86%)]	Loss: 0.027123
2020-10-16 02:03:26,415 - Train Epoch: 9 [2800/3014 (93%)]	Loss: 0.004770
2020-10-16 02:03:46,756 - Train Epoch: 9 [3000/3014 (99%)]	Loss: 0.025934
2020-10-16 02:03:47,792 - Starting Validation
2020-10-16 02:04:14,352 - ===> Validation set: Average loss: 0.3170	EER: 9.4737

2020-10-16 02:04:14,354 - #### End epoch 9/30, elapsed time: 333.1373410660017
2020-10-16 02:04:14,760 - Train Epoch: 10 [0/3014 (0%)]	Loss: 0.006472
2020-10-16 02:04:35,095 - Train Epoch: 10 [200/3014 (7%)]	Loss: 0.007199
2020-10-16 02:04:55,434 - Train Epoch: 10 [400/3014 (13%)]	Loss: 0.064360
2020-10-16 02:05:15,768 - Train Epoch: 10 [600/3014 (20%)]	Loss: 0.004502
2020-10-16 02:05:36,119 - Train Epoch: 10 [800/3014 (27%)]	Loss: 0.683184
2020-10-16 02:05:56,465 - Train Epoch: 10 [1000/3014 (33%)]	Loss: 0.003057
2020-10-16 02:06:16,807 - Train Epoch: 10 [1200/3014 (40%)]	Loss: 0.006254
2020-10-16 02:06:37,144 - Train Epoch: 10 [1400/3014 (46%)]	Loss: 0.031536
2020-10-16 02:06:57,482 - Train Epoch: 10 [1600/3014 (53%)]	Loss: 0.115830
2020-10-16 02:07:17,821 - Train Epoch: 10 [1800/3014 (60%)]	Loss: 0.041233
2020-10-16 02:07:38,160 - Train Epoch: 10 [2000/3014 (66%)]	Loss: 0.007667
2020-10-16 02:07:58,499 - Train Epoch: 10 [2200/3014 (73%)]	Loss: 0.819742
2020-10-16 02:08:18,840 - Train Epoch: 10 [2400/3014 (80%)]	Loss: 0.047096
2020-10-16 02:08:39,186 - Train Epoch: 10 [2600/3014 (86%)]	Loss: 0.033393
2020-10-16 02:08:59,529 - Train Epoch: 10 [2800/3014 (93%)]	Loss: 0.051405
2020-10-16 02:09:19,872 - Train Epoch: 10 [3000/3014 (99%)]	Loss: 0.037711
2020-10-16 02:09:20,908 - Starting Validation
2020-10-16 02:09:47,434 - ===> Validation set: Average loss: 0.4809	EER: 9.0789

2020-10-16 02:09:47,435 - #### End epoch 10/30, elapsed time: 333.08147724799346
2020-10-16 02:09:47,842 - Train Epoch: 11 [0/3014 (0%)]	Loss: 0.022646
2020-10-16 02:10:08,174 - Train Epoch: 11 [200/3014 (7%)]	Loss: 0.725989
2020-10-16 02:10:28,512 - Train Epoch: 11 [400/3014 (13%)]	Loss: 0.020876
2020-10-16 02:10:48,854 - Train Epoch: 11 [600/3014 (20%)]	Loss: 1.689886
2020-10-16 02:11:09,186 - Train Epoch: 11 [800/3014 (27%)]	Loss: 0.043754
2020-10-16 02:11:29,528 - Train Epoch: 11 [1000/3014 (33%)]	Loss: 0.826635
2020-10-16 02:11:49,866 - Train Epoch: 11 [1200/3014 (40%)]	Loss: 0.003449
2020-10-16 02:12:10,200 - Train Epoch: 11 [1400/3014 (46%)]	Loss: 0.029094
2020-10-16 02:12:30,539 - Train Epoch: 11 [1600/3014 (53%)]	Loss: 0.050164
2020-10-16 02:12:50,884 - Train Epoch: 11 [1800/3014 (60%)]	Loss: 0.449892
2020-10-16 02:13:11,223 - Train Epoch: 11 [2000/3014 (66%)]	Loss: 0.037909
2020-10-16 02:13:31,556 - Train Epoch: 11 [2200/3014 (73%)]	Loss: 0.877877
2020-10-16 02:13:51,895 - Train Epoch: 11 [2400/3014 (80%)]	Loss: 0.023549
2020-10-16 02:14:12,235 - Train Epoch: 11 [2600/3014 (86%)]	Loss: 0.125113
2020-10-16 02:14:32,585 - Train Epoch: 11 [2800/3014 (93%)]	Loss: 0.028562
2020-10-16 02:14:52,928 - Train Epoch: 11 [3000/3014 (99%)]	Loss: 0.029251
2020-10-16 02:14:53,965 - Starting Validation
2020-10-16 02:15:20,483 - ===> Validation set: Average loss: 0.2521	EER: 9.3522

2020-10-16 02:15:20,484 - #### End epoch 11/30, elapsed time: 333.04877032099466
2020-10-16 02:15:20,906 - Train Epoch: 12 [0/3014 (0%)]	Loss: 0.037106
2020-10-16 02:15:41,241 - Train Epoch: 12 [200/3014 (7%)]	Loss: 0.004506
2020-10-16 02:16:01,579 - Train Epoch: 12 [400/3014 (13%)]	Loss: 0.035272
2020-10-16 02:16:21,910 - Train Epoch: 12 [600/3014 (20%)]	Loss: 0.028424
2020-10-16 02:16:42,249 - Train Epoch: 12 [800/3014 (27%)]	Loss: 0.146163
2020-10-16 02:17:02,588 - Train Epoch: 12 [1000/3014 (33%)]	Loss: 0.003275
2020-10-16 02:17:22,917 - Train Epoch: 12 [1200/3014 (40%)]	Loss: 0.107745
2020-10-16 02:17:43,262 - Train Epoch: 12 [1400/3014 (46%)]	Loss: 0.023181
2020-10-16 02:18:03,604 - Train Epoch: 12 [1600/3014 (53%)]	Loss: 0.003754
2020-10-16 02:18:23,946 - Train Epoch: 12 [1800/3014 (60%)]	Loss: 0.765387
2020-10-16 02:18:44,278 - Train Epoch: 12 [2000/3014 (66%)]	Loss: 0.003984
2020-10-16 02:19:04,620 - Train Epoch: 12 [2200/3014 (73%)]	Loss: 0.047893
2020-10-16 02:19:24,968 - Train Epoch: 12 [2400/3014 (80%)]	Loss: 0.076942
2020-10-16 02:19:45,306 - Train Epoch: 12 [2600/3014 (86%)]	Loss: 0.024330
2020-10-16 02:20:05,650 - Train Epoch: 12 [2800/3014 (93%)]	Loss: 0.025342
2020-10-16 02:20:25,991 - Train Epoch: 12 [3000/3014 (99%)]	Loss: 0.006090
2020-10-16 02:20:27,027 - Starting Validation
2020-10-16 02:20:53,569 - ===> Validation set: Average loss: 0.3808	EER: 9.6842

2020-10-16 02:20:53,571 - #### End epoch 12/30, elapsed time: 333.0746810089913
2020-10-16 02:20:53,978 - Train Epoch: 13 [0/3014 (0%)]	Loss: 0.040901
2020-10-16 02:21:14,325 - Train Epoch: 13 [200/3014 (7%)]	Loss: 0.007115
2020-10-16 02:21:34,668 - Train Epoch: 13 [400/3014 (13%)]	Loss: 0.767007
2020-10-16 02:21:55,010 - Train Epoch: 13 [600/3014 (20%)]	Loss: 0.003683
2020-10-16 02:22:15,351 - Train Epoch: 13 [800/3014 (27%)]	Loss: 0.007212
2020-10-16 02:22:35,691 - Train Epoch: 13 [1000/3014 (33%)]	Loss: 0.056382
2020-10-16 02:22:56,038 - Train Epoch: 13 [1200/3014 (40%)]	Loss: 0.008274
2020-10-16 02:23:16,384 - Train Epoch: 13 [1400/3014 (46%)]	Loss: 0.017301
2020-10-16 02:23:36,740 - Train Epoch: 13 [1600/3014 (53%)]	Loss: 0.004037
2020-10-16 02:23:57,087 - Train Epoch: 13 [1800/3014 (60%)]	Loss: 0.782866
2020-10-16 02:24:17,433 - Train Epoch: 13 [2000/3014 (66%)]	Loss: 0.003672
2020-10-16 02:24:37,772 - Train Epoch: 13 [2200/3014 (73%)]	Loss: 0.099944
2020-10-16 02:24:58,115 - Train Epoch: 13 [2400/3014 (80%)]	Loss: 0.027767
2020-10-16 02:25:18,466 - Train Epoch: 13 [2600/3014 (86%)]	Loss: 0.027248
2020-10-16 02:25:38,810 - Train Epoch: 13 [2800/3014 (93%)]	Loss: 0.003571
2020-10-16 02:25:59,158 - Train Epoch: 13 [3000/3014 (99%)]	Loss: 0.004131
2020-10-16 02:26:00,194 - Starting Validation
2020-10-16 02:26:26,721 - ===> Validation set: Average loss: 0.3463	EER: 9.3062

2020-10-16 02:26:26,722 - #### End epoch 13/30, elapsed time: 333.1510818359966
2020-10-16 02:26:26,722 - #### Avg. training+validation time per epoch: 395.8904682862284
2020-10-16 02:26:26,722 - ===> loading best model for prediction
2020-10-16 02:26:26,768 - Starting evaluation
2020-10-16 02:29:53,205 - ===> Final predictions done. Here is a snippet
2020-10-16 02:29:53,205 - ===> evalidation set: Average loss: 1.3591	EER: 12.0955

2020-10-16 02:29:53,211 - #### Total prediction time: 206.44337222600006
2020-10-16 02:29:53,211 - ################## Success #########################
2020-10-16 02:29:53,211 - Total elapsed time: 5354.749206748995
