2020-09-30 11:47:56,013 - ===> loading train and dev dataset
2020-09-30 11:47:56,015 - ===> loading eval dataset
2020-09-30 11:47:56,022 - ### Model summary below###
 AttenResNet4(
  (pre): Sequential(
    (0): Conv2d(1, 16, kernel_size=(3, 3), stride=(1, 1), padding=(1, 1))
    (1): BatchNorm2d(16, eps=1e-05, momentum=0.1, affine=True, track_running_stats=True)
    (2): ReLU(inplace=True)
    (3): Conv2d(16, 16, kernel_size=(3, 3), stride=(1, 1), padding=(1, 1))
    (4): BatchNorm2d(16, eps=1e-05, momentum=0.1, affine=True, track_running_stats=True)
    (5): ReLU(inplace=True)
  )
  (down1): MaxPool2d(kernel_size=3, stride=(1, 1), padding=0, dilation=1, ceil_mode=False)
  (att1): Sequential(
    (0): Conv2d(16, 16, kernel_size=(3, 3), stride=(1, 1), padding=(1, 1), dilation=(4, 8))
    (1): BatchNorm2d(16, eps=1e-05, momentum=0.1, affine=True, track_running_stats=True)
    (2): ReLU(inplace=True)
  )
  (skip1): Sequential(
    (0): Conv2d(16, 16, kernel_size=(3, 3), stride=(1, 1), padding=(1, 1))
    (1): BatchNorm2d(16, eps=1e-05, momentum=0.1, affine=True, track_running_stats=True)
    (2): ReLU(inplace=True)
  )
  (down2): MaxPool2d(kernel_size=3, stride=(1, 1), padding=0, dilation=1, ceil_mode=False)
  (att2): Sequential(
    (0): Conv2d(16, 16, kernel_size=(3, 3), stride=(1, 1), padding=(1, 1), dilation=(8, 16))
    (1): BatchNorm2d(16, eps=1e-05, momentum=0.1, affine=True, track_running_stats=True)
    (2): ReLU(inplace=True)
  )
  (skip2): Sequential(
    (0): Conv2d(16, 16, kernel_size=(3, 3), stride=(1, 1), padding=(1, 1))
    (1): BatchNorm2d(16, eps=1e-05, momentum=0.1, affine=True, track_running_stats=True)
    (2): ReLU(inplace=True)
  )
  (down3): MaxPool2d(kernel_size=3, stride=(1, 1), padding=0, dilation=1, ceil_mode=False)
  (att3): Sequential(
    (0): Conv2d(16, 16, kernel_size=(3, 3), stride=(1, 1), padding=(1, 1), dilation=(16, 32))
    (1): BatchNorm2d(16, eps=1e-05, momentum=0.1, affine=True, track_running_stats=True)
    (2): ReLU(inplace=True)
  )
  (skip3): Sequential(
    (0): Conv2d(16, 16, kernel_size=(3, 3), stride=(1, 1), padding=(1, 1))
    (1): BatchNorm2d(16, eps=1e-05, momentum=0.1, affine=True, track_running_stats=True)
    (2): ReLU(inplace=True)
  )
  (down4): MaxPool2d(kernel_size=3, stride=(1, 1), padding=0, dilation=1, ceil_mode=False)
  (att4): Sequential(
    (0): Conv2d(16, 16, kernel_size=(3, 3), stride=(1, 1), padding=(1, 1), dilation=(32, 64))
    (1): BatchNorm2d(16, eps=1e-05, momentum=0.1, affine=True, track_running_stats=True)
    (2): ReLU(inplace=True)
  )
  (skip4): Sequential(
    (0): Conv2d(16, 16, kernel_size=(3, 3), stride=(1, 1), padding=(1, 1))
    (1): BatchNorm2d(16, eps=1e-05, momentum=0.1, affine=True, track_running_stats=True)
    (2): ReLU(inplace=True)
  )
  (down5): MaxPool2d(kernel_size=3, stride=(1, 2), padding=0, dilation=1, ceil_mode=False)
  (att5): Sequential(
    (0): Conv2d(16, 16, kernel_size=(3, 3), stride=(1, 1), padding=(1, 1), dilation=(64, 128))
    (1): BatchNorm2d(16, eps=1e-05, momentum=0.1, affine=True, track_running_stats=True)
    (2): ReLU(inplace=True)
    (3): Conv2d(16, 16, kernel_size=(3, 3), stride=(1, 1), padding=(1, 1))
    (4): BatchNorm2d(16, eps=1e-05, momentum=0.1, affine=True, track_running_stats=True)
    (5): ReLU(inplace=True)
  )
  (up5): UpsamplingBilinear2d(size=(137, 851), mode=bilinear)
  (att6): Sequential(
    (0): Conv2d(16, 16, kernel_size=(3, 3), stride=(1, 1), padding=(1, 1))
    (1): BatchNorm2d(16, eps=1e-05, momentum=0.1, affine=True, track_running_stats=True)
    (2): ReLU(inplace=True)
  )
  (up4): UpsamplingBilinear2d(size=(201, 979), mode=bilinear)
  (att7): Sequential(
    (0): Conv2d(16, 16, kernel_size=(3, 3), stride=(1, 1), padding=(1, 1))
    (1): BatchNorm2d(16, eps=1e-05, momentum=0.1, affine=True, track_running_stats=True)
    (2): ReLU(inplace=True)
  )
  (up3): UpsamplingBilinear2d(size=(233, 1043), mode=bilinear)
  (att8): Sequential(
    (0): Conv2d(16, 16, kernel_size=(3, 3), stride=(1, 1), padding=(1, 1))
    (1): BatchNorm2d(16, eps=1e-05, momentum=0.1, affine=True, track_running_stats=True)
    (2): ReLU(inplace=True)
  )
  (up2): UpsamplingBilinear2d(size=(249, 1075), mode=bilinear)
  (att9): Sequential(
    (0): Conv2d(16, 16, kernel_size=(3, 3), stride=(1, 1), padding=(1, 1))
    (1): BatchNorm2d(16, eps=1e-05, momentum=0.1, affine=True, track_running_stats=True)
    (2): ReLU(inplace=True)
  )
  (up1): UpsamplingBilinear2d(size=(257, 1091), mode=bilinear)
  (conv1): Sequential(
    (0): BatchNorm2d(16, eps=1e-05, momentum=0.1, affine=True, track_running_stats=True)
    (1): ReLU(inplace=True)
    (2): Conv2d(16, 4, kernel_size=(1, 1), stride=(1, 1))
    (3): BatchNorm2d(4, eps=1e-05, momentum=0.1, affine=True, track_running_stats=True)
    (4): ReLU(inplace=True)
    (5): Conv2d(4, 1, kernel_size=(1, 1), stride=(1, 1))
  )
  (soft): Sigmoid()
  (cnn1): Conv2d(1, 16, kernel_size=(3, 3), stride=(1, 1), padding=(1, 1))
  (bn1): BatchNorm2d(16, eps=1e-05, momentum=0.1, affine=True, track_running_stats=True)
  (re1): ReLU(inplace=True)
  (cnn2): Conv2d(16, 16, kernel_size=(3, 3), stride=(1, 1), padding=(1, 1))
  (bn2): BatchNorm2d(16, eps=1e-05, momentum=0.1, affine=True, track_running_stats=True)
  (re2): ReLU(inplace=True)
  (cnn3): Conv2d(16, 16, kernel_size=(3, 3), stride=(1, 1), padding=(1, 1))
  (mp1): MaxPool2d(kernel_size=(1, 2), stride=(1, 2), padding=0, dilation=1, ceil_mode=False)
  (cnn4): Conv2d(16, 32, kernel_size=(3, 3), stride=(1, 1), dilation=(2, 2))
  (bn3): BatchNorm2d(32, eps=1e-05, momentum=0.1, affine=True, track_running_stats=True)
  (re3): ReLU(inplace=True)
  (cnn5): Conv2d(32, 32, kernel_size=(3, 3), stride=(1, 1), padding=(1, 1))
  (bn4): BatchNorm2d(32, eps=1e-05, momentum=0.1, affine=True, track_running_stats=True)
  (re4): ReLU(inplace=True)
  (cnn6): Conv2d(32, 32, kernel_size=(3, 3), stride=(1, 1), padding=(1, 1))
  (mp2): MaxPool2d(kernel_size=(1, 2), stride=(1, 2), padding=0, dilation=1, ceil_mode=False)
  (cnn7): Conv2d(32, 32, kernel_size=(3, 3), stride=(1, 1), dilation=(4, 4))
  (bn5): BatchNorm2d(32, eps=1e-05, momentum=0.1, affine=True, track_running_stats=True)
  (re5): ReLU(inplace=True)
  (cnn8): Conv2d(32, 32, kernel_size=(3, 3), stride=(1, 1), padding=(1, 1))
  (bn6): BatchNorm2d(32, eps=1e-05, momentum=0.1, affine=True, track_running_stats=True)
  (re6): ReLU(inplace=True)
  (cnn9): Conv2d(32, 32, kernel_size=(3, 3), stride=(1, 1), padding=(1, 1))
  (mp3): MaxPool2d(kernel_size=(2, 2), stride=(2, 2), padding=0, dilation=1, ceil_mode=False)
  (cnn10): Conv2d(32, 32, kernel_size=(3, 3), stride=(1, 1), dilation=(4, 4))
  (bn12): BatchNorm2d(32, eps=1e-05, momentum=0.1, affine=True, track_running_stats=True)
  (re12): ReLU(inplace=True)
  (cnn11): Conv2d(32, 32, kernel_size=(3, 3), stride=(1, 1), padding=(1, 1))
  (bn13): BatchNorm2d(32, eps=1e-05, momentum=0.1, affine=True, track_running_stats=True)
  (re13): ReLU(inplace=True)
  (cnn12): Conv2d(32, 32, kernel_size=(3, 3), stride=(1, 1), padding=(1, 1))
  (mp4): MaxPool2d(kernel_size=(2, 2), stride=(2, 2), padding=0, dilation=1, ceil_mode=False)
  (cnn13): Conv2d(32, 32, kernel_size=(3, 3), stride=(1, 1), dilation=(8, 8))
  (bn14): BatchNorm2d(32, eps=1e-05, momentum=0.1, affine=True, track_running_stats=True)
  (re14): ReLU(inplace=True)
  (cnn14): Conv2d(32, 32, kernel_size=(3, 3), stride=(1, 1), padding=(1, 1))
  (bn15): BatchNorm2d(32, eps=1e-05, momentum=0.1, affine=True, track_running_stats=True)
  (re15): ReLU(inplace=True)
  (cnn15): Conv2d(32, 32, kernel_size=(3, 3), stride=(1, 1), padding=(1, 1))
  (mp5): MaxPool2d(kernel_size=(2, 2), stride=(2, 2), padding=0, dilation=1, ceil_mode=False)
  (cnn16): Conv2d(32, 32, kernel_size=(3, 3), stride=(1, 1), dilation=(8, 8))
  (ln1): Linear(in_features=768, out_features=32, bias=True)
  (bn7): BatchNorm1d(32, eps=1e-05, momentum=0.1, affine=True, track_running_stats=True)
  (re7): ReLU(inplace=True)
  (ln2): Linear(in_features=32, out_features=32, bias=True)
  (bn8): BatchNorm1d(32, eps=1e-05, momentum=0.1, affine=True, track_running_stats=True)
  (re8): ReLU(inplace=True)
  (ln3): Linear(in_features=32, out_features=32, bias=True)
  (bn9): BatchNorm1d(32, eps=1e-05, momentum=0.1, affine=True, track_running_stats=True)
  (re9): ReLU(inplace=True)
  (ln4): Linear(in_features=32, out_features=32, bias=True)
  (bn10): BatchNorm1d(32, eps=1e-05, momentum=0.1, affine=True, track_running_stats=True)
  (re10): ReLU(inplace=True)
  (ln5): Linear(in_features=32, out_features=32, bias=True)
  (bn11): BatchNorm1d(32, eps=1e-05, momentum=0.1, affine=True, track_running_stats=True)
  (re11): ReLU(inplace=True)
  (ln6): Linear(in_features=32, out_features=1, bias=True)
  (sigmoid): Sigmoid()
)

2020-09-30 11:47:56,023 - ===> Model total parameter: 185762

2020-09-30 11:47:56,693 - Train Epoch: 1 [0/3014 (0%)]	Loss: 0.963969
2020-09-30 11:48:16,298 - Train Epoch: 1 [200/3014 (7%)]	Loss: 0.520335
2020-09-30 11:48:36,097 - Train Epoch: 1 [400/3014 (13%)]	Loss: 0.708137
2020-09-30 11:48:56,039 - Train Epoch: 1 [600/3014 (20%)]	Loss: 0.398154
2020-09-30 11:49:16,086 - Train Epoch: 1 [800/3014 (27%)]	Loss: 0.393197
2020-09-30 11:49:36,177 - Train Epoch: 1 [1000/3014 (33%)]	Loss: 0.264672
2020-09-30 11:49:56,285 - Train Epoch: 1 [1200/3014 (40%)]	Loss: 0.272212
2020-09-30 11:50:16,463 - Train Epoch: 1 [1400/3014 (46%)]	Loss: 0.304779
2020-09-30 11:50:36,721 - Train Epoch: 1 [1600/3014 (53%)]	Loss: 0.221230
2020-09-30 11:50:56,972 - Train Epoch: 1 [1800/3014 (60%)]	Loss: 0.161759
2020-09-30 11:51:17,244 - Train Epoch: 1 [2000/3014 (66%)]	Loss: 0.958618
2020-09-30 11:51:37,510 - Train Epoch: 1 [2200/3014 (73%)]	Loss: 0.225000
2020-09-30 11:51:57,805 - Train Epoch: 1 [2400/3014 (80%)]	Loss: 0.173318
2020-09-30 11:52:18,147 - Train Epoch: 1 [2600/3014 (86%)]	Loss: 0.094866
2020-09-30 11:52:38,446 - Train Epoch: 1 [2800/3014 (93%)]	Loss: 0.213747
2020-09-30 11:52:58,805 - Train Epoch: 1 [3000/3014 (99%)]	Loss: 0.319132
2020-09-30 11:52:59,839 - Starting Validation
2020-09-30 11:53:26,371 - ===> Validation set: Average loss: 0.3362	EER: 11.1842

2020-09-30 11:53:26,398 - Snapshot saved to snapshots/attention/attention-2020-09-30_11_47_54-model_best.pth

2020-09-30 11:53:26,398 - #### End epoch 1/30, elapsed time: 330.3757623247802
2020-09-30 11:53:26,804 - Train Epoch: 2 [0/3014 (0%)]	Loss: 0.187714
2020-09-30 11:53:47,127 - Train Epoch: 2 [200/3014 (7%)]	Loss: 0.077139
2020-09-30 11:54:07,517 - Train Epoch: 2 [400/3014 (13%)]	Loss: 0.065288
2020-09-30 11:54:27,917 - Train Epoch: 2 [600/3014 (20%)]	Loss: 0.277370
2020-09-30 11:54:48,320 - Train Epoch: 2 [800/3014 (27%)]	Loss: 0.166993
2020-09-30 11:55:08,733 - Train Epoch: 2 [1000/3014 (33%)]	Loss: 0.089758
2020-09-30 11:55:29,136 - Train Epoch: 2 [1200/3014 (40%)]	Loss: 0.891065
2020-09-30 11:55:49,535 - Train Epoch: 2 [1400/3014 (46%)]	Loss: 0.328253
2020-09-30 11:56:09,946 - Train Epoch: 2 [1600/3014 (53%)]	Loss: 0.465101
2020-09-30 11:56:30,375 - Train Epoch: 2 [1800/3014 (60%)]	Loss: 0.122074
2020-09-30 11:56:50,791 - Train Epoch: 2 [2000/3014 (66%)]	Loss: 0.240583
2020-09-30 11:57:11,213 - Train Epoch: 2 [2200/3014 (73%)]	Loss: 0.698110
2020-09-30 11:57:31,625 - Train Epoch: 2 [2400/3014 (80%)]	Loss: 0.169162
2020-09-30 11:57:52,040 - Train Epoch: 2 [2600/3014 (86%)]	Loss: 1.380497
2020-09-30 11:58:12,458 - Train Epoch: 2 [2800/3014 (93%)]	Loss: 0.915186
2020-09-30 11:58:32,859 - Train Epoch: 2 [3000/3014 (99%)]	Loss: 0.104302
2020-09-30 11:58:33,898 - Starting Validation
2020-09-30 11:59:00,465 - ===> Validation set: Average loss: 0.2892	EER: 10.7895

2020-09-30 11:59:00,489 - Snapshot saved to snapshots/attention/attention-2020-09-30_11_47_54-model_best.pth

2020-09-30 11:59:00,489 - #### End epoch 2/30, elapsed time: 334.0903879478574
2020-09-30 11:59:00,896 - Train Epoch: 3 [0/3014 (0%)]	Loss: 0.122798
2020-09-30 11:59:21,290 - Train Epoch: 3 [200/3014 (7%)]	Loss: 0.084873
2020-09-30 11:59:41,674 - Train Epoch: 3 [400/3014 (13%)]	Loss: 1.357248
2020-09-30 12:00:02,058 - Train Epoch: 3 [600/3014 (20%)]	Loss: 0.071740
2020-09-30 12:00:22,466 - Train Epoch: 3 [800/3014 (27%)]	Loss: 0.107586
2020-09-30 12:00:42,866 - Train Epoch: 3 [1000/3014 (33%)]	Loss: 0.204477
2020-09-30 12:01:03,261 - Train Epoch: 3 [1200/3014 (40%)]	Loss: 0.084021
2020-09-30 12:01:23,670 - Train Epoch: 3 [1400/3014 (46%)]	Loss: 0.413251
2020-09-30 12:01:44,069 - Train Epoch: 3 [1600/3014 (53%)]	Loss: 0.092763
2020-09-30 12:02:04,457 - Train Epoch: 3 [1800/3014 (60%)]	Loss: 0.033608
2020-09-30 12:02:24,851 - Train Epoch: 3 [2000/3014 (66%)]	Loss: 0.220208
2020-09-30 12:02:45,246 - Train Epoch: 3 [2200/3014 (73%)]	Loss: 0.621600
2020-09-30 12:03:05,667 - Train Epoch: 3 [2400/3014 (80%)]	Loss: 0.090480
2020-09-30 12:03:26,061 - Train Epoch: 3 [2600/3014 (86%)]	Loss: 0.459383
2020-09-30 12:03:46,451 - Train Epoch: 3 [2800/3014 (93%)]	Loss: 1.052102
2020-09-30 12:04:06,840 - Train Epoch: 3 [3000/3014 (99%)]	Loss: 1.043802
2020-09-30 12:04:07,878 - Starting Validation
2020-09-30 12:04:34,408 - ===> Validation set: Average loss: 0.3253	EER: 12.1672

2020-09-30 12:04:34,410 - #### End epoch 3/30, elapsed time: 333.9210388921201
2020-09-30 12:04:34,817 - Train Epoch: 4 [0/3014 (0%)]	Loss: 0.033609
2020-09-30 12:04:55,205 - Train Epoch: 4 [200/3014 (7%)]	Loss: 0.043347
2020-09-30 12:05:15,606 - Train Epoch: 4 [400/3014 (13%)]	Loss: 0.138802
2020-09-30 12:05:35,996 - Train Epoch: 4 [600/3014 (20%)]	Loss: 0.507720
2020-09-30 12:05:56,381 - Train Epoch: 4 [800/3014 (27%)]	Loss: 0.116871
2020-09-30 12:06:16,763 - Train Epoch: 4 [1000/3014 (33%)]	Loss: 1.326992
2020-09-30 12:06:37,150 - Train Epoch: 4 [1200/3014 (40%)]	Loss: 0.091472
2020-09-30 12:06:57,529 - Train Epoch: 4 [1400/3014 (46%)]	Loss: 0.292093
2020-09-30 12:07:17,921 - Train Epoch: 4 [1600/3014 (53%)]	Loss: 0.078825
2020-09-30 12:07:38,310 - Train Epoch: 4 [1800/3014 (60%)]	Loss: 0.234199
2020-09-30 12:07:58,700 - Train Epoch: 4 [2000/3014 (66%)]	Loss: 0.109698
2020-09-30 12:08:19,089 - Train Epoch: 4 [2200/3014 (73%)]	Loss: 0.412707
2020-09-30 12:08:39,481 - Train Epoch: 4 [2400/3014 (80%)]	Loss: 0.117727
2020-09-30 12:08:59,894 - Train Epoch: 4 [2600/3014 (86%)]	Loss: 0.147600
2020-09-30 12:09:20,283 - Train Epoch: 4 [2800/3014 (93%)]	Loss: 0.089097
2020-09-30 12:09:40,676 - Train Epoch: 4 [3000/3014 (99%)]	Loss: 0.095311
2020-09-30 12:09:41,715 - Starting Validation
2020-09-30 12:10:08,225 - ===> Validation set: Average loss: 0.2745	EER: 10.6883

2020-09-30 12:10:08,248 - Snapshot saved to snapshots/attention/attention-2020-09-30_11_47_54-model_best.pth

2020-09-30 12:10:08,248 - #### End epoch 4/30, elapsed time: 333.83804995939136
2020-09-30 12:10:08,655 - Train Epoch: 5 [0/3014 (0%)]	Loss: 0.029240
2020-09-30 12:10:29,042 - Train Epoch: 5 [200/3014 (7%)]	Loss: 0.096680
2020-09-30 12:10:49,432 - Train Epoch: 5 [400/3014 (13%)]	Loss: 0.129303
2020-09-30 12:11:09,830 - Train Epoch: 5 [600/3014 (20%)]	Loss: 0.018378
2020-09-30 12:11:30,228 - Train Epoch: 5 [800/3014 (27%)]	Loss: 0.067953
2020-09-30 12:11:50,646 - Train Epoch: 5 [1000/3014 (33%)]	Loss: 0.050239
2020-09-30 12:12:11,080 - Train Epoch: 5 [1200/3014 (40%)]	Loss: 0.794264
2020-09-30 12:12:31,493 - Train Epoch: 5 [1400/3014 (46%)]	Loss: 0.155430
2020-09-30 12:12:51,903 - Train Epoch: 5 [1600/3014 (53%)]	Loss: 0.018272
2020-09-30 12:13:12,310 - Train Epoch: 5 [1800/3014 (60%)]	Loss: 0.013352
2020-09-30 12:13:32,709 - Train Epoch: 5 [2000/3014 (66%)]	Loss: 0.391774
2020-09-30 12:13:53,115 - Train Epoch: 5 [2200/3014 (73%)]	Loss: 0.203277
2020-09-30 12:14:13,529 - Train Epoch: 5 [2400/3014 (80%)]	Loss: 0.837790
2020-09-30 12:14:33,946 - Train Epoch: 5 [2600/3014 (86%)]	Loss: 0.842572
2020-09-30 12:14:54,357 - Train Epoch: 5 [2800/3014 (93%)]	Loss: 1.322524
2020-09-30 12:15:14,772 - Train Epoch: 5 [3000/3014 (99%)]	Loss: 0.025280
2020-09-30 12:15:15,811 - Starting Validation
2020-09-30 12:15:42,376 - ===> Validation set: Average loss: 0.3310	EER: 10.1053

2020-09-30 12:15:42,400 - Snapshot saved to snapshots/attention/attention-2020-09-30_11_47_54-model_best.pth

2020-09-30 12:15:42,400 - #### End epoch 5/30, elapsed time: 334.1518867779523
2020-09-30 12:15:42,808 - Train Epoch: 6 [0/3014 (0%)]	Loss: 0.319281
2020-09-30 12:16:03,200 - Train Epoch: 6 [200/3014 (7%)]	Loss: 0.011898
2020-09-30 12:16:23,595 - Train Epoch: 6 [400/3014 (13%)]	Loss: 0.016109
2020-09-30 12:16:43,987 - Train Epoch: 6 [600/3014 (20%)]	Loss: 0.092851
2020-09-30 12:17:04,379 - Train Epoch: 6 [800/3014 (27%)]	Loss: 0.051928
2020-09-30 12:17:24,798 - Train Epoch: 6 [1000/3014 (33%)]	Loss: 0.103903
2020-09-30 12:17:45,221 - Train Epoch: 6 [1200/3014 (40%)]	Loss: 0.048105
2020-09-30 12:18:05,643 - Train Epoch: 6 [1400/3014 (46%)]	Loss: 0.059461
2020-09-30 12:18:26,077 - Train Epoch: 6 [1600/3014 (53%)]	Loss: 0.067135
2020-09-30 12:18:46,503 - Train Epoch: 6 [1800/3014 (60%)]	Loss: 0.096860
2020-09-30 12:19:06,933 - Train Epoch: 6 [2000/3014 (66%)]	Loss: 0.099054
2020-09-30 12:19:27,352 - Train Epoch: 6 [2200/3014 (73%)]	Loss: 0.011762
2020-09-30 12:19:47,757 - Train Epoch: 6 [2400/3014 (80%)]	Loss: 0.087369
2020-09-30 12:20:08,162 - Train Epoch: 6 [2600/3014 (86%)]	Loss: 0.042237
2020-09-30 12:20:28,563 - Train Epoch: 6 [2800/3014 (93%)]	Loss: 0.275402
2020-09-30 12:20:48,960 - Train Epoch: 6 [3000/3014 (99%)]	Loss: 0.042449
2020-09-30 12:20:50,001 - Starting Validation
2020-09-30 12:21:16,544 - ===> Validation set: Average loss: 0.2325	EER: 9.3421

2020-09-30 12:21:16,568 - Snapshot saved to snapshots/attention/attention-2020-09-30_11_47_54-model_best.pth

2020-09-30 12:21:16,568 - #### End epoch 6/30, elapsed time: 334.1680666618049
2020-09-30 12:21:16,976 - Train Epoch: 7 [0/3014 (0%)]	Loss: 0.017728
2020-09-30 12:21:37,384 - Train Epoch: 7 [200/3014 (7%)]	Loss: 0.062024
2020-09-30 12:21:57,787 - Train Epoch: 7 [400/3014 (13%)]	Loss: 0.063194
2020-09-30 12:22:18,189 - Train Epoch: 7 [600/3014 (20%)]	Loss: 0.029665
2020-09-30 12:22:38,596 - Train Epoch: 7 [800/3014 (27%)]	Loss: 0.137782
2020-09-30 12:22:59,001 - Train Epoch: 7 [1000/3014 (33%)]	Loss: 0.224816
2020-09-30 12:23:19,408 - Train Epoch: 7 [1200/3014 (40%)]	Loss: 0.264843
2020-09-30 12:23:39,810 - Train Epoch: 7 [1400/3014 (46%)]	Loss: 0.072478
2020-09-30 12:24:00,212 - Train Epoch: 7 [1600/3014 (53%)]	Loss: 0.054288
2020-09-30 12:24:20,612 - Train Epoch: 7 [1800/3014 (60%)]	Loss: 0.050982
2020-09-30 12:24:41,010 - Train Epoch: 7 [2000/3014 (66%)]	Loss: 0.013027
2020-09-30 12:25:01,410 - Train Epoch: 7 [2200/3014 (73%)]	Loss: 0.053298
2020-09-30 12:25:21,808 - Train Epoch: 7 [2400/3014 (80%)]	Loss: 1.334663
2020-09-30 12:25:42,205 - Train Epoch: 7 [2600/3014 (86%)]	Loss: 0.052043
2020-09-30 12:26:02,597 - Train Epoch: 7 [2800/3014 (93%)]	Loss: 0.047477
2020-09-30 12:26:22,999 - Train Epoch: 7 [3000/3014 (99%)]	Loss: 0.027306
2020-09-30 12:26:24,038 - Starting Validation
2020-09-30 12:26:50,567 - ===> Validation set: Average loss: 0.2400	EER: 7.6842

2020-09-30 12:26:50,591 - Snapshot saved to snapshots/attention/attention-2020-09-30_11_47_54-model_best.pth

2020-09-30 12:26:50,591 - #### End epoch 7/30, elapsed time: 334.02257585152984
2020-09-30 12:26:50,998 - Train Epoch: 8 [0/3014 (0%)]	Loss: 0.026621
2020-09-30 12:27:11,395 - Train Epoch: 8 [200/3014 (7%)]	Loss: 0.041807
2020-09-30 12:27:31,797 - Train Epoch: 8 [400/3014 (13%)]	Loss: 0.262628
2020-09-30 12:27:52,196 - Train Epoch: 8 [600/3014 (20%)]	Loss: 0.132455
2020-09-30 12:28:12,595 - Train Epoch: 8 [800/3014 (27%)]	Loss: 0.091854
2020-09-30 12:28:32,987 - Train Epoch: 8 [1000/3014 (33%)]	Loss: 0.160262
2020-09-30 12:28:53,383 - Train Epoch: 8 [1200/3014 (40%)]	Loss: 0.041087
2020-09-30 12:29:13,789 - Train Epoch: 8 [1400/3014 (46%)]	Loss: 0.034225
2020-09-30 12:29:34,193 - Train Epoch: 8 [1600/3014 (53%)]	Loss: 1.361801
2020-09-30 12:29:54,609 - Train Epoch: 8 [1800/3014 (60%)]	Loss: 0.241817
2020-09-30 12:30:15,015 - Train Epoch: 8 [2000/3014 (66%)]	Loss: 0.093065
2020-09-30 12:30:35,427 - Train Epoch: 8 [2200/3014 (73%)]	Loss: 0.333539
2020-09-30 12:30:55,830 - Train Epoch: 8 [2400/3014 (80%)]	Loss: 0.156677
2020-09-30 12:31:16,236 - Train Epoch: 8 [2600/3014 (86%)]	Loss: 0.063395
2020-09-30 12:31:36,642 - Train Epoch: 8 [2800/3014 (93%)]	Loss: 0.192685
2020-09-30 12:31:57,045 - Train Epoch: 8 [3000/3014 (99%)]	Loss: 1.303212
2020-09-30 12:31:58,082 - Starting Validation
2020-09-30 12:32:24,620 - ===> Validation set: Average loss: 0.5284	EER: 8.3158

2020-09-30 12:32:24,622 - #### End epoch 8/30, elapsed time: 334.03142586909235
2020-09-30 12:32:25,031 - Train Epoch: 9 [0/3014 (0%)]	Loss: 0.009088
2020-09-30 12:32:45,427 - Train Epoch: 9 [200/3014 (7%)]	Loss: 0.161589
2020-09-30 12:33:05,831 - Train Epoch: 9 [400/3014 (13%)]	Loss: 0.102147
2020-09-30 12:33:26,236 - Train Epoch: 9 [600/3014 (20%)]	Loss: 0.005095
2020-09-30 12:33:46,644 - Train Epoch: 9 [800/3014 (27%)]	Loss: 0.012024
2020-09-30 12:34:07,050 - Train Epoch: 9 [1000/3014 (33%)]	Loss: 0.103734
2020-09-30 12:34:27,450 - Train Epoch: 9 [1200/3014 (40%)]	Loss: 0.040087
2020-09-30 12:34:47,848 - Train Epoch: 9 [1400/3014 (46%)]	Loss: 0.081632
2020-09-30 12:35:08,250 - Train Epoch: 9 [1600/3014 (53%)]	Loss: 0.061819
2020-09-30 12:35:28,660 - Train Epoch: 9 [1800/3014 (60%)]	Loss: 0.147836
2020-09-30 12:35:49,059 - Train Epoch: 9 [2000/3014 (66%)]	Loss: 0.787959
2020-09-30 12:36:09,471 - Train Epoch: 9 [2200/3014 (73%)]	Loss: 0.007640
2020-09-30 12:36:29,880 - Train Epoch: 9 [2400/3014 (80%)]	Loss: 0.005184
2020-09-30 12:36:50,283 - Train Epoch: 9 [2600/3014 (86%)]	Loss: 0.040188
2020-09-30 12:37:10,689 - Train Epoch: 9 [2800/3014 (93%)]	Loss: 0.010800
2020-09-30 12:37:31,094 - Train Epoch: 9 [3000/3014 (99%)]	Loss: 0.041652
2020-09-30 12:37:32,133 - Starting Validation
2020-09-30 12:37:58,690 - ===> Validation set: Average loss: 0.3509	EER: 8.4211

2020-09-30 12:37:58,692 - #### End epoch 9/30, elapsed time: 334.0698649659753
2020-09-30 12:37:59,100 - Train Epoch: 10 [0/3014 (0%)]	Loss: 0.005271
2020-09-30 12:38:19,503 - Train Epoch: 10 [200/3014 (7%)]	Loss: 0.011912
2020-09-30 12:38:39,915 - Train Epoch: 10 [400/3014 (13%)]	Loss: 0.187280
2020-09-30 12:39:00,321 - Train Epoch: 10 [600/3014 (20%)]	Loss: 0.004360
2020-09-30 12:39:20,733 - Train Epoch: 10 [800/3014 (27%)]	Loss: 0.787693
2020-09-30 12:39:41,146 - Train Epoch: 10 [1000/3014 (33%)]	Loss: 0.004404
2020-09-30 12:40:01,556 - Train Epoch: 10 [1200/3014 (40%)]	Loss: 0.006856
2020-09-30 12:40:21,968 - Train Epoch: 10 [1400/3014 (46%)]	Loss: 0.057144
2020-09-30 12:40:42,374 - Train Epoch: 10 [1600/3014 (53%)]	Loss: 0.024701
2020-09-30 12:41:02,785 - Train Epoch: 10 [1800/3014 (60%)]	Loss: 0.026270
2020-09-30 12:41:23,186 - Train Epoch: 10 [2000/3014 (66%)]	Loss: 0.011373
2020-09-30 12:41:43,597 - Train Epoch: 10 [2200/3014 (73%)]	Loss: 0.816196
2020-09-30 12:42:04,005 - Train Epoch: 10 [2400/3014 (80%)]	Loss: 0.040988
2020-09-30 12:42:24,409 - Train Epoch: 10 [2600/3014 (86%)]	Loss: 0.045966
2020-09-30 12:42:44,823 - Train Epoch: 10 [2800/3014 (93%)]	Loss: 0.040140
2020-09-30 12:43:05,228 - Train Epoch: 10 [3000/3014 (99%)]	Loss: 0.046608
2020-09-30 12:43:06,268 - Starting Validation
2020-09-30 12:43:32,812 - ===> Validation set: Average loss: 0.3155	EER: 8.0000

2020-09-30 12:43:32,813 - #### End epoch 10/30, elapsed time: 334.1210900042206
2020-09-30 12:43:33,221 - Train Epoch: 11 [0/3014 (0%)]	Loss: 0.106283
2020-09-30 12:43:53,611 - Train Epoch: 11 [200/3014 (7%)]	Loss: 0.688612
2020-09-30 12:44:14,022 - Train Epoch: 11 [400/3014 (13%)]	Loss: 0.129747
2020-09-30 12:44:34,426 - Train Epoch: 11 [600/3014 (20%)]	Loss: 1.118665
2020-09-30 12:44:54,839 - Train Epoch: 11 [800/3014 (27%)]	Loss: 0.049798
2020-09-30 12:45:15,246 - Train Epoch: 11 [1000/3014 (33%)]	Loss: 1.035781
2020-09-30 12:45:35,657 - Train Epoch: 11 [1200/3014 (40%)]	Loss: 0.003930
2020-09-30 12:45:56,065 - Train Epoch: 11 [1400/3014 (46%)]	Loss: 0.024060
2020-09-30 12:46:16,479 - Train Epoch: 11 [1600/3014 (53%)]	Loss: 0.044487
2020-09-30 12:46:36,892 - Train Epoch: 11 [1800/3014 (60%)]	Loss: 0.842697
2020-09-30 12:46:57,304 - Train Epoch: 11 [2000/3014 (66%)]	Loss: 0.068521
2020-09-30 12:47:17,717 - Train Epoch: 11 [2200/3014 (73%)]	Loss: 0.820777
2020-09-30 12:47:38,127 - Train Epoch: 11 [2400/3014 (80%)]	Loss: 0.035390
2020-09-30 12:47:58,538 - Train Epoch: 11 [2600/3014 (86%)]	Loss: 0.214886
2020-09-30 12:48:18,950 - Train Epoch: 11 [2800/3014 (93%)]	Loss: 0.031119
2020-09-30 12:48:39,362 - Train Epoch: 11 [3000/3014 (99%)]	Loss: 0.026553
2020-09-30 12:48:40,402 - Starting Validation
2020-09-30 12:49:06,969 - ===> Validation set: Average loss: 0.2308	EER: 7.4737

2020-09-30 12:49:06,992 - Snapshot saved to snapshots/attention/attention-2020-09-30_11_47_54-model_best.pth

2020-09-30 12:49:06,992 - #### End epoch 11/30, elapsed time: 334.17901662550867
2020-09-30 12:49:07,399 - Train Epoch: 12 [0/3014 (0%)]	Loss: 0.078424
2020-09-30 12:49:27,800 - Train Epoch: 12 [200/3014 (7%)]	Loss: 0.007227
2020-09-30 12:49:48,208 - Train Epoch: 12 [400/3014 (13%)]	Loss: 0.028842
2020-09-30 12:50:08,614 - Train Epoch: 12 [600/3014 (20%)]	Loss: 0.033279
2020-09-30 12:50:29,027 - Train Epoch: 12 [800/3014 (27%)]	Loss: 0.073625
2020-09-30 12:50:49,437 - Train Epoch: 12 [1000/3014 (33%)]	Loss: 0.003379
2020-09-30 12:51:09,847 - Train Epoch: 12 [1200/3014 (40%)]	Loss: 0.095232
2020-09-30 12:51:30,267 - Train Epoch: 12 [1400/3014 (46%)]	Loss: 0.108924
2020-09-30 12:51:50,681 - Train Epoch: 12 [1600/3014 (53%)]	Loss: 0.005606
2020-09-30 12:52:11,090 - Train Epoch: 12 [1800/3014 (60%)]	Loss: 0.772324
2020-09-30 12:52:31,496 - Train Epoch: 12 [2000/3014 (66%)]	Loss: 0.007399
2020-09-30 12:52:51,901 - Train Epoch: 12 [2200/3014 (73%)]	Loss: 0.039865
2020-09-30 12:53:12,316 - Train Epoch: 12 [2400/3014 (80%)]	Loss: 0.036112
2020-09-30 12:53:32,724 - Train Epoch: 12 [2600/3014 (86%)]	Loss: 0.027820
2020-09-30 12:53:53,136 - Train Epoch: 12 [2800/3014 (93%)]	Loss: 0.029632
2020-09-30 12:54:13,546 - Train Epoch: 12 [3000/3014 (99%)]	Loss: 0.008065
2020-09-30 12:54:14,584 - Starting Validation
2020-09-30 12:54:41,147 - ===> Validation set: Average loss: 0.3005	EER: 8.8193

2020-09-30 12:54:41,149 - #### End epoch 12/30, elapsed time: 334.1567994877696
2020-09-30 12:54:41,556 - Train Epoch: 13 [0/3014 (0%)]	Loss: 0.056513
2020-09-30 12:55:01,958 - Train Epoch: 13 [200/3014 (7%)]	Loss: 0.025989
2020-09-30 12:55:22,368 - Train Epoch: 13 [400/3014 (13%)]	Loss: 0.688628
2020-09-30 12:55:42,767 - Train Epoch: 13 [600/3014 (20%)]	Loss: 0.003069
2020-09-30 12:56:03,163 - Train Epoch: 13 [800/3014 (27%)]	Loss: 0.027204
2020-09-30 12:56:23,567 - Train Epoch: 13 [1000/3014 (33%)]	Loss: 0.041667
2020-09-30 12:56:43,969 - Train Epoch: 13 [1200/3014 (40%)]	Loss: 0.004941
2020-09-30 12:57:04,372 - Train Epoch: 13 [1400/3014 (46%)]	Loss: 0.072491
2020-09-30 12:57:24,777 - Train Epoch: 13 [1600/3014 (53%)]	Loss: 0.003863
2020-09-30 12:57:45,189 - Train Epoch: 13 [1800/3014 (60%)]	Loss: 0.744664
2020-09-30 12:58:05,596 - Train Epoch: 13 [2000/3014 (66%)]	Loss: 0.003645
2020-09-30 12:58:26,004 - Train Epoch: 13 [2200/3014 (73%)]	Loss: 0.087794
2020-09-30 12:58:46,407 - Train Epoch: 13 [2400/3014 (80%)]	Loss: 0.019761
2020-09-30 12:59:06,814 - Train Epoch: 13 [2600/3014 (86%)]	Loss: 0.035991
2020-09-30 12:59:27,217 - Train Epoch: 13 [2800/3014 (93%)]	Loss: 0.004457
2020-09-30 12:59:47,617 - Train Epoch: 13 [3000/3014 (99%)]	Loss: 0.004621
2020-09-30 12:59:48,656 - Starting Validation
2020-09-30 13:00:15,194 - ===> Validation set: Average loss: 0.3489	EER: 10.0752

2020-09-30 13:00:15,196 - #### End epoch 13/30, elapsed time: 334.04682170040905
2020-09-30 13:00:15,604 - Train Epoch: 14 [0/3014 (0%)]	Loss: 0.021719
2020-09-30 13:00:36,010 - Train Epoch: 14 [200/3014 (7%)]	Loss: 0.005735
2020-09-30 13:00:56,415 - Train Epoch: 14 [400/3014 (13%)]	Loss: 0.002761
2020-09-30 13:01:16,821 - Train Epoch: 14 [600/3014 (20%)]	Loss: 0.836216
2020-09-30 13:01:37,224 - Train Epoch: 14 [800/3014 (27%)]	Loss: 0.017945
2020-09-30 13:01:57,643 - Train Epoch: 14 [1000/3014 (33%)]	Loss: 0.044792
2020-09-30 13:02:18,046 - Train Epoch: 14 [1200/3014 (40%)]	Loss: 0.010558
2020-09-30 13:02:38,459 - Train Epoch: 14 [1400/3014 (46%)]	Loss: 0.024789
2020-09-30 13:02:58,866 - Train Epoch: 14 [1600/3014 (53%)]	Loss: 0.012967
2020-09-30 13:03:19,275 - Train Epoch: 14 [1800/3014 (60%)]	Loss: 0.020154
2020-09-30 13:03:39,680 - Train Epoch: 14 [2000/3014 (66%)]	Loss: 0.002470
2020-09-30 13:04:00,079 - Train Epoch: 14 [2200/3014 (73%)]	Loss: 0.033741
2020-09-30 13:04:20,485 - Train Epoch: 14 [2400/3014 (80%)]	Loss: 0.065040
2020-09-30 13:04:40,903 - Train Epoch: 14 [2600/3014 (86%)]	Loss: 0.780779
2020-09-30 13:05:01,305 - Train Epoch: 14 [2800/3014 (93%)]	Loss: 0.011515
2020-09-30 13:05:21,717 - Train Epoch: 14 [3000/3014 (99%)]	Loss: 0.006779
2020-09-30 13:05:22,756 - Starting Validation
2020-09-30 13:05:49,326 - ===> Validation set: Average loss: 0.3244	EER: 8.6316

2020-09-30 13:05:49,328 - #### End epoch 14/30, elapsed time: 334.13206966407597
2020-09-30 13:05:49,737 - Train Epoch: 15 [0/3014 (0%)]	Loss: 0.753263
2020-09-30 13:06:10,131 - Train Epoch: 15 [200/3014 (7%)]	Loss: 0.723116
2020-09-30 13:06:30,537 - Train Epoch: 15 [400/3014 (13%)]	Loss: 0.037971
2020-09-30 13:06:50,945 - Train Epoch: 15 [600/3014 (20%)]	Loss: 0.005071
2020-09-30 13:07:11,353 - Train Epoch: 15 [800/3014 (27%)]	Loss: 0.003575
2020-09-30 13:07:31,755 - Train Epoch: 15 [1000/3014 (33%)]	Loss: 0.019896
2020-09-30 13:07:52,156 - Train Epoch: 15 [1200/3014 (40%)]	Loss: 0.022661
2020-09-30 13:08:12,562 - Train Epoch: 15 [1400/3014 (46%)]	Loss: 0.718609
2020-09-30 13:08:32,960 - Train Epoch: 15 [1600/3014 (53%)]	Loss: 0.019944
2020-09-30 13:08:53,365 - Train Epoch: 15 [1800/3014 (60%)]	Loss: 0.057677
2020-09-30 13:09:13,776 - Train Epoch: 15 [2000/3014 (66%)]	Loss: 0.073431
2020-09-30 13:09:34,194 - Train Epoch: 15 [2200/3014 (73%)]	Loss: 0.002658
2020-09-30 13:09:54,607 - Train Epoch: 15 [2400/3014 (80%)]	Loss: 0.039725
2020-09-30 13:10:15,003 - Train Epoch: 15 [2600/3014 (86%)]	Loss: 0.631547
2020-09-30 13:10:35,413 - Train Epoch: 15 [2800/3014 (93%)]	Loss: 0.175465
2020-09-30 13:10:55,815 - Train Epoch: 15 [3000/3014 (99%)]	Loss: 0.014713
2020-09-30 13:10:56,854 - Starting Validation
2020-09-30 13:11:23,433 - ===> Validation set: Average loss: 0.2635	EER: 8.4211

2020-09-30 13:11:23,435 - #### End epoch 15/30, elapsed time: 334.10638389736414
2020-09-30 13:11:23,843 - Train Epoch: 16 [0/3014 (0%)]	Loss: 0.006130
2020-09-30 13:11:44,244 - Train Epoch: 16 [200/3014 (7%)]	Loss: 0.005714
2020-09-30 13:12:04,647 - Train Epoch: 16 [400/3014 (13%)]	Loss: 0.002583
2020-09-30 13:12:25,061 - Train Epoch: 16 [600/3014 (20%)]	Loss: 0.004825
2020-09-30 13:12:45,473 - Train Epoch: 16 [800/3014 (27%)]	Loss: 0.014068
2020-09-30 13:13:05,882 - Train Epoch: 16 [1000/3014 (33%)]	Loss: 0.045926
2020-09-30 13:13:26,294 - Train Epoch: 16 [1200/3014 (40%)]	Loss: 0.023513
2020-09-30 13:13:46,705 - Train Epoch: 16 [1400/3014 (46%)]	Loss: 0.029771
2020-09-30 13:14:07,113 - Train Epoch: 16 [1600/3014 (53%)]	Loss: 0.014897
2020-09-30 13:14:27,520 - Train Epoch: 16 [1800/3014 (60%)]	Loss: 0.049627
2020-09-30 13:14:47,926 - Train Epoch: 16 [2000/3014 (66%)]	Loss: 0.028732
2020-09-30 13:15:08,331 - Train Epoch: 16 [2200/3014 (73%)]	Loss: 0.005008
2020-09-30 13:15:28,734 - Train Epoch: 16 [2400/3014 (80%)]	Loss: 0.004482
2020-09-30 13:15:49,148 - Train Epoch: 16 [2600/3014 (86%)]	Loss: 0.014780
2020-09-30 13:16:09,559 - Train Epoch: 16 [2800/3014 (93%)]	Loss: 0.022707
2020-09-30 13:16:29,964 - Train Epoch: 16 [3000/3014 (99%)]	Loss: 0.004426
2020-09-30 13:16:31,003 - Starting Validation
2020-09-30 13:16:57,581 - ===> Validation set: Average loss: 0.3705	EER: 8.4211

2020-09-30 13:16:57,582 - #### End epoch 16/30, elapsed time: 334.1476370729506
2020-09-30 13:16:57,582 - ===> loading best model for prediction
2020-09-30 13:16:57,631 - Starting evaluation
2020-09-30 13:20:24,970 - ===> Final predictions done. Here is a snippet
2020-09-30 13:20:24,970 - ===> evalidation set: Average loss: 0.8754	EER: 13.3078

2020-09-30 13:20:24,976 - ################## Success #########################
2020-09-30 13:20:24,976 - Total elapsed time: 5550.660529002547
