2020-10-28 19:20:22,501 - orignal model size (MB): 0.828236
2020-10-28 19:20:22,503 - # non-zero params before decomp: 185762
2020-10-28 19:20:25,160 - apply [cp] DECOMP with rank: 2
2020-10-28 19:20:25,181 - decomp-ed model size (MB): 0.144038
2020-10-28 19:20:25,183 - # non-zero params after decomp: 7930
2020-10-28 19:20:25,189 - ===> loading train and dev dataset
2020-10-28 19:20:25,194 - ### Model summary below###
 AttenResNet4(
  (pre): Sequential(
    (0): Sequential(
      (0): Conv2d(1, 2, kernel_size=(1, 1), stride=(1, 1), bias=False)
      (1): Conv2d(2, 2, kernel_size=(3, 3), stride=(1, 1), padding=(1, 1), groups=2, bias=False)
      (2): Conv2d(2, 16, kernel_size=(1, 1), stride=(1, 1))
    )
    (1): BatchNorm2d(16, eps=1e-05, momentum=0.1, affine=True, track_running_stats=True)
    (2): ReLU(inplace=True)
    (3): Sequential(
      (0): Conv2d(16, 2, kernel_size=(1, 1), stride=(1, 1), bias=False)
      (1): Conv2d(2, 2, kernel_size=(3, 3), stride=(1, 1), padding=(1, 1), groups=2, bias=False)
      (2): Conv2d(2, 16, kernel_size=(1, 1), stride=(1, 1))
    )
    (4): BatchNorm2d(16, eps=1e-05, momentum=0.1, affine=True, track_running_stats=True)
    (5): ReLU(inplace=True)
  )
  (down1): MaxPool2d(kernel_size=3, stride=(1, 1), padding=0, dilation=1, ceil_mode=False)
  (att1): Sequential(
    (0): Sequential(
      (0): Conv2d(16, 2, kernel_size=(1, 1), stride=(1, 1), bias=False)
      (1): Conv2d(2, 2, kernel_size=(3, 3), stride=(1, 1), padding=(1, 1), dilation=(4, 8), groups=2, bias=False)
      (2): Conv2d(2, 16, kernel_size=(1, 1), stride=(1, 1))
    )
    (1): BatchNorm2d(16, eps=1e-05, momentum=0.1, affine=True, track_running_stats=True)
    (2): ReLU(inplace=True)
  )
  (skip1): Sequential(
    (0): Sequential(
      (0): Conv2d(16, 2, kernel_size=(1, 1), stride=(1, 1), bias=False)
      (1): Conv2d(2, 2, kernel_size=(3, 3), stride=(1, 1), padding=(1, 1), groups=2, bias=False)
      (2): Conv2d(2, 16, kernel_size=(1, 1), stride=(1, 1))
    )
    (1): BatchNorm2d(16, eps=1e-05, momentum=0.1, affine=True, track_running_stats=True)
    (2): ReLU(inplace=True)
  )
  (down2): MaxPool2d(kernel_size=3, stride=(1, 1), padding=0, dilation=1, ceil_mode=False)
  (att2): Sequential(
    (0): Sequential(
      (0): Conv2d(16, 2, kernel_size=(1, 1), stride=(1, 1), bias=False)
      (1): Conv2d(2, 2, kernel_size=(3, 3), stride=(1, 1), padding=(1, 1), dilation=(8, 16), groups=2, bias=False)
      (2): Conv2d(2, 16, kernel_size=(1, 1), stride=(1, 1))
    )
    (1): BatchNorm2d(16, eps=1e-05, momentum=0.1, affine=True, track_running_stats=True)
    (2): ReLU(inplace=True)
  )
  (skip2): Sequential(
    (0): Sequential(
      (0): Conv2d(16, 2, kernel_size=(1, 1), stride=(1, 1), bias=False)
      (1): Conv2d(2, 2, kernel_size=(3, 3), stride=(1, 1), padding=(1, 1), groups=2, bias=False)
      (2): Conv2d(2, 16, kernel_size=(1, 1), stride=(1, 1))
    )
    (1): BatchNorm2d(16, eps=1e-05, momentum=0.1, affine=True, track_running_stats=True)
    (2): ReLU(inplace=True)
  )
  (down3): MaxPool2d(kernel_size=3, stride=(1, 1), padding=0, dilation=1, ceil_mode=False)
  (att3): Sequential(
    (0): Sequential(
      (0): Conv2d(16, 2, kernel_size=(1, 1), stride=(1, 1), bias=False)
      (1): Conv2d(2, 2, kernel_size=(3, 3), stride=(1, 1), padding=(1, 1), dilation=(16, 32), groups=2, bias=False)
      (2): Conv2d(2, 16, kernel_size=(1, 1), stride=(1, 1))
    )
    (1): BatchNorm2d(16, eps=1e-05, momentum=0.1, affine=True, track_running_stats=True)
    (2): ReLU(inplace=True)
  )
  (skip3): Sequential(
    (0): Sequential(
      (0): Conv2d(16, 2, kernel_size=(1, 1), stride=(1, 1), bias=False)
      (1): Conv2d(2, 2, kernel_size=(3, 3), stride=(1, 1), padding=(1, 1), groups=2, bias=False)
      (2): Conv2d(2, 16, kernel_size=(1, 1), stride=(1, 1))
    )
    (1): BatchNorm2d(16, eps=1e-05, momentum=0.1, affine=True, track_running_stats=True)
    (2): ReLU(inplace=True)
  )
  (down4): MaxPool2d(kernel_size=3, stride=(1, 1), padding=0, dilation=1, ceil_mode=False)
  (att4): Sequential(
    (0): Sequential(
      (0): Conv2d(16, 2, kernel_size=(1, 1), stride=(1, 1), bias=False)
      (1): Conv2d(2, 2, kernel_size=(3, 3), stride=(1, 1), padding=(1, 1), dilation=(32, 64), groups=2, bias=False)
      (2): Conv2d(2, 16, kernel_size=(1, 1), stride=(1, 1))
    )
    (1): BatchNorm2d(16, eps=1e-05, momentum=0.1, affine=True, track_running_stats=True)
    (2): ReLU(inplace=True)
  )
  (skip4): Sequential(
    (0): Sequential(
      (0): Conv2d(16, 2, kernel_size=(1, 1), stride=(1, 1), bias=False)
      (1): Conv2d(2, 2, kernel_size=(3, 3), stride=(1, 1), padding=(1, 1), groups=2, bias=False)
      (2): Conv2d(2, 16, kernel_size=(1, 1), stride=(1, 1))
    )
    (1): BatchNorm2d(16, eps=1e-05, momentum=0.1, affine=True, track_running_stats=True)
    (2): ReLU(inplace=True)
  )
  (down5): MaxPool2d(kernel_size=3, stride=(1, 2), padding=0, dilation=1, ceil_mode=False)
  (att5): Sequential(
    (0): Sequential(
      (0): Conv2d(16, 2, kernel_size=(1, 1), stride=(1, 1), bias=False)
      (1): Conv2d(2, 2, kernel_size=(3, 3), stride=(1, 1), padding=(1, 1), dilation=(64, 128), groups=2, bias=False)
      (2): Conv2d(2, 16, kernel_size=(1, 1), stride=(1, 1))
    )
    (1): BatchNorm2d(16, eps=1e-05, momentum=0.1, affine=True, track_running_stats=True)
    (2): ReLU(inplace=True)
    (3): Sequential(
      (0): Conv2d(16, 2, kernel_size=(1, 1), stride=(1, 1), bias=False)
      (1): Conv2d(2, 2, kernel_size=(3, 3), stride=(1, 1), padding=(1, 1), groups=2, bias=False)
      (2): Conv2d(2, 16, kernel_size=(1, 1), stride=(1, 1))
    )
    (4): BatchNorm2d(16, eps=1e-05, momentum=0.1, affine=True, track_running_stats=True)
    (5): ReLU(inplace=True)
  )
  (up5): UpsamplingBilinear2d(size=(137, 851), mode=bilinear)
  (att6): Sequential(
    (0): Sequential(
      (0): Conv2d(16, 2, kernel_size=(1, 1), stride=(1, 1), bias=False)
      (1): Conv2d(2, 2, kernel_size=(3, 3), stride=(1, 1), padding=(1, 1), groups=2, bias=False)
      (2): Conv2d(2, 16, kernel_size=(1, 1), stride=(1, 1))
    )
    (1): BatchNorm2d(16, eps=1e-05, momentum=0.1, affine=True, track_running_stats=True)
    (2): ReLU(inplace=True)
  )
  (up4): UpsamplingBilinear2d(size=(201, 979), mode=bilinear)
  (att7): Sequential(
    (0): Sequential(
      (0): Conv2d(16, 2, kernel_size=(1, 1), stride=(1, 1), bias=False)
      (1): Conv2d(2, 2, kernel_size=(3, 3), stride=(1, 1), padding=(1, 1), groups=2, bias=False)
      (2): Conv2d(2, 16, kernel_size=(1, 1), stride=(1, 1))
    )
    (1): BatchNorm2d(16, eps=1e-05, momentum=0.1, affine=True, track_running_stats=True)
    (2): ReLU(inplace=True)
  )
  (up3): UpsamplingBilinear2d(size=(233, 1043), mode=bilinear)
  (att8): Sequential(
    (0): Sequential(
      (0): Conv2d(16, 2, kernel_size=(1, 1), stride=(1, 1), bias=False)
      (1): Conv2d(2, 2, kernel_size=(3, 3), stride=(1, 1), padding=(1, 1), groups=2, bias=False)
      (2): Conv2d(2, 16, kernel_size=(1, 1), stride=(1, 1))
    )
    (1): BatchNorm2d(16, eps=1e-05, momentum=0.1, affine=True, track_running_stats=True)
    (2): ReLU(inplace=True)
  )
  (up2): UpsamplingBilinear2d(size=(249, 1075), mode=bilinear)
  (att9): Sequential(
    (0): Sequential(
      (0): Conv2d(16, 2, kernel_size=(1, 1), stride=(1, 1), bias=False)
      (1): Conv2d(2, 2, kernel_size=(3, 3), stride=(1, 1), padding=(1, 1), groups=2, bias=False)
      (2): Conv2d(2, 16, kernel_size=(1, 1), stride=(1, 1))
    )
    (1): BatchNorm2d(16, eps=1e-05, momentum=0.1, affine=True, track_running_stats=True)
    (2): ReLU(inplace=True)
  )
  (up1): UpsamplingBilinear2d(size=(257, 1091), mode=bilinear)
  (conv1): Sequential(
    (0): BatchNorm2d(16, eps=1e-05, momentum=0.1, affine=True, track_running_stats=True)
    (1): ReLU(inplace=True)
    (2): Sequential(
      (0): Conv2d(16, 2, kernel_size=(1, 1), stride=(1, 1), bias=False)
      (1): Conv2d(2, 2, kernel_size=(1, 1), stride=(1, 1), groups=2, bias=False)
      (2): Conv2d(2, 4, kernel_size=(1, 1), stride=(1, 1))
    )
    (3): BatchNorm2d(4, eps=1e-05, momentum=0.1, affine=True, track_running_stats=True)
    (4): ReLU(inplace=True)
    (5): Sequential(
      (0): Conv2d(4, 2, kernel_size=(1, 1), stride=(1, 1), bias=False)
      (1): Conv2d(2, 2, kernel_size=(1, 1), stride=(1, 1), groups=2, bias=False)
      (2): Conv2d(2, 1, kernel_size=(1, 1), stride=(1, 1))
    )
  )
  (soft): Sigmoid()
  (cnn1): Sequential(
    (0): Conv2d(1, 2, kernel_size=(1, 1), stride=(1, 1), bias=False)
    (1): Conv2d(2, 2, kernel_size=(3, 3), stride=(1, 1), padding=(1, 1), groups=2, bias=False)
    (2): Conv2d(2, 16, kernel_size=(1, 1), stride=(1, 1))
  )
  (bn1): BatchNorm2d(16, eps=1e-05, momentum=0.1, affine=True, track_running_stats=True)
  (re1): ReLU(inplace=True)
  (cnn2): Sequential(
    (0): Conv2d(16, 2, kernel_size=(1, 1), stride=(1, 1), bias=False)
    (1): Conv2d(2, 2, kernel_size=(3, 3), stride=(1, 1), padding=(1, 1), groups=2, bias=False)
    (2): Conv2d(2, 16, kernel_size=(1, 1), stride=(1, 1))
  )
  (bn2): BatchNorm2d(16, eps=1e-05, momentum=0.1, affine=True, track_running_stats=True)
  (re2): ReLU(inplace=True)
  (cnn3): Sequential(
    (0): Conv2d(16, 2, kernel_size=(1, 1), stride=(1, 1), bias=False)
    (1): Conv2d(2, 2, kernel_size=(3, 3), stride=(1, 1), padding=(1, 1), groups=2, bias=False)
    (2): Conv2d(2, 16, kernel_size=(1, 1), stride=(1, 1))
  )
  (mp1): MaxPool2d(kernel_size=(1, 2), stride=(1, 2), padding=0, dilation=1, ceil_mode=False)
  (cnn4): Sequential(
    (0): Conv2d(16, 2, kernel_size=(1, 1), stride=(1, 1), bias=False)
    (1): Conv2d(2, 2, kernel_size=(3, 3), stride=(1, 1), dilation=(2, 2), groups=2, bias=False)
    (2): Conv2d(2, 32, kernel_size=(1, 1), stride=(1, 1))
  )
  (bn3): BatchNorm2d(32, eps=1e-05, momentum=0.1, affine=True, track_running_stats=True)
  (re3): ReLU(inplace=True)
  (cnn5): Sequential(
    (0): Conv2d(32, 2, kernel_size=(1, 1), stride=(1, 1), bias=False)
    (1): Conv2d(2, 2, kernel_size=(3, 3), stride=(1, 1), padding=(1, 1), groups=2, bias=False)
    (2): Conv2d(2, 32, kernel_size=(1, 1), stride=(1, 1))
  )
  (bn4): BatchNorm2d(32, eps=1e-05, momentum=0.1, affine=True, track_running_stats=True)
  (re4): ReLU(inplace=True)
  (cnn6): Sequential(
    (0): Conv2d(32, 2, kernel_size=(1, 1), stride=(1, 1), bias=False)
    (1): Conv2d(2, 2, kernel_size=(3, 3), stride=(1, 1), padding=(1, 1), groups=2, bias=False)
    (2): Conv2d(2, 32, kernel_size=(1, 1), stride=(1, 1))
  )
  (mp2): MaxPool2d(kernel_size=(1, 2), stride=(1, 2), padding=0, dilation=1, ceil_mode=False)
  (cnn7): Sequential(
    (0): Conv2d(32, 2, kernel_size=(1, 1), stride=(1, 1), bias=False)
    (1): Conv2d(2, 2, kernel_size=(3, 3), stride=(1, 1), dilation=(4, 4), groups=2, bias=False)
    (2): Conv2d(2, 32, kernel_size=(1, 1), stride=(1, 1))
  )
  (bn5): BatchNorm2d(32, eps=1e-05, momentum=0.1, affine=True, track_running_stats=True)
  (re5): ReLU(inplace=True)
  (cnn8): Sequential(
    (0): Conv2d(32, 2, kernel_size=(1, 1), stride=(1, 1), bias=False)
    (1): Conv2d(2, 2, kernel_size=(3, 3), stride=(1, 1), padding=(1, 1), groups=2, bias=False)
    (2): Conv2d(2, 32, kernel_size=(1, 1), stride=(1, 1))
  )
  (bn6): BatchNorm2d(32, eps=1e-05, momentum=0.1, affine=True, track_running_stats=True)
  (re6): ReLU(inplace=True)
  (cnn9): Sequential(
    (0): Conv2d(32, 2, kernel_size=(1, 1), stride=(1, 1), bias=False)
    (1): Conv2d(2, 2, kernel_size=(3, 3), stride=(1, 1), padding=(1, 1), groups=2, bias=False)
    (2): Conv2d(2, 32, kernel_size=(1, 1), stride=(1, 1))
  )
  (mp3): MaxPool2d(kernel_size=(2, 2), stride=(2, 2), padding=0, dilation=1, ceil_mode=False)
  (cnn10): Sequential(
    (0): Conv2d(32, 2, kernel_size=(1, 1), stride=(1, 1), bias=False)
    (1): Conv2d(2, 2, kernel_size=(3, 3), stride=(1, 1), dilation=(4, 4), groups=2, bias=False)
    (2): Conv2d(2, 32, kernel_size=(1, 1), stride=(1, 1))
  )
  (bn12): BatchNorm2d(32, eps=1e-05, momentum=0.1, affine=True, track_running_stats=True)
  (re12): ReLU(inplace=True)
  (cnn11): Sequential(
    (0): Conv2d(32, 2, kernel_size=(1, 1), stride=(1, 1), bias=False)
    (1): Conv2d(2, 2, kernel_size=(3, 3), stride=(1, 1), padding=(1, 1), groups=2, bias=False)
    (2): Conv2d(2, 32, kernel_size=(1, 1), stride=(1, 1))
  )
  (bn13): BatchNorm2d(32, eps=1e-05, momentum=0.1, affine=True, track_running_stats=True)
  (re13): ReLU(inplace=True)
  (cnn12): Sequential(
    (0): Conv2d(32, 2, kernel_size=(1, 1), stride=(1, 1), bias=False)
    (1): Conv2d(2, 2, kernel_size=(3, 3), stride=(1, 1), padding=(1, 1), groups=2, bias=False)
    (2): Conv2d(2, 32, kernel_size=(1, 1), stride=(1, 1))
  )
  (mp4): MaxPool2d(kernel_size=(2, 2), stride=(2, 2), padding=0, dilation=1, ceil_mode=False)
  (cnn13): Sequential(
    (0): Conv2d(32, 2, kernel_size=(1, 1), stride=(1, 1), bias=False)
    (1): Conv2d(2, 2, kernel_size=(3, 3), stride=(1, 1), dilation=(8, 8), groups=2, bias=False)
    (2): Conv2d(2, 32, kernel_size=(1, 1), stride=(1, 1))
  )
  (bn14): BatchNorm2d(32, eps=1e-05, momentum=0.1, affine=True, track_running_stats=True)
  (re14): ReLU(inplace=True)
  (cnn14): Sequential(
    (0): Conv2d(32, 2, kernel_size=(1, 1), stride=(1, 1), bias=False)
    (1): Conv2d(2, 2, kernel_size=(3, 3), stride=(1, 1), padding=(1, 1), groups=2, bias=False)
    (2): Conv2d(2, 32, kernel_size=(1, 1), stride=(1, 1))
  )
  (bn15): BatchNorm2d(32, eps=1e-05, momentum=0.1, affine=True, track_running_stats=True)
  (re15): ReLU(inplace=True)
  (cnn15): Sequential(
    (0): Conv2d(32, 2, kernel_size=(1, 1), stride=(1, 1), bias=False)
    (1): Conv2d(2, 2, kernel_size=(3, 3), stride=(1, 1), padding=(1, 1), groups=2, bias=False)
    (2): Conv2d(2, 32, kernel_size=(1, 1), stride=(1, 1))
  )
  (mp5): MaxPool2d(kernel_size=(2, 2), stride=(2, 2), padding=0, dilation=1, ceil_mode=False)
  (cnn16): Sequential(
    (0): Conv2d(32, 2, kernel_size=(1, 1), stride=(1, 1), bias=False)
    (1): Conv2d(2, 2, kernel_size=(3, 3), stride=(1, 1), dilation=(8, 8), groups=2, bias=False)
    (2): Conv2d(2, 32, kernel_size=(1, 1), stride=(1, 1))
  )
  (ln1): Sequential(
    (0): Linear(in_features=768, out_features=2, bias=False)
    (1): Linear(in_features=2, out_features=32, bias=True)
  )
  (bn7): BatchNorm1d(32, eps=1e-05, momentum=0.1, affine=True, track_running_stats=True)
  (re7): ReLU(inplace=True)
  (ln2): Sequential(
    (0): Linear(in_features=32, out_features=2, bias=False)
    (1): Linear(in_features=2, out_features=32, bias=True)
  )
  (bn8): BatchNorm1d(32, eps=1e-05, momentum=0.1, affine=True, track_running_stats=True)
  (re8): ReLU(inplace=True)
  (ln3): Sequential(
    (0): Linear(in_features=32, out_features=2, bias=False)
    (1): Linear(in_features=2, out_features=32, bias=True)
  )
  (bn9): BatchNorm1d(32, eps=1e-05, momentum=0.1, affine=True, track_running_stats=True)
  (re9): ReLU(inplace=True)
  (ln4): Sequential(
    (0): Linear(in_features=32, out_features=2, bias=False)
    (1): Linear(in_features=2, out_features=32, bias=True)
  )
  (bn10): BatchNorm1d(32, eps=1e-05, momentum=0.1, affine=True, track_running_stats=True)
  (re10): ReLU(inplace=True)
  (ln5): Sequential(
    (0): Linear(in_features=32, out_features=2, bias=False)
    (1): Linear(in_features=2, out_features=32, bias=True)
  )
  (bn11): BatchNorm1d(32, eps=1e-05, momentum=0.1, affine=True, track_running_stats=True)
  (re11): ReLU(inplace=True)
  (ln6): Sequential(
    (0): Linear(in_features=32, out_features=2, bias=False)
    (1): Linear(in_features=2, out_features=1, bias=True)
  )
  (sigmoid): Sigmoid()
)

2020-10-28 19:20:25,195 - ===> Model total parameter: 7930

2020-10-28 19:20:25,670 - Train Epoch: 1 [0/3014 (0%)]	Loss: 1.872966
2020-10-28 19:20:38,314 - Train Epoch: 1 [200/3014 (7%)]	Loss: 0.460146
2020-10-28 19:20:50,957 - Train Epoch: 1 [400/3014 (13%)]	Loss: 0.638340
2020-10-28 19:21:03,601 - Train Epoch: 1 [600/3014 (20%)]	Loss: 0.689841
2020-10-28 19:21:16,255 - Train Epoch: 1 [800/3014 (27%)]	Loss: 0.698143
2020-10-28 19:21:28,898 - Train Epoch: 1 [1000/3014 (33%)]	Loss: 0.933874
2020-10-28 19:21:41,541 - Train Epoch: 1 [1200/3014 (40%)]	Loss: 0.575520
2020-10-28 19:21:54,183 - Train Epoch: 1 [1400/3014 (46%)]	Loss: 0.535715
2020-10-28 19:22:06,831 - Train Epoch: 1 [1600/3014 (53%)]	Loss: 0.411236
2020-10-28 19:22:19,476 - Train Epoch: 1 [1800/3014 (60%)]	Loss: 0.693436
2020-10-28 19:22:32,125 - Train Epoch: 1 [2000/3014 (66%)]	Loss: 0.293710
2020-10-28 19:22:44,772 - Train Epoch: 1 [2200/3014 (73%)]	Loss: 0.180314
2020-10-28 19:22:57,420 - Train Epoch: 1 [2400/3014 (80%)]	Loss: 0.266017
2020-10-28 19:23:10,067 - Train Epoch: 1 [2600/3014 (86%)]	Loss: 0.078070
2020-10-28 19:23:22,709 - Train Epoch: 1 [2800/3014 (93%)]	Loss: 0.545713
2020-10-28 19:23:35,353 - Train Epoch: 1 [3000/3014 (99%)]	Loss: 0.243277
2020-10-28 19:23:36,047 - Starting Validation
2020-10-28 19:23:50,976 - ===> Validation set: Average loss: 0.3921	EER: 14.4211

2020-10-28 19:23:51,003 - Snapshot saved to snapshots/attention/decomp-2020-10-14_21_53_09-rank2-cp-model_best.pth

2020-10-28 19:23:51,003 - #### End epoch 1/30, elapsed time: 205.80875055491924
2020-10-28 19:23:51,257 - Train Epoch: 2 [0/3014 (0%)]	Loss: 0.218381
2020-10-28 19:24:03,905 - Train Epoch: 2 [200/3014 (7%)]	Loss: 0.528056
2020-10-28 19:24:16,562 - Train Epoch: 2 [400/3014 (13%)]	Loss: 0.624990
2020-10-28 19:24:29,208 - Train Epoch: 2 [600/3014 (20%)]	Loss: 0.181626
2020-10-28 19:24:41,856 - Train Epoch: 2 [800/3014 (27%)]	Loss: 0.959348
2020-10-28 19:24:54,504 - Train Epoch: 2 [1000/3014 (33%)]	Loss: 1.296634
2020-10-28 19:25:07,154 - Train Epoch: 2 [1200/3014 (40%)]	Loss: 0.546267
2020-10-28 19:25:19,800 - Train Epoch: 2 [1400/3014 (46%)]	Loss: 0.067892
2020-10-28 19:25:32,451 - Train Epoch: 2 [1600/3014 (53%)]	Loss: 0.090813
2020-10-28 19:25:45,094 - Train Epoch: 2 [1800/3014 (60%)]	Loss: 0.526694
2020-10-28 19:25:57,741 - Train Epoch: 2 [2000/3014 (66%)]	Loss: 0.772762
2020-10-28 19:26:10,384 - Train Epoch: 2 [2200/3014 (73%)]	Loss: 0.225592
2020-10-28 19:26:23,033 - Train Epoch: 2 [2400/3014 (80%)]	Loss: 0.238162
2020-10-28 19:26:35,682 - Train Epoch: 2 [2600/3014 (86%)]	Loss: 0.668832
2020-10-28 19:26:48,329 - Train Epoch: 2 [2800/3014 (93%)]	Loss: 0.430371
2020-10-28 19:27:00,983 - Train Epoch: 2 [3000/3014 (99%)]	Loss: 0.131963
2020-10-28 19:27:01,677 - Starting Validation
2020-10-28 19:27:16,610 - ===> Validation set: Average loss: 0.3770	EER: 13.5789

2020-10-28 19:27:16,638 - Snapshot saved to snapshots/attention/decomp-2020-10-14_21_53_09-rank2-cp-model_best.pth

2020-10-28 19:27:16,638 - #### End epoch 2/30, elapsed time: 205.6349585270509
2020-10-28 19:27:16,892 - Train Epoch: 3 [0/3014 (0%)]	Loss: 0.127593
2020-10-28 19:27:29,537 - Train Epoch: 3 [200/3014 (7%)]	Loss: 0.229077
2020-10-28 19:27:42,181 - Train Epoch: 3 [400/3014 (13%)]	Loss: 0.521986
2020-10-28 19:27:54,827 - Train Epoch: 3 [600/3014 (20%)]	Loss: 0.834142
2020-10-28 19:28:07,477 - Train Epoch: 3 [800/3014 (27%)]	Loss: 1.009036
2020-10-28 19:28:20,123 - Train Epoch: 3 [1000/3014 (33%)]	Loss: 0.369603
2020-10-28 19:28:32,769 - Train Epoch: 3 [1200/3014 (40%)]	Loss: 0.240255
2020-10-28 19:28:45,411 - Train Epoch: 3 [1400/3014 (46%)]	Loss: 0.231745
2020-10-28 19:28:58,058 - Train Epoch: 3 [1600/3014 (53%)]	Loss: 0.255100
2020-10-28 19:29:10,708 - Train Epoch: 3 [1800/3014 (60%)]	Loss: 0.047073
2020-10-28 19:29:23,354 - Train Epoch: 3 [2000/3014 (66%)]	Loss: 0.115626
2020-10-28 19:29:35,996 - Train Epoch: 3 [2200/3014 (73%)]	Loss: 0.236032
2020-10-28 19:29:48,641 - Train Epoch: 3 [2400/3014 (80%)]	Loss: 0.405609
2020-10-28 19:30:01,291 - Train Epoch: 3 [2600/3014 (86%)]	Loss: 0.720782
2020-10-28 19:30:13,944 - Train Epoch: 3 [2800/3014 (93%)]	Loss: 0.152044
2020-10-28 19:30:26,586 - Train Epoch: 3 [3000/3014 (99%)]	Loss: 0.060078
2020-10-28 19:30:27,280 - Starting Validation
2020-10-28 19:30:42,202 - ===> Validation set: Average loss: 0.4417	EER: 13.8947

2020-10-28 19:30:42,204 - #### End epoch 3/30, elapsed time: 205.56570692616515
2020-10-28 19:30:42,458 - Train Epoch: 4 [0/3014 (0%)]	Loss: 0.103190
2020-10-28 19:30:55,105 - Train Epoch: 4 [200/3014 (7%)]	Loss: 0.141856
2020-10-28 19:31:07,752 - Train Epoch: 4 [400/3014 (13%)]	Loss: 0.839666
2020-10-28 19:31:20,401 - Train Epoch: 4 [600/3014 (20%)]	Loss: 0.054209
2020-10-28 19:31:33,043 - Train Epoch: 4 [800/3014 (27%)]	Loss: 0.087140
2020-10-28 19:31:45,690 - Train Epoch: 4 [1000/3014 (33%)]	Loss: 0.076223
2020-10-28 19:31:58,338 - Train Epoch: 4 [1200/3014 (40%)]	Loss: 0.803252
2020-10-28 19:32:10,985 - Train Epoch: 4 [1400/3014 (46%)]	Loss: 0.788588
2020-10-28 19:32:23,625 - Train Epoch: 4 [1600/3014 (53%)]	Loss: 0.063785
2020-10-28 19:32:36,264 - Train Epoch: 4 [1800/3014 (60%)]	Loss: 0.744273
2020-10-28 19:32:48,909 - Train Epoch: 4 [2000/3014 (66%)]	Loss: 0.200525
2020-10-28 19:33:01,555 - Train Epoch: 4 [2200/3014 (73%)]	Loss: 0.911068
2020-10-28 19:33:14,208 - Train Epoch: 4 [2400/3014 (80%)]	Loss: 0.057320
2020-10-28 19:33:26,852 - Train Epoch: 4 [2600/3014 (86%)]	Loss: 0.043942
2020-10-28 19:33:39,499 - Train Epoch: 4 [2800/3014 (93%)]	Loss: 0.049163
2020-10-28 19:33:52,145 - Train Epoch: 4 [3000/3014 (99%)]	Loss: 0.096521
2020-10-28 19:33:52,840 - Starting Validation
2020-10-28 19:34:07,761 - ===> Validation set: Average loss: 0.3779	EER: 13.0526

2020-10-28 19:34:07,788 - Snapshot saved to snapshots/attention/decomp-2020-10-14_21_53_09-rank2-cp-model_best.pth

2020-10-28 19:34:07,788 - #### End epoch 4/30, elapsed time: 205.58419882995076
2020-10-28 19:34:08,042 - Train Epoch: 5 [0/3014 (0%)]	Loss: 0.777682
2020-10-28 19:34:20,689 - Train Epoch: 5 [200/3014 (7%)]	Loss: 0.349676
2020-10-28 19:34:33,331 - Train Epoch: 5 [400/3014 (13%)]	Loss: 0.337996
2020-10-28 19:34:45,981 - Train Epoch: 5 [600/3014 (20%)]	Loss: 0.036921
2020-10-28 19:34:58,624 - Train Epoch: 5 [800/3014 (27%)]	Loss: 1.294616
2020-10-28 19:35:11,276 - Train Epoch: 5 [1000/3014 (33%)]	Loss: 0.153966
2020-10-28 19:35:23,923 - Train Epoch: 5 [1200/3014 (40%)]	Loss: 0.555713
2020-10-28 19:35:36,577 - Train Epoch: 5 [1400/3014 (46%)]	Loss: 0.019038
2020-10-28 19:35:49,225 - Train Epoch: 5 [1600/3014 (53%)]	Loss: 0.808797
2020-10-28 19:36:01,869 - Train Epoch: 5 [1800/3014 (60%)]	Loss: 0.285633
2020-10-28 19:36:14,523 - Train Epoch: 5 [2000/3014 (66%)]	Loss: 1.371388
2020-10-28 19:36:27,168 - Train Epoch: 5 [2200/3014 (73%)]	Loss: 0.139353
2020-10-28 19:36:39,819 - Train Epoch: 5 [2400/3014 (80%)]	Loss: 0.041748
2020-10-28 19:36:52,463 - Train Epoch: 5 [2600/3014 (86%)]	Loss: 0.526192
2020-10-28 19:37:05,114 - Train Epoch: 5 [2800/3014 (93%)]	Loss: 0.886992
2020-10-28 19:37:17,760 - Train Epoch: 5 [3000/3014 (99%)]	Loss: 0.075409
2020-10-28 19:37:18,454 - Starting Validation
2020-10-28 19:37:33,370 - ===> Validation set: Average loss: 0.3080	EER: 12.3684

2020-10-28 19:37:33,397 - Snapshot saved to snapshots/attention/decomp-2020-10-14_21_53_09-rank2-cp-model_best.pth

2020-10-28 19:37:33,398 - #### End epoch 5/30, elapsed time: 205.60919541004114
2020-10-28 19:37:33,652 - Train Epoch: 6 [0/3014 (0%)]	Loss: 0.122138
2020-10-28 19:37:46,296 - Train Epoch: 6 [200/3014 (7%)]	Loss: 0.486326
2020-10-28 19:37:58,941 - Train Epoch: 6 [400/3014 (13%)]	Loss: 0.019221
2020-10-28 19:38:11,592 - Train Epoch: 6 [600/3014 (20%)]	Loss: 0.680110
2020-10-28 19:38:24,231 - Train Epoch: 6 [800/3014 (27%)]	Loss: 0.044027
2020-10-28 19:38:36,876 - Train Epoch: 6 [1000/3014 (33%)]	Loss: 0.025457
2020-10-28 19:38:49,515 - Train Epoch: 6 [1200/3014 (40%)]	Loss: 0.027643
2020-10-28 19:39:02,164 - Train Epoch: 6 [1400/3014 (46%)]	Loss: 0.025496
2020-10-28 19:39:14,814 - Train Epoch: 6 [1600/3014 (53%)]	Loss: 0.139562
2020-10-28 19:39:27,462 - Train Epoch: 6 [1800/3014 (60%)]	Loss: 0.034761
2020-10-28 19:39:40,103 - Train Epoch: 6 [2000/3014 (66%)]	Loss: 0.603239
2020-10-28 19:39:52,748 - Train Epoch: 6 [2200/3014 (73%)]	Loss: 0.023671
2020-10-28 19:40:05,398 - Train Epoch: 6 [2400/3014 (80%)]	Loss: 0.044337
2020-10-28 19:40:18,044 - Train Epoch: 6 [2600/3014 (86%)]	Loss: 0.047150
2020-10-28 19:40:30,693 - Train Epoch: 6 [2800/3014 (93%)]	Loss: 0.066321
2020-10-28 19:40:43,339 - Train Epoch: 6 [3000/3014 (99%)]	Loss: 0.061070
2020-10-28 19:40:44,033 - Starting Validation
2020-10-28 19:40:58,962 - ===> Validation set: Average loss: 0.4791	EER: 11.6959

2020-10-28 19:40:58,989 - Snapshot saved to snapshots/attention/decomp-2020-10-14_21_53_09-rank2-cp-model_best.pth

2020-10-28 19:40:58,990 - #### End epoch 6/30, elapsed time: 205.59185408591293
2020-10-28 19:40:59,244 - Train Epoch: 7 [0/3014 (0%)]	Loss: 0.032960
2020-10-28 19:41:11,890 - Train Epoch: 7 [200/3014 (7%)]	Loss: 0.056067
2020-10-28 19:41:24,534 - Train Epoch: 7 [400/3014 (13%)]	Loss: 1.498662
2020-10-28 19:41:37,175 - Train Epoch: 7 [600/3014 (20%)]	Loss: 0.091731
2020-10-28 19:41:49,824 - Train Epoch: 7 [800/3014 (27%)]	Loss: 0.092411
2020-10-28 19:42:02,469 - Train Epoch: 7 [1000/3014 (33%)]	Loss: 0.046970
2020-10-28 19:42:15,117 - Train Epoch: 7 [1200/3014 (40%)]	Loss: 0.022022
2020-10-28 19:42:27,766 - Train Epoch: 7 [1400/3014 (46%)]	Loss: 0.038530
2020-10-28 19:42:40,408 - Train Epoch: 7 [1600/3014 (53%)]	Loss: 0.072703
2020-10-28 19:42:53,059 - Train Epoch: 7 [1800/3014 (60%)]	Loss: 0.084338
2020-10-28 19:43:05,704 - Train Epoch: 7 [2000/3014 (66%)]	Loss: 0.022933
2020-10-28 19:43:18,346 - Train Epoch: 7 [2200/3014 (73%)]	Loss: 0.069266
2020-10-28 19:43:30,996 - Train Epoch: 7 [2400/3014 (80%)]	Loss: 0.044962
2020-10-28 19:43:43,642 - Train Epoch: 7 [2600/3014 (86%)]	Loss: 0.077687
2020-10-28 19:43:56,289 - Train Epoch: 7 [2800/3014 (93%)]	Loss: 0.016542
2020-10-28 19:44:08,932 - Train Epoch: 7 [3000/3014 (99%)]	Loss: 0.065362
2020-10-28 19:44:09,626 - Starting Validation
2020-10-28 19:44:24,540 - ===> Validation set: Average loss: 0.4711	EER: 14.2105

2020-10-28 19:44:24,542 - #### End epoch 7/30, elapsed time: 205.55269329599105
2020-10-28 19:44:24,796 - Train Epoch: 8 [0/3014 (0%)]	Loss: 0.016171
2020-10-28 19:44:37,435 - Train Epoch: 8 [200/3014 (7%)]	Loss: 0.755740
2020-10-28 19:44:50,076 - Train Epoch: 8 [400/3014 (13%)]	Loss: 0.214547
2020-10-28 19:45:02,718 - Train Epoch: 8 [600/3014 (20%)]	Loss: 0.031211
2020-10-28 19:45:15,369 - Train Epoch: 8 [800/3014 (27%)]	Loss: 0.139817
2020-10-28 19:45:28,013 - Train Epoch: 8 [1000/3014 (33%)]	Loss: 0.022021
2020-10-28 19:45:40,655 - Train Epoch: 8 [1200/3014 (40%)]	Loss: 0.052397
2020-10-28 19:45:53,300 - Train Epoch: 8 [1400/3014 (46%)]	Loss: 1.097922
2020-10-28 19:46:05,943 - Train Epoch: 8 [1600/3014 (53%)]	Loss: 0.204738
2020-10-28 19:46:18,587 - Train Epoch: 8 [1800/3014 (60%)]	Loss: 0.021466
2020-10-28 19:46:31,230 - Train Epoch: 8 [2000/3014 (66%)]	Loss: 0.508572
2020-10-28 19:46:43,875 - Train Epoch: 8 [2200/3014 (73%)]	Loss: 0.687371
2020-10-28 19:46:56,518 - Train Epoch: 8 [2400/3014 (80%)]	Loss: 0.093333
2020-10-28 19:47:09,161 - Train Epoch: 8 [2600/3014 (86%)]	Loss: 0.017592
2020-10-28 19:47:21,804 - Train Epoch: 8 [2800/3014 (93%)]	Loss: 0.019509
2020-10-28 19:47:34,450 - Train Epoch: 8 [3000/3014 (99%)]	Loss: 0.083036
2020-10-28 19:47:35,144 - Starting Validation
2020-10-28 19:47:50,055 - ===> Validation set: Average loss: 0.3082	EER: 11.5789

2020-10-28 19:47:50,083 - Snapshot saved to snapshots/attention/decomp-2020-10-14_21_53_09-rank2-cp-model_best.pth

2020-10-28 19:47:50,083 - #### End epoch 8/30, elapsed time: 205.54058270016685
2020-10-28 19:47:50,337 - Train Epoch: 9 [0/3014 (0%)]	Loss: 0.661357
2020-10-28 19:48:02,983 - Train Epoch: 9 [200/3014 (7%)]	Loss: 0.959853
2020-10-28 19:48:15,635 - Train Epoch: 9 [400/3014 (13%)]	Loss: 0.018967
2020-10-28 19:48:28,279 - Train Epoch: 9 [600/3014 (20%)]	Loss: 0.105711
2020-10-28 19:48:40,923 - Train Epoch: 9 [800/3014 (27%)]	Loss: 0.021326
2020-10-28 19:48:53,567 - Train Epoch: 9 [1000/3014 (33%)]	Loss: 0.069917
2020-10-28 19:49:06,220 - Train Epoch: 9 [1200/3014 (40%)]	Loss: 0.197673
2020-10-28 19:49:18,866 - Train Epoch: 9 [1400/3014 (46%)]	Loss: 0.072105
2020-10-28 19:49:31,512 - Train Epoch: 9 [1600/3014 (53%)]	Loss: 0.051966
2020-10-28 19:49:44,156 - Train Epoch: 9 [1800/3014 (60%)]	Loss: 0.008385
2020-10-28 19:49:56,802 - Train Epoch: 9 [2000/3014 (66%)]	Loss: 0.012200
2020-10-28 19:50:09,449 - Train Epoch: 9 [2200/3014 (73%)]	Loss: 0.902035
2020-10-28 19:50:22,092 - Train Epoch: 9 [2400/3014 (80%)]	Loss: 0.069507
2020-10-28 19:50:34,736 - Train Epoch: 9 [2600/3014 (86%)]	Loss: 0.030305
2020-10-28 19:50:47,384 - Train Epoch: 9 [2800/3014 (93%)]	Loss: 0.015028
2020-10-28 19:51:00,034 - Train Epoch: 9 [3000/3014 (99%)]	Loss: 0.040141
2020-10-28 19:51:00,728 - Starting Validation
2020-10-28 19:51:15,676 - ===> Validation set: Average loss: 0.4160	EER: 12.1684

2020-10-28 19:51:15,678 - #### End epoch 9/30, elapsed time: 205.59546600887552
2020-10-28 19:51:15,933 - Train Epoch: 10 [0/3014 (0%)]	Loss: 0.023525
2020-10-28 19:51:28,580 - Train Epoch: 10 [200/3014 (7%)]	Loss: 0.121568
2020-10-28 19:51:41,229 - Train Epoch: 10 [400/3014 (13%)]	Loss: 0.143055
2020-10-28 19:51:53,877 - Train Epoch: 10 [600/3014 (20%)]	Loss: 0.181017
2020-10-28 19:52:06,531 - Train Epoch: 10 [800/3014 (27%)]	Loss: 0.088588
2020-10-28 19:52:19,178 - Train Epoch: 10 [1000/3014 (33%)]	Loss: 0.036224
2020-10-28 19:52:31,827 - Train Epoch: 10 [1200/3014 (40%)]	Loss: 0.747496
2020-10-28 19:52:44,472 - Train Epoch: 10 [1400/3014 (46%)]	Loss: 0.040595
2020-10-28 19:52:57,118 - Train Epoch: 10 [1600/3014 (53%)]	Loss: 0.008280
2020-10-28 19:53:09,768 - Train Epoch: 10 [1800/3014 (60%)]	Loss: 0.538936
2020-10-28 19:53:22,414 - Train Epoch: 10 [2000/3014 (66%)]	Loss: 0.065191
2020-10-28 19:53:35,065 - Train Epoch: 10 [2200/3014 (73%)]	Loss: 0.022934
2020-10-28 19:53:47,711 - Train Epoch: 10 [2400/3014 (80%)]	Loss: 0.644723
2020-10-28 19:54:00,360 - Train Epoch: 10 [2600/3014 (86%)]	Loss: 0.049312
2020-10-28 19:54:13,013 - Train Epoch: 10 [2800/3014 (93%)]	Loss: 0.016845
2020-10-28 19:54:25,659 - Train Epoch: 10 [3000/3014 (99%)]	Loss: 0.031433
2020-10-28 19:54:26,354 - Starting Validation
2020-10-28 19:54:41,297 - ===> Validation set: Average loss: 0.3648	EER: 11.8947

2020-10-28 19:54:41,299 - #### End epoch 10/30, elapsed time: 205.6206148529891
2020-10-28 19:54:41,553 - Train Epoch: 11 [0/3014 (0%)]	Loss: 0.025366
2020-10-28 19:54:54,201 - Train Epoch: 11 [200/3014 (7%)]	Loss: 0.059393
2020-10-28 19:55:06,855 - Train Epoch: 11 [400/3014 (13%)]	Loss: 0.445940
2020-10-28 19:55:19,501 - Train Epoch: 11 [600/3014 (20%)]	Loss: 0.433322
2020-10-28 19:55:32,147 - Train Epoch: 11 [800/3014 (27%)]	Loss: 1.015866
2020-10-28 19:55:44,790 - Train Epoch: 11 [1000/3014 (33%)]	Loss: 0.817442
2020-10-28 19:55:57,439 - Train Epoch: 11 [1200/3014 (40%)]	Loss: 0.032899
2020-10-28 19:56:10,086 - Train Epoch: 11 [1400/3014 (46%)]	Loss: 0.249515
2020-10-28 19:56:22,735 - Train Epoch: 11 [1600/3014 (53%)]	Loss: 0.692682
2020-10-28 19:56:35,382 - Train Epoch: 11 [1800/3014 (60%)]	Loss: 0.110805
2020-10-28 19:56:48,028 - Train Epoch: 11 [2000/3014 (66%)]	Loss: 0.032941
2020-10-28 19:57:00,675 - Train Epoch: 11 [2200/3014 (73%)]	Loss: 0.714519
2020-10-28 19:57:13,332 - Train Epoch: 11 [2400/3014 (80%)]	Loss: 0.912469
2020-10-28 19:57:25,981 - Train Epoch: 11 [2600/3014 (86%)]	Loss: 0.059712
2020-10-28 19:57:38,630 - Train Epoch: 11 [2800/3014 (93%)]	Loss: 0.188690
2020-10-28 19:57:51,277 - Train Epoch: 11 [3000/3014 (99%)]	Loss: 0.135108
2020-10-28 19:57:51,972 - Starting Validation
2020-10-28 19:58:06,914 - ===> Validation set: Average loss: 0.3237	EER: 9.7895

2020-10-28 19:58:06,970 - Snapshot saved to snapshots/attention/decomp-2020-10-14_21_53_09-rank2-cp-model_best.pth

2020-10-28 19:58:06,970 - #### End epoch 11/30, elapsed time: 205.6711088118609
2020-10-28 19:58:07,224 - Train Epoch: 12 [0/3014 (0%)]	Loss: 0.037039
2020-10-28 19:58:19,871 - Train Epoch: 12 [200/3014 (7%)]	Loss: 0.764791
2020-10-28 19:58:32,518 - Train Epoch: 12 [400/3014 (13%)]	Loss: 0.046839
2020-10-28 19:58:45,164 - Train Epoch: 12 [600/3014 (20%)]	Loss: 0.578576
2020-10-28 19:58:57,809 - Train Epoch: 12 [800/3014 (27%)]	Loss: 0.058522
2020-10-28 19:59:10,464 - Train Epoch: 12 [1000/3014 (33%)]	Loss: 0.075144
2020-10-28 19:59:23,108 - Train Epoch: 12 [1200/3014 (40%)]	Loss: 0.802274
2020-10-28 19:59:35,756 - Train Epoch: 12 [1400/3014 (46%)]	Loss: 0.473506
2020-10-28 19:59:48,399 - Train Epoch: 12 [1600/3014 (53%)]	Loss: 0.362562
2020-10-28 20:00:01,047 - Train Epoch: 12 [1800/3014 (60%)]	Loss: 0.101197
2020-10-28 20:00:13,700 - Train Epoch: 12 [2000/3014 (66%)]	Loss: 0.117656
2020-10-28 20:00:26,346 - Train Epoch: 12 [2200/3014 (73%)]	Loss: 0.008627
2020-10-28 20:00:38,993 - Train Epoch: 12 [2400/3014 (80%)]	Loss: 0.013203
2020-10-28 20:00:51,643 - Train Epoch: 12 [2600/3014 (86%)]	Loss: 0.060865
2020-10-28 20:01:04,291 - Train Epoch: 12 [2800/3014 (93%)]	Loss: 0.015778
2020-10-28 20:01:16,943 - Train Epoch: 12 [3000/3014 (99%)]	Loss: 0.082173
2020-10-28 20:01:17,638 - Starting Validation
2020-10-28 20:01:32,555 - ===> Validation set: Average loss: 0.3344	EER: 10.1316

2020-10-28 20:01:32,557 - #### End epoch 12/30, elapsed time: 205.586627996061
2020-10-28 20:01:32,811 - Train Epoch: 13 [0/3014 (0%)]	Loss: 0.041223
2020-10-28 20:01:45,459 - Train Epoch: 13 [200/3014 (7%)]	Loss: 0.038147
2020-10-28 20:01:58,106 - Train Epoch: 13 [400/3014 (13%)]	Loss: 0.016603
2020-10-28 20:02:10,757 - Train Epoch: 13 [600/3014 (20%)]	Loss: 0.035715
2020-10-28 20:02:23,408 - Train Epoch: 13 [800/3014 (27%)]	Loss: 0.199699
2020-10-28 20:02:36,057 - Train Epoch: 13 [1000/3014 (33%)]	Loss: 0.070706
2020-10-28 20:02:48,705 - Train Epoch: 13 [1200/3014 (40%)]	Loss: 0.012881
2020-10-28 20:03:01,353 - Train Epoch: 13 [1400/3014 (46%)]	Loss: 0.027251
2020-10-28 20:03:13,999 - Train Epoch: 13 [1600/3014 (53%)]	Loss: 0.026331
2020-10-28 20:03:26,648 - Train Epoch: 13 [1800/3014 (60%)]	Loss: 0.655888
2020-10-28 20:03:39,293 - Train Epoch: 13 [2000/3014 (66%)]	Loss: 0.078346
2020-10-28 20:03:51,940 - Train Epoch: 13 [2200/3014 (73%)]	Loss: 0.058641
2020-10-28 20:04:04,588 - Train Epoch: 13 [2400/3014 (80%)]	Loss: 0.018457
2020-10-28 20:04:17,239 - Train Epoch: 13 [2600/3014 (86%)]	Loss: 0.034047
2020-10-28 20:04:29,882 - Train Epoch: 13 [2800/3014 (93%)]	Loss: 0.148379
2020-10-28 20:04:42,526 - Train Epoch: 13 [3000/3014 (99%)]	Loss: 0.023351
2020-10-28 20:04:43,220 - Starting Validation
2020-10-28 20:04:58,140 - ===> Validation set: Average loss: 0.3983	EER: 10.0000

2020-10-28 20:04:58,142 - #### End epoch 13/30, elapsed time: 205.58485891111195
2020-10-28 20:04:58,396 - Train Epoch: 14 [0/3014 (0%)]	Loss: 0.030969
2020-10-28 20:05:11,056 - Train Epoch: 14 [200/3014 (7%)]	Loss: 0.952888
2020-10-28 20:05:23,707 - Train Epoch: 14 [400/3014 (13%)]	Loss: 0.017616
2020-10-28 20:05:36,353 - Train Epoch: 14 [600/3014 (20%)]	Loss: 0.018460
2020-10-28 20:05:49,002 - Train Epoch: 14 [800/3014 (27%)]	Loss: 0.013237
2020-10-28 20:06:01,647 - Train Epoch: 14 [1000/3014 (33%)]	Loss: 0.040848
2020-10-28 20:06:14,298 - Train Epoch: 14 [1200/3014 (40%)]	Loss: 0.018691
2020-10-28 20:06:26,947 - Train Epoch: 14 [1400/3014 (46%)]	Loss: 0.080597
2020-10-28 20:06:39,600 - Train Epoch: 14 [1600/3014 (53%)]	Loss: 0.026317
2020-10-28 20:06:52,243 - Train Epoch: 14 [1800/3014 (60%)]	Loss: 0.317222
2020-10-28 20:07:04,891 - Train Epoch: 14 [2000/3014 (66%)]	Loss: 0.015941
2020-10-28 20:07:17,537 - Train Epoch: 14 [2200/3014 (73%)]	Loss: 0.014955
2020-10-28 20:07:30,182 - Train Epoch: 14 [2400/3014 (80%)]	Loss: 0.111333
2020-10-28 20:07:42,829 - Train Epoch: 14 [2600/3014 (86%)]	Loss: 0.003445
2020-10-28 20:07:55,476 - Train Epoch: 14 [2800/3014 (93%)]	Loss: 0.021898
2020-10-28 20:08:08,125 - Train Epoch: 14 [3000/3014 (99%)]	Loss: 0.201487
2020-10-28 20:08:08,819 - Starting Validation
2020-10-28 20:08:23,739 - ===> Validation set: Average loss: 0.3785	EER: 9.4737

2020-10-28 20:08:23,766 - Snapshot saved to snapshots/attention/decomp-2020-10-14_21_53_09-rank2-cp-model_best.pth

2020-10-28 20:08:23,767 - #### End epoch 14/30, elapsed time: 205.62452948396094
2020-10-28 20:08:24,021 - Train Epoch: 15 [0/3014 (0%)]	Loss: 0.017539
2020-10-28 20:08:36,668 - Train Epoch: 15 [200/3014 (7%)]	Loss: 0.222092
2020-10-28 20:08:49,319 - Train Epoch: 15 [400/3014 (13%)]	Loss: 0.009301
2020-10-28 20:09:01,968 - Train Epoch: 15 [600/3014 (20%)]	Loss: 0.047527
2020-10-28 20:09:14,620 - Train Epoch: 15 [800/3014 (27%)]	Loss: 0.006526
2020-10-28 20:09:27,272 - Train Epoch: 15 [1000/3014 (33%)]	Loss: 0.034204
2020-10-28 20:09:39,917 - Train Epoch: 15 [1200/3014 (40%)]	Loss: 0.078282
2020-10-28 20:09:52,565 - Train Epoch: 15 [1400/3014 (46%)]	Loss: 0.077134
2020-10-28 20:10:05,212 - Train Epoch: 15 [1600/3014 (53%)]	Loss: 0.644539
2020-10-28 20:10:17,860 - Train Epoch: 15 [1800/3014 (60%)]	Loss: 0.019091
2020-10-28 20:10:30,504 - Train Epoch: 15 [2000/3014 (66%)]	Loss: 0.015890
2020-10-28 20:10:43,151 - Train Epoch: 15 [2200/3014 (73%)]	Loss: 0.023316
2020-10-28 20:10:55,801 - Train Epoch: 15 [2400/3014 (80%)]	Loss: 0.132862
2020-10-28 20:11:08,448 - Train Epoch: 15 [2600/3014 (86%)]	Loss: 0.286046
2020-10-28 20:11:21,098 - Train Epoch: 15 [2800/3014 (93%)]	Loss: 0.906281
2020-10-28 20:11:33,744 - Train Epoch: 15 [3000/3014 (99%)]	Loss: 0.003468
2020-10-28 20:11:34,439 - Starting Validation
2020-10-28 20:11:49,387 - ===> Validation set: Average loss: 0.2653	EER: 9.5906

2020-10-28 20:11:49,389 - #### End epoch 15/30, elapsed time: 205.6223015440628
2020-10-28 20:11:49,644 - Train Epoch: 16 [0/3014 (0%)]	Loss: 0.459459
2020-10-28 20:12:02,293 - Train Epoch: 16 [200/3014 (7%)]	Loss: 0.050028
2020-10-28 20:12:14,944 - Train Epoch: 16 [400/3014 (13%)]	Loss: 0.006933
2020-10-28 20:12:27,591 - Train Epoch: 16 [600/3014 (20%)]	Loss: 0.006867
2020-10-28 20:12:40,235 - Train Epoch: 16 [800/3014 (27%)]	Loss: 0.263202
2020-10-28 20:12:52,882 - Train Epoch: 16 [1000/3014 (33%)]	Loss: 0.182394
2020-10-28 20:13:05,527 - Train Epoch: 16 [1200/3014 (40%)]	Loss: 0.043872
2020-10-28 20:13:18,173 - Train Epoch: 16 [1400/3014 (46%)]	Loss: 0.023301
2020-10-28 20:13:30,817 - Train Epoch: 16 [1600/3014 (53%)]	Loss: 0.011663
2020-10-28 20:13:43,463 - Train Epoch: 16 [1800/3014 (60%)]	Loss: 0.027989
2020-10-28 20:13:56,109 - Train Epoch: 16 [2000/3014 (66%)]	Loss: 0.034918
2020-10-28 20:14:08,759 - Train Epoch: 16 [2200/3014 (73%)]	Loss: 0.007873
2020-10-28 20:14:21,409 - Train Epoch: 16 [2400/3014 (80%)]	Loss: 0.815338
2020-10-28 20:14:34,051 - Train Epoch: 16 [2600/3014 (86%)]	Loss: 0.726273
2020-10-28 20:14:46,698 - Train Epoch: 16 [2800/3014 (93%)]	Loss: 0.257022
2020-10-28 20:14:59,344 - Train Epoch: 16 [3000/3014 (99%)]	Loss: 0.209153
2020-10-28 20:15:00,038 - Starting Validation
2020-10-28 20:15:14,967 - ===> Validation set: Average loss: 0.3185	EER: 9.4737

2020-10-28 20:15:14,995 - Snapshot saved to snapshots/attention/decomp-2020-10-14_21_53_09-rank2-cp-model_best.pth

2020-10-28 20:15:14,995 - #### End epoch 16/30, elapsed time: 205.60612344299443
2020-10-28 20:15:15,249 - Train Epoch: 17 [0/3014 (0%)]	Loss: 0.162261
2020-10-28 20:15:27,894 - Train Epoch: 17 [200/3014 (7%)]	Loss: 0.017231
2020-10-28 20:15:40,540 - Train Epoch: 17 [400/3014 (13%)]	Loss: 0.075303
2020-10-28 20:15:53,190 - Train Epoch: 17 [600/3014 (20%)]	Loss: 0.011259
2020-10-28 20:16:05,837 - Train Epoch: 17 [800/3014 (27%)]	Loss: 0.004457
2020-10-28 20:16:18,483 - Train Epoch: 17 [1000/3014 (33%)]	Loss: 0.106898
2020-10-28 20:16:31,128 - Train Epoch: 17 [1200/3014 (40%)]	Loss: 0.012801
2020-10-28 20:16:43,778 - Train Epoch: 17 [1400/3014 (46%)]	Loss: 0.020781
2020-10-28 20:16:56,423 - Train Epoch: 17 [1600/3014 (53%)]	Loss: 0.510962
2020-10-28 20:17:09,068 - Train Epoch: 17 [1800/3014 (60%)]	Loss: 0.886511
2020-10-28 20:17:21,719 - Train Epoch: 17 [2000/3014 (66%)]	Loss: 0.041937
2020-10-28 20:17:34,361 - Train Epoch: 17 [2200/3014 (73%)]	Loss: 0.446654
2020-10-28 20:17:47,008 - Train Epoch: 17 [2400/3014 (80%)]	Loss: 0.913477
2020-10-28 20:17:59,662 - Train Epoch: 17 [2600/3014 (86%)]	Loss: 0.274441
2020-10-28 20:18:12,311 - Train Epoch: 17 [2800/3014 (93%)]	Loss: 0.329920
2020-10-28 20:18:24,961 - Train Epoch: 17 [3000/3014 (99%)]	Loss: 0.142797
2020-10-28 20:18:25,655 - Starting Validation
2020-10-28 20:18:40,588 - ===> Validation set: Average loss: 0.3116	EER: 10.0000

2020-10-28 20:18:40,590 - #### End epoch 17/30, elapsed time: 205.59457106003538
2020-10-28 20:18:40,844 - Train Epoch: 18 [0/3014 (0%)]	Loss: 0.008883
2020-10-28 20:18:53,492 - Train Epoch: 18 [200/3014 (7%)]	Loss: 1.097947
2020-10-28 20:19:06,145 - Train Epoch: 18 [400/3014 (13%)]	Loss: 0.034746
2020-10-28 20:19:18,794 - Train Epoch: 18 [600/3014 (20%)]	Loss: 0.110573
2020-10-28 20:19:31,441 - Train Epoch: 18 [800/3014 (27%)]	Loss: 0.081741
2020-10-28 20:19:44,089 - Train Epoch: 18 [1000/3014 (33%)]	Loss: 0.700006
2020-10-28 20:19:56,738 - Train Epoch: 18 [1200/3014 (40%)]	Loss: 0.689659
2020-10-28 20:20:09,386 - Train Epoch: 18 [1400/3014 (46%)]	Loss: 0.024928
2020-10-28 20:20:22,034 - Train Epoch: 18 [1600/3014 (53%)]	Loss: 0.318358
2020-10-28 20:20:34,684 - Train Epoch: 18 [1800/3014 (60%)]	Loss: 0.818265
2020-10-28 20:20:47,330 - Train Epoch: 18 [2000/3014 (66%)]	Loss: 0.717462
2020-10-28 20:20:59,981 - Train Epoch: 18 [2200/3014 (73%)]	Loss: 0.040469
2020-10-28 20:21:12,631 - Train Epoch: 18 [2400/3014 (80%)]	Loss: 0.584847
2020-10-28 20:21:25,291 - Train Epoch: 18 [2600/3014 (86%)]	Loss: 0.177616
2020-10-28 20:21:37,945 - Train Epoch: 18 [2800/3014 (93%)]	Loss: 0.057031
2020-10-28 20:21:50,593 - Train Epoch: 18 [3000/3014 (99%)]	Loss: 0.020013
2020-10-28 20:21:51,288 - Starting Validation
2020-10-28 20:22:06,231 - ===> Validation set: Average loss: 0.3924	EER: 10.3158

2020-10-28 20:22:06,234 - #### End epoch 18/30, elapsed time: 205.6437538228929
2020-10-28 20:22:06,488 - Train Epoch: 19 [0/3014 (0%)]	Loss: 0.046728
2020-10-28 20:22:19,136 - Train Epoch: 19 [200/3014 (7%)]	Loss: 0.020926
2020-10-28 20:22:31,785 - Train Epoch: 19 [400/3014 (13%)]	Loss: 0.002302
2020-10-28 20:22:44,430 - Train Epoch: 19 [600/3014 (20%)]	Loss: 0.015500
2020-10-28 20:22:57,081 - Train Epoch: 19 [800/3014 (27%)]	Loss: 0.730744
2020-10-28 20:23:09,727 - Train Epoch: 19 [1000/3014 (33%)]	Loss: 0.029729
2020-10-28 20:23:22,373 - Train Epoch: 19 [1200/3014 (40%)]	Loss: 0.017475
2020-10-28 20:23:35,021 - Train Epoch: 19 [1400/3014 (46%)]	Loss: 0.051254
2020-10-28 20:23:47,672 - Train Epoch: 19 [1600/3014 (53%)]	Loss: 0.038159
2020-10-28 20:24:00,320 - Train Epoch: 19 [1800/3014 (60%)]	Loss: 0.531710
2020-10-28 20:24:12,964 - Train Epoch: 19 [2000/3014 (66%)]	Loss: 0.016518
2020-10-28 20:24:25,614 - Train Epoch: 19 [2200/3014 (73%)]	Loss: 0.045950
2020-10-28 20:24:38,261 - Train Epoch: 19 [2400/3014 (80%)]	Loss: 0.188373
2020-10-28 20:24:50,912 - Train Epoch: 19 [2600/3014 (86%)]	Loss: 0.066833
2020-10-28 20:25:03,559 - Train Epoch: 19 [2800/3014 (93%)]	Loss: 0.049284
2020-10-28 20:25:16,205 - Train Epoch: 19 [3000/3014 (99%)]	Loss: 0.879382
2020-10-28 20:25:16,900 - Starting Validation
2020-10-28 20:25:31,809 - ===> Validation set: Average loss: 0.2989	EER: 9.8684

2020-10-28 20:25:31,811 - #### End epoch 19/30, elapsed time: 205.57762707700022
2020-10-28 20:25:32,066 - Train Epoch: 20 [0/3014 (0%)]	Loss: 0.595403
2020-10-28 20:25:44,713 - Train Epoch: 20 [200/3014 (7%)]	Loss: 0.009924
2020-10-28 20:25:57,359 - Train Epoch: 20 [400/3014 (13%)]	Loss: 1.785930
2020-10-28 20:26:10,007 - Train Epoch: 20 [600/3014 (20%)]	Loss: 0.013607
2020-10-28 20:26:22,658 - Train Epoch: 20 [800/3014 (27%)]	Loss: 0.675792
2020-10-28 20:26:35,308 - Train Epoch: 20 [1000/3014 (33%)]	Loss: 0.160865
2020-10-28 20:26:47,953 - Train Epoch: 20 [1200/3014 (40%)]	Loss: 0.031921
2020-10-28 20:27:00,598 - Train Epoch: 20 [1400/3014 (46%)]	Loss: 0.020993
2020-10-28 20:27:13,244 - Train Epoch: 20 [1600/3014 (53%)]	Loss: 0.014258
2020-10-28 20:27:25,902 - Train Epoch: 20 [1800/3014 (60%)]	Loss: 0.002981
2020-10-28 20:27:38,548 - Train Epoch: 20 [2000/3014 (66%)]	Loss: 0.862543
2020-10-28 20:27:51,200 - Train Epoch: 20 [2200/3014 (73%)]	Loss: 0.026862
2020-10-28 20:28:03,846 - Train Epoch: 20 [2400/3014 (80%)]	Loss: 0.283307
2020-10-28 20:28:16,496 - Train Epoch: 20 [2600/3014 (86%)]	Loss: 0.034817
2020-10-28 20:28:29,140 - Train Epoch: 20 [2800/3014 (93%)]	Loss: 0.660877
2020-10-28 20:28:41,786 - Train Epoch: 20 [3000/3014 (99%)]	Loss: 0.144576
2020-10-28 20:28:42,480 - Starting Validation
2020-10-28 20:28:57,393 - ===> Validation set: Average loss: 0.3648	EER: 9.7368

2020-10-28 20:28:57,395 - #### End epoch 20/30, elapsed time: 205.58357129897922
2020-10-28 20:28:57,649 - Train Epoch: 21 [0/3014 (0%)]	Loss: 0.012140
2020-10-28 20:29:10,300 - Train Epoch: 21 [200/3014 (7%)]	Loss: 0.018856
2020-10-28 20:29:22,954 - Train Epoch: 21 [400/3014 (13%)]	Loss: 0.085580
2020-10-28 20:29:35,597 - Train Epoch: 21 [600/3014 (20%)]	Loss: 0.026031
2020-10-28 20:29:48,244 - Train Epoch: 21 [800/3014 (27%)]	Loss: 0.021936
2020-10-28 20:30:00,893 - Train Epoch: 21 [1000/3014 (33%)]	Loss: 0.319560
2020-10-28 20:30:13,538 - Train Epoch: 21 [1200/3014 (40%)]	Loss: 0.018612
2020-10-28 20:30:26,189 - Train Epoch: 21 [1400/3014 (46%)]	Loss: 0.017444
2020-10-28 20:30:38,834 - Train Epoch: 21 [1600/3014 (53%)]	Loss: 0.733080
2020-10-28 20:30:51,488 - Train Epoch: 21 [1800/3014 (60%)]	Loss: 0.103339
2020-10-28 20:31:04,142 - Train Epoch: 21 [2000/3014 (66%)]	Loss: 0.835080
2020-10-28 20:31:16,787 - Train Epoch: 21 [2200/3014 (73%)]	Loss: 0.282502
2020-10-28 20:31:29,436 - Train Epoch: 21 [2400/3014 (80%)]	Loss: 0.058745
2020-10-28 20:31:42,087 - Train Epoch: 21 [2600/3014 (86%)]	Loss: 0.003158
2020-10-28 20:31:54,737 - Train Epoch: 21 [2800/3014 (93%)]	Loss: 0.775941
2020-10-28 20:32:07,386 - Train Epoch: 21 [3000/3014 (99%)]	Loss: 0.049686
2020-10-28 20:32:08,080 - Starting Validation
2020-10-28 20:32:22,997 - ===> Validation set: Average loss: 0.3030	EER: 9.7895

2020-10-28 20:32:22,999 - #### End epoch 21/30, elapsed time: 205.604527534917
2020-10-28 20:32:23,000 - #### Avg. training+validation time per epoch: 205.60969629409234
2020-10-28 20:32:23,000 - ################## Done fine-tuning decomp model ######################
2020-10-28 20:32:23,000 - Total elapsed time: 4322.201501348987
